TN:
SF:src\bindScrollHandler.ts
FN:5,bindScrollHandler
FN:14,(anonymous_1)
FN:34,(anonymous_2)
FNF:3
FNH:3
FNDA:4,bindScrollHandler
FNDA:6,(anonymous_1)
FNDA:1,(anonymous_2)
DA:5,3
DA:9,4
DA:10,4
DA:12,4
DA:14,4
DA:16,6
DA:17,6
DA:20,4
DA:24,4
DA:25,4
DA:26,4
DA:27,2
DA:28,2
DA:30,4
DA:33,4
DA:35,1
DA:36,1
DA:37,1
DA:39,1
DA:40,1
DA:41,1
LF:21
LH:21
BRDA:16,0,0,6
BRDA:16,0,1,4
BRDA:26,1,0,2
BRDA:26,2,0,4
BRDA:26,2,1,4
BRDA:26,2,2,2
BRDA:35,3,0,2
BRDA:35,3,1,2
BRDA:40,4,0,1
BRDA:40,4,1,1
BRF:10
BRH:10
end_of_record
TN:
SF:src\browser.ts
FN:2,(anonymous_0)
FNF:1
FNH:1
FNDA:1,(anonymous_0)
DA:1,2
DA:2,1
DA:5,2
LF:3
LH:3
BRF:0
BRH:0
end_of_record
TN:
SF:src\buildInputRules.ts
FN:15,shouldJoinOrderedList
FN:24,orderedListRule
FN:28,(anonymous_2)
FN:29,(anonymous_3)
FN:36,buildInputRules
FNF:5
FNH:4
FNDA:2,shouldJoinOrderedList
FNDA:7,orderedListRule
FNDA:1,(anonymous_2)
FNDA:0,(anonymous_3)
FNDA:7,buildInputRules
DA:1,2
DA:15,2
DA:16,2
DA:24,2
DA:25,7
DA:28,1
DA:29,0
DA:36,2
DA:37,7
DA:39,7
DA:40,7
LF:11
LH:10
BRDA:39,0,0,7
BRF:1
BRH:1
end_of_record
TN:
SF:src\canUseCSSFont.ts
FN:3,canUseCSSFont
FN:23,(anonymous_1)
FN:26,(anonymous_2)
FN:33,(anonymous_3)
FNF:4
FNH:4
FNDA:12,canUseCSSFont
FNDA:10,(anonymous_1)
FNDA:10,(anonymous_2)
FNDA:25,(anonymous_3)
DA:1,9
DA:3,9
DA:4,12
DA:6,12
DA:7,1
DA:10,11
DA:19,1
DA:20,1
DA:23,10
DA:26,10
DA:27,10
DA:28,0
DA:29,0
DA:32,10
DA:33,25
DA:34,10
DA:35,10
DA:36,10
DA:38,10
LF:19
LH:17
BRDA:6,0,0,1
BRDA:10,1,0,1
BRDA:11,2,0,11
BRDA:11,2,1,10
BRDA:11,2,2,10
BRDA:11,2,3,10
BRDA:27,3,0,0
BRF:7
BRH:6
end_of_record
TN:
SF:src\constants.ts
FNF:0
FNH:0
DA:9,14
DA:18,14
DA:20,14
LF:3
LH:3
BRF:0
BRH:0
end_of_record
TN:
SF:src\convertFromJSON.ts
FN:10,getEffectiveSchema
FNF:1
FNH:1
FNDA:4,getEffectiveSchema
DA:10,2
DA:15,4
DA:18,4
DA:20,4
DA:21,3
DA:22,3
DA:23,2
DA:24,2
DA:25,2
DA:28,2
DA:29,2
DA:35,4
LF:12
LH:12
BRDA:20,0,0,3
BRDA:22,1,0,2
BRDA:24,2,0,2
BRDA:28,3,0,2
BRF:4
BRH:4
end_of_record
TN:
SF:src\convertToCSSPTValue.ts
FN:6,convertToCSSPTValue
FNF:1
FNH:1
FNDA:12,convertToCSSPTValue
DA:1,6
DA:3,6
DA:4,6
DA:6,6
DA:7,12
DA:8,12
DA:9,4
DA:11,8
DA:12,8
DA:13,8
DA:14,3
DA:16,5
DA:17,1
DA:19,5
LF:14
LH:14
BRDA:8,0,0,4
BRDA:13,1,0,3
BRDA:13,2,0,8
BRDA:13,2,1,5
BRDA:16,3,0,1
BRF:5
BRH:5
end_of_record
TN:
SF:src\createEditorKeyMap.ts
FN:5,createEditorKeyMap
FNF:1
FNH:1
FNDA:1,createEditorKeyMap
DA:1,2
DA:2,2
DA:5,2
DA:6,1
LF:4
LH:4
BRF:0
BRH:0
end_of_record
TN:
SF:src\defaultEditorPlugins.ts
FN:18,(anonymous_1)
FN:31,(anonymous_2)
FNF:2
FNH:2
FNDA:2,(anonymous_1)
FNDA:2,(anonymous_2)
DA:3,2
DA:4,2
DA:5,2
DA:6,2
DA:7,2
DA:8,2
DA:9,2
DA:10,2
DA:11,2
DA:12,2
DA:15,2
DA:19,2
DA:32,2
LF:13
LH:13
BRF:0
BRH:0
end_of_record
TN:
SF:src\editorCommands.ts
FNF:0
FNH:0
DA:1,11
DA:2,11
DA:14,11
DA:15,11
DA:16,11
DA:17,11
DA:18,11
DA:19,11
DA:20,11
DA:21,11
DA:22,11
DA:23,11
DA:24,11
DA:25,11
DA:26,11
DA:27,11
DA:28,11
DA:29,11
DA:30,11
DA:31,11
DA:32,11
DA:33,11
DA:34,11
DA:35,11
DA:36,11
DA:37,11
DA:38,11
DA:39,11
DA:40,11
DA:41,11
DA:47,11
DA:48,11
DA:49,11
DA:50,11
DA:51,11
DA:52,11
DA:53,11
DA:54,11
DA:55,11
DA:56,11
DA:57,11
DA:58,11
DA:59,11
DA:60,11
DA:61,11
DA:62,11
DA:63,11
DA:64,11
DA:65,11
DA:66,11
DA:67,11
DA:68,11
DA:69,11
DA:70,11
DA:71,11
DA:72,11
DA:73,11
DA:74,11
DA:75,11
DA:76,11
DA:77,11
DA:78,11
DA:79,11
DA:80,11
DA:81,11
DA:82,11
DA:83,11
DA:84,11
DA:85,11
DA:86,11
DA:87,11
DA:88,11
DA:89,11
DA:90,11
DA:91,11
DA:92,11
DA:93,11
DA:94,11
LF:78
LH:78
BRF:0
BRH:0
end_of_record
TN:
SF:src\editorKeyMap.ts
FN:9,tooltip
FN:26,findShortcutByKeymap
FN:40,findKeymapByDescription
FN:41,(anonymous_4)
FN:47,findShortcutByDescription
FNF:5
FNH:0
FNDA:0,tooltip
FNDA:0,findShortcutByKeymap
FNDA:0,findKeymapByDescription
FNDA:0,(anonymous_4)
FNDA:0,findShortcutByDescription
DA:3,1
DA:5,1
DA:9,1
DA:10,0
DA:12,0
DA:13,0
DA:19,0
DA:21,0
DA:23,0
DA:26,1
DA:27,0
DA:28,0
DA:31,0
DA:33,1
DA:38,1
DA:40,1
DA:41,0
DA:42,0
DA:44,0
DA:47,1
DA:48,0
DA:49,0
DA:50,0
DA:52,0
LF:24
LH:8
BRDA:10,0,0,0
BRDA:12,1,0,0
BRDA:12,1,1,0
BRDA:27,2,0,0
BRDA:49,3,0,0
BRF:5
BRH:0
end_of_record
TN:
SF:src\editorMarks.ts
FN:37,updateEditorMarks
FNF:1
FNH:1
FNDA:2,updateEditorMarks
DA:4,2
DA:5,2
DA:6,2
DA:7,2
DA:8,2
DA:9,2
DA:26,2
DA:27,2
DA:28,2
DA:29,2
DA:30,2
DA:31,2
DA:32,2
DA:33,2
DA:34,2
DA:35,2
DA:37,2
DA:40,2
DA:41,2
DA:42,2
DA:43,2
DA:44,2
DA:45,2
DA:46,2
DA:47,2
DA:48,2
DA:49,2
DA:50,2
DA:51,2
DA:52,2
DA:53,2
DA:54,2
DA:56,2
LF:33
LH:33
BRF:0
BRH:0
end_of_record
TN:
SF:src\editorNodes.ts
FN:12,updateEditorNodes
FNF:1
FNH:1
FNDA:2,updateEditorNodes
DA:2,2
DA:3,2
DA:8,2
DA:10,2
DA:12,2
DA:15,2
DA:16,2
DA:17,2
DA:18,2
LF:9
LH:9
BRF:0
BRH:0
end_of_record
TN:
SF:src\findActionableCell.ts
FN:11,findActionableCellFromSelection
FN:21,(anonymous_1)
FN:41,findActionableCell
FNF:3
FNH:0
FNDA:0,findActionableCellFromSelection
FNDA:0,(anonymous_1)
FNDA:0,findActionableCell
DA:2,2
DA:3,2
DA:4,2
DA:14,0
DA:15,0
DA:16,0
DA:17,0
DA:19,0
DA:20,0
DA:21,0
DA:22,0
DA:23,0
DA:27,0
DA:28,0
DA:29,0
DA:33,0
DA:41,2
DA:42,0
DA:43,0
DA:44,0
DA:45,0
DA:46,0
DA:49,0
DA:51,0
DA:52,0
DA:53,0
DA:54,0
DA:57,0
DA:60,0
DA:61,0
DA:64,0
DA:68,0
DA:69,0
DA:72,0
LF:34
LH:4
BRDA:23,0,0,0
BRDA:24,1,0,0
BRDA:24,1,1,0
BRDA:24,1,2,0
BRDA:33,2,0,0
BRDA:33,2,1,0
BRDA:45,3,0,0
BRDA:45,4,0,0
BRDA:45,4,1,0
BRDA:51,5,0,0
BRDA:53,6,0,0
BRDA:57,7,0,0
BRDA:57,7,1,0
BRDA:57,7,2,0
BRDA:57,7,3,0
BRDA:60,8,0,0
BRDA:68,9,0,0
BRF:17
BRH:0
end_of_record
TN:
SF:src\findActiveFontSize.ts
FN:20,findActiveFontSize
FN:38,(anonymous_2)
FNF:2
FNH:2
FNDA:9,findActiveFontSize
FNDA:1,(anonymous_2)
DA:2,9
DA:4,9
DA:5,9
DA:8,9
DA:11,9
DA:20,9
DA:21,9
DA:22,9
DA:23,9
DA:24,9
DA:25,9
DA:26,1
DA:29,8
DA:30,8
DA:32,4
DA:38,4
DA:39,4
DA:42,4
DA:43,4
DA:44,1
DA:46,3
DA:47,1
DA:49,2
DA:50,2
DA:51,1
DA:53,1
DA:54,1
LF:27
LH:27
BRDA:25,0,0,1
BRDA:30,1,0,4
BRDA:32,2,0,4
BRDA:32,2,1,1
BRDA:32,2,2,1
BRDA:32,2,3,1
BRDA:32,2,4,1
BRDA:32,2,5,1
BRDA:39,3,0,1
BRDA:39,3,1,3
BRDA:39,4,0,1
BRDA:39,4,1,0
BRDA:43,5,0,1
BRDA:46,6,0,1
BRDA:50,7,0,1
BRDA:54,8,0,1
BRDA:54,8,1,0
BRF:17
BRH:15
end_of_record
TN:
SF:src\findActiveFontType.ts
FN:9,findActiveFontType
FN:25,(anonymous_2)
FNF:2
FNH:2
FNDA:6,findActiveFontType
FNDA:1,(anonymous_2)
DA:3,9
DA:4,9
DA:7,9
DA:9,9
DA:10,6
DA:11,6
DA:12,6
DA:13,1
DA:15,5
DA:17,5
DA:19,3
DA:25,3
DA:26,3
DA:29,2
DA:30,2
DA:31,2
DA:32,1
DA:35,1
LF:18
LH:18
BRDA:12,0,0,1
BRDA:17,1,0,3
BRDA:19,2,0,3
BRDA:19,2,1,1
BRDA:19,2,2,1
BRDA:19,2,3,1
BRDA:19,2,4,1
BRDA:19,2,5,1
BRDA:26,3,0,3
BRDA:26,3,1,1
BRDA:26,3,2,2
BRDA:30,4,0,2
BRDA:30,4,1,1
BRDA:31,5,0,1
BRF:14
BRH:14
end_of_record
TN:
SF:src\findActiveMark.ts
FN:3,findActiveMark
FN:13,(anonymous_1)
FNF:2
FNH:2
FNDA:7,findActiveMark
FNDA:4,(anonymous_1)
DA:3,10
DA:9,7
DA:10,7
DA:11,4
DA:13,4
DA:14,3
DA:16,3
DA:17,4
DA:18,4
DA:19,0
DA:20,0
DA:22,4
DA:23,4
DA:24,3
DA:26,1
DA:28,0
LF:16
LH:13
BRDA:10,0,0,4
BRDA:18,1,0,0
BRDA:18,2,0,4
BRDA:18,2,1,4
BRDA:23,3,0,3
BRF:5
BRH:4
end_of_record
TN:
SF:src\htmlElementToRect.ts
FN:8,htmlElementToRect
FNF:1
FNH:1
FNDA:4,htmlElementToRect
DA:8,12
DA:9,4
DA:10,4
LF:3
LH:3
BRF:0
BRH:0
end_of_record
TN:
SF:src\isEditorStateEmpty.ts
FN:5,isEditorStateEmpty
FN:13,(anonymous_1)
FNF:2
FNH:2
FNDA:14,isEditorStateEmpty
FNDA:9,(anonymous_1)
DA:3,3
DA:5,3
DA:6,14
DA:7,14
DA:8,14
DA:9,2
DA:10,2
DA:11,12
DA:12,11
DA:13,11
DA:14,9
DA:15,8
DA:16,8
DA:17,6
DA:18,6
DA:19,2
DA:21,1
DA:24,9
DA:26,11
DA:28,1
LF:20
LH:20
BRDA:8,0,0,2
BRDA:8,0,1,12
BRDA:10,1,0,2
BRDA:10,1,1,2
BRDA:11,2,0,11
BRDA:11,2,1,1
BRDA:14,3,0,8
BRDA:16,4,0,6
BRDA:16,4,1,2
BRDA:18,5,0,6
BRDA:18,5,1,5
BRDA:18,5,2,5
BRDA:19,6,0,1
BRF:13
BRH:13
end_of_record
TN:
SF:src\isElementFullyVisible.ts
FN:3,isElementFullyVisible
FNF:1
FNH:1
FNDA:6,isElementFullyVisible
DA:1,2
DA:3,2
DA:4,6
DA:6,6
DA:8,6
DA:9,2
DA:12,4
DA:13,1
DA:15,3
DA:16,1
DA:18,2
DA:19,1
DA:22,1
LF:13
LH:13
BRDA:6,0,0,5
BRDA:6,0,1,1
BRDA:6,1,0,6
BRDA:6,1,1,5
BRDA:8,2,0,2
BRDA:12,3,0,1
BRDA:15,4,0,1
BRDA:15,5,0,3
BRDA:15,5,1,1
BRDA:18,6,0,1
BRF:10
BRH:10
end_of_record
TN:
SF:src\isReactClass.ts
FN:1,isReactClass
FNF:1
FNH:1
FNDA:9,isReactClass
DA:1,2
DA:2,9
DA:3,4
DA:5,5
DA:6,5
DA:7,2
DA:9,3
LF:7
LH:7
BRDA:2,0,0,4
BRDA:6,1,0,2
BRF:2
BRH:2
end_of_record
TN:
SF:src\keyCodes.ts
FNF:0
FNH:0
DA:3,1
DA:4,1
DA:5,1
DA:6,1
DA:7,1
DA:8,1
DA:9,1
DA:10,1
LF:8
LH:8
BRF:0
BRH:0
end_of_record
TN:
SF:src\licit.tsx
FN:94,(anonymous_7)
FN:126,(anonymous_8)
FN:129,(anonymous_9)
FN:148,(anonymous_10)
FN:154,(anonymous_11)
FN:161,(anonymous_12)
FN:164,(anonymous_13)
FN:190,(anonymous_14)
FN:197,(anonymous_15)
FN:204,(anonymous_16)
FN:213,(anonymous_17)
FN:224,(anonymous_18)
FN:237,(anonymous_19)
FN:247,(anonymous_20)
FN:251,(anonymous_21)
FN:255,(anonymous_22)
FN:260,(anonymous_23)
FN:285,(anonymous_24)
FN:293,(anonymous_25)
FN:297,(anonymous_26)
FN:316,(anonymous_27)
FN:329,(anonymous_28)
FN:336,(anonymous_29)
FN:353,(anonymous_30)
FN:434,(anonymous_31)
FN:441,(anonymous_32)
FN:452,(anonymous_33)
FN:457,(anonymous_34)
FN:462,(anonymous_35)
FNF:29
FNH:0
FNDA:0,(anonymous_7)
FNDA:0,(anonymous_8)
FNDA:0,(anonymous_9)
FNDA:0,(anonymous_10)
FNDA:0,(anonymous_11)
FNDA:0,(anonymous_12)
FNDA:0,(anonymous_13)
FNDA:0,(anonymous_14)
FNDA:0,(anonymous_15)
FNDA:0,(anonymous_16)
FNDA:0,(anonymous_17)
FNDA:0,(anonymous_18)
FNDA:0,(anonymous_19)
FNDA:0,(anonymous_20)
FNDA:0,(anonymous_21)
FNDA:0,(anonymous_22)
FNDA:0,(anonymous_23)
FNDA:0,(anonymous_24)
FNDA:0,(anonymous_25)
FNDA:0,(anonymous_26)
FNDA:0,(anonymous_27)
FNDA:0,(anonymous_28)
FNDA:0,(anonymous_29)
FNDA:0,(anonymous_30)
FNDA:0,(anonymous_31)
FNDA:0,(anonymous_32)
FNDA:0,(anonymous_33)
FNDA:0,(anonymous_34)
FNDA:0,(anonymous_35)
DA:1,1
DA:2,1
DA:3,1
DA:4,1
DA:5,1
DA:6,1
DA:7,1
DA:8,1
DA:9,1
DA:10,1
DA:11,1
DA:12,1
DA:13,1
DA:14,1
DA:15,1
DA:16,1
DA:17,1
DA:18,1
DA:19,1
DA:20,1
DA:21,1
DA:22,1
DA:23,1
DA:24,1
DA:26,1
DA:27,1
DA:30,1
DA:31,1
DA:32,1
DA:33,1
DA:34,1
DA:35,1
DA:36,1
DA:37,1
DA:39,1
DA:86,1
DA:87,1
DA:88,1
DA:89,1
DA:90,1
DA:94,1
DA:100,0
DA:101,0
DA:103,0
DA:104,0
DA:105,0
DA:106,0
DA:107,0
DA:109,0
DA:117,0
DA:121,0
DA:123,0
DA:126,0
DA:127,0
DA:129,0
DA:130,0
DA:140,0
DA:146,0
DA:148,0
DA:154,1
DA:158,0
DA:159,0
DA:161,0
DA:162,0
DA:163,0
DA:164,0
DA:165,0
DA:166,0
DA:170,0
DA:172,0
DA:173,0
DA:175,0
DA:179,0
DA:183,0
DA:189,0
DA:191,0
DA:197,1
DA:202,0
DA:203,0
DA:204,0
DA:205,0
DA:206,0
DA:207,0
DA:210,0
DA:212,0
DA:213,0
DA:214,0
DA:219,0
DA:224,1
DA:230,0
DA:231,0
DA:232,0
DA:233,0
DA:234,0
DA:235,0
DA:236,0
DA:237,0
DA:238,0
DA:239,0
DA:247,1
DA:249,0
DA:250,0
DA:251,0
DA:252,0
DA:255,0
DA:257,0
DA:259,0
DA:260,0
DA:264,0
DA:267,0
DA:268,0
DA:269,0
DA:273,0
DA:279,0
DA:280,0
DA:285,1
DA:289,0
DA:293,0
DA:297,1
DA:301,0
DA:302,0
DA:303,0
DA:305,0
DA:306,0
DA:308,0
DA:312,0
DA:316,1
DA:323,0
DA:324,0
DA:325,0
DA:329,1
DA:331,0
DA:332,0
DA:336,1
DA:340,0
DA:353,1
DA:370,0
DA:376,0
DA:379,0
DA:380,0
DA:382,0
DA:383,0
DA:384,0
DA:385,0
DA:386,0
DA:387,0
DA:388,0
DA:389,0
DA:392,0
DA:393,0
DA:396,0
DA:397,0
DA:399,0
DA:400,0
DA:401,0
DA:420,0
DA:422,0
DA:423,0
DA:424,0
DA:426,0
DA:428,0
DA:436,0
DA:441,0
DA:443,0
DA:444,0
DA:445,0
DA:448,0
DA:451,0
DA:452,0
DA:454,0
DA:457,0
DA:459,0
DA:462,0
DA:464,0
DA:467,0
DA:468,0
DA:469,0
DA:470,0
DA:473,0
DA:491,0
LF:180
LH:51
BRDA:100,0,0,0
BRDA:100,1,0,0
BRDA:100,1,1,0
BRDA:103,2,0,0
BRDA:106,3,0,0
BRDA:121,4,0,0
BRDA:158,5,0,0
BRDA:165,6,0,0
BRDA:205,7,0,0
BRDA:213,8,0,0
BRDA:213,8,1,0
BRDA:231,9,0,0
BRDA:234,10,0,0
BRDA:238,11,0,0
BRDA:249,12,0,0
BRDA:250,13,0,0
BRDA:267,14,0,0
BRDA:279,15,0,0
BRDA:279,16,0,0
BRDA:279,16,1,0
BRDA:289,17,0,0
BRDA:301,18,0,0
BRDA:323,19,0,0
BRDA:331,20,0,0
BRDA:340,21,0,0
BRDA:340,21,1,0
BRDA:376,22,0,0
BRDA:376,22,1,0
BRDA:379,23,0,0
BRDA:379,23,1,0
BRDA:380,24,0,0
BRDA:380,24,1,0
BRDA:382,25,0,0
BRDA:382,25,1,0
BRDA:383,26,0,0
BRDA:383,26,1,0
BRDA:384,27,0,0
BRDA:384,27,1,0
BRDA:385,28,0,0
BRDA:385,28,1,0
BRDA:386,29,0,0
BRDA:386,29,1,0
BRDA:387,30,0,0
BRDA:387,30,1,0
BRDA:388,31,0,0
BRDA:388,31,1,0
BRDA:389,32,0,0
BRDA:389,32,1,0
BRDA:392,33,0,0
BRDA:392,33,1,0
BRDA:393,34,0,0
BRDA:393,34,1,0
BRDA:396,35,0,0
BRDA:396,35,1,0
BRDA:397,36,0,0
BRDA:397,36,1,0
BRDA:451,37,0,0
BRDA:451,37,1,0
BRF:58
BRH:0
end_of_record
TN:
SF:src\lookUpElement.ts
FN:1,lookUpElement
FNF:1
FNH:1
FNDA:6,lookUpElement
DA:1,2
DA:5,6
DA:6,9
DA:7,3
DA:9,6
DA:11,3
LF:6
LH:6
BRDA:5,0,0,12
BRDA:5,0,1,9
BRDA:6,1,0,3
BRF:3
BRH:3
end_of_record
TN:
SF:src\resizeObserver.ts
FN:38,onResizeObserve
FN:42,handleResizeObserverEntry
FN:45,(anonymous_3)
FN:49,observe
FN:66,unobserve
FN:78,(anonymous_6)
FNF:6
FNH:0
FNDA:0,onResizeObserve
FNDA:0,handleResizeObserverEntry
FNDA:0,(anonymous_3)
FNDA:0,observe
FNDA:0,unobserve
FNDA:0,(anonymous_6)
DA:1,2
DA:2,2
DA:34,2
DA:36,2
DA:39,0
DA:43,0
DA:44,0
DA:45,0
DA:46,0
DA:49,2
DA:53,0
DA:54,0
DA:55,0
DA:57,0
DA:58,0
DA:60,0
DA:61,0
DA:62,0
DA:66,2
DA:67,0
DA:68,0
DA:69,0
DA:71,0
DA:72,0
DA:74,0
DA:77,0
DA:78,0
DA:80,0
DA:81,0
DA:83,0
DA:87,0
DA:90,0
DA:96,0
DA:97,0
DA:101,2
LF:35
LH:7
BRDA:46,0,0,0
BRDA:46,0,1,0
BRDA:54,1,0,0
BRDA:54,1,1,0
BRDA:55,2,0,0
BRDA:55,2,1,0
BRDA:68,3,0,0
BRDA:74,4,0,0
BRDA:74,4,1,0
BRDA:77,5,0,0
BRDA:77,5,1,0
BRDA:80,6,0,0
BRDA:80,6,1,0
BRDA:80,7,0,0
BRDA:80,7,1,0
BRDA:90,8,0,0
BRF:16
BRH:0
end_of_record
TN:
SF:src\sanitizeURL.ts
FN:3,sanitizeURL
FNF:1
FNH:1
FNDA:5,sanitizeURL
DA:1,14
DA:3,14
DA:4,5
DA:5,1
DA:7,4
DA:8,2
DA:10,2
LF:7
LH:7
BRDA:4,0,0,1
BRDA:7,1,0,2
BRF:2
BRH:2
end_of_record
TN:
SF:src\splitListItem.ts
FN:60,splitListItem
FN:113,splitEmptyListItem
FNF:2
FNH:0
FNDA:0,splitListItem
FNDA:0,splitEmptyListItem
DA:1,12
DA:2,12
DA:3,12
DA:4,12
DA:5,12
DA:11,12
DA:60,12
DA:64,0
DA:65,0
DA:66,0
DA:69,0
DA:70,0
DA:71,0
DA:74,0
DA:75,0
DA:76,0
DA:79,0
DA:80,0
DA:81,0
DA:84,0
DA:86,0
DA:90,0
DA:94,0
DA:95,0
DA:96,0
DA:97,0
DA:100,0
DA:114,0
DA:115,0
DA:116,0
DA:117,0
DA:118,0
DA:120,0
DA:122,0
DA:125,0
DA:127,0
DA:131,0
DA:136,0
DA:138,0
DA:141,0
DA:142,0
DA:143,0
DA:144,0
DA:154,0
DA:159,0
DA:160,0
DA:161,0
DA:162,0
DA:177,0
DA:178,0
DA:179,0
DA:181,0
DA:182,0
DA:183,0
DA:184,0
DA:185,0
DA:186,0
DA:187,0
DA:188,0
DA:191,0
DA:192,0
DA:193,0
DA:194,0
DA:195,0
DA:196,0
DA:199,0
LF:66
LH:7
BRDA:65,0,0,0
BRDA:70,1,0,0
BRDA:75,2,0,0
BRDA:75,3,0,0
BRDA:75,3,1,0
BRDA:75,3,2,0
BRDA:75,3,3,0
BRDA:80,4,0,0
BRDA:84,5,0,0
BRDA:90,6,0,0
BRDA:90,6,1,0
BRDA:95,7,0,0
BRDA:95,7,1,0
BRDA:96,8,0,0
BRDA:118,9,0,0
BRDA:118,10,0,0
BRDA:118,10,1,0
BRDA:125,11,0,0
BRDA:125,12,0,0
BRDA:125,12,1,0
BRDA:131,13,0,0
BRDA:131,13,1,0
BRDA:131,13,2,0
BRDA:131,13,3,0
BRDA:136,14,0,0
BRDA:144,15,0,0
BRDA:145,16,0,0
BRDA:145,16,1,0
BRDA:145,16,2,0
BRDA:160,17,0,0
BRDA:186,18,0,0
BRF:31
BRH:0
end_of_record
TN:
SF:src\svg.d.ts
FNF:0
FNH:0
LF:0
LH:0
BRF:0
BRH:0
end_of_record
TN:
SF:src\toCSSColor.ts
FN:13,isTransparent
FN:21,toCSSColor
FNF:2
FNH:2
FNDA:6,isTransparent
FNDA:14,toCSSColor
DA:3,3
DA:5,3
DA:6,3
DA:8,3
DA:13,3
DA:14,6
DA:15,3
DA:17,3
DA:18,3
DA:21,3
DA:22,14
DA:23,3
DA:25,11
DA:26,7
DA:29,4
DA:30,2
DA:31,2
DA:32,1
DA:33,1
DA:35,1
DA:36,1
DA:37,1
DA:40,2
DA:41,2
DA:42,2
DA:43,1
DA:45,1
DA:46,1
DA:48,2
DA:51,3
LF:30
LH:30
BRDA:14,0,0,3
BRDA:18,1,0,3
BRDA:18,1,1,3
BRDA:22,2,0,3
BRDA:25,3,0,7
BRDA:29,4,0,2
BRDA:29,5,0,4
BRDA:29,5,1,4
BRDA:31,6,0,1
BRF:9
BRH:9
end_of_record
TN:
SF:src\toCSSLineSpacing.ts
FN:13,toCSSLineSpacing
FNF:1
FNH:1
FNDA:14,toCSSLineSpacing
DA:3,5
DA:4,5
DA:5,5
DA:6,5
DA:8,5
DA:13,5
DA:14,14
DA:15,3
DA:18,11
DA:21,11
DA:22,4
DA:23,4
DA:36,11
DA:37,2
DA:40,9
DA:41,1
DA:44,8
DA:45,3
DA:48,5
DA:49,2
DA:53,3
LF:21
LH:21
BRDA:14,0,0,3
BRDA:21,1,0,4
BRDA:36,2,0,2
BRDA:40,3,0,1
BRDA:44,4,0,3
BRDA:48,5,0,2
BRF:6
BRH:6
end_of_record
TN:
SF:src\toClosestFontPtSize.ts
FN:8,toClosestFontPtSize
FN:17,(anonymous_2)
FNF:2
FNH:2
FNDA:5,toClosestFontPtSize
FNDA:56,(anonymous_2)
DA:6,3
DA:8,3
DA:10,5
DA:11,5
DA:13,5
DA:14,1
DA:17,4
DA:18,56
LF:8
LH:8
BRDA:13,0,0,1
BRDA:18,1,0,21
BRDA:18,1,1,35
BRF:3
BRH:3
end_of_record
TN:
SF:src\toHexColor.ts
FN:8,toHexColor
FNF:1
FNH:1
FNDA:10,toHexColor
DA:1,1
DA:3,1
DA:8,1
DA:9,10
DA:10,2
DA:12,8
DA:13,3
DA:15,5
DA:16,5
DA:17,5
DA:18,4
DA:20,1
DA:21,1
DA:23,5
LF:14
LH:14
BRDA:9,0,0,2
BRDA:12,1,0,3
BRF:2
BRH:2
end_of_record
TN:
SF:src\commands\docLayoutCommand.ts
FN:14,setDocLayout
FN:33,(anonymous_2)
FN:37,(anonymous_3)
FN:41,(anonymous_4)
FN:45,(anonymous_5)
FN:57,(anonymous_6)
FN:63,(anonymous_7)
FN:73,(anonymous_8)
FN:95,(anonymous_9)
FN:98,(anonymous_10)
FNF:10
FNH:10
FNDA:2,setDocLayout
FNDA:2,(anonymous_2)
FNDA:1,(anonymous_3)
FNDA:1,(anonymous_4)
FNDA:2,(anonymous_5)
FNDA:1,(anonymous_6)
FNDA:1,(anonymous_7)
FNDA:2,(anonymous_8)
FNDA:1,(anonymous_9)
FNDA:1,(anonymous_10)
DA:7,12
DA:8,12
DA:9,12
DA:20,2
DA:21,2
DA:22,1
DA:25,1
DA:26,1
DA:27,1
DA:31,12
DA:33,12
DA:34,2
DA:37,12
DA:38,1
DA:41,12
DA:42,1
DA:45,12
DA:51,2
DA:52,1
DA:55,1
DA:57,1
DA:58,1
DA:61,1
DA:64,1
DA:65,1
DA:66,1
DA:73,12
DA:79,2
DA:80,2
DA:81,2
DA:82,2
DA:84,2
DA:85,2
DA:86,2
DA:88,2
DA:89,2
DA:92,2
DA:96,1
DA:99,1
DA:103,12
LF:40
LH:40
BRDA:21,0,0,1
BRDA:25,1,0,1
BRDA:25,1,1,0
BRDA:26,2,0,1
BRDA:26,2,1,1
BRDA:51,3,0,1
BRDA:64,4,0,1
BRDA:79,5,0,2
BRDA:84,6,0,2
BRDA:89,7,0,2
BRDA:89,7,1,2
BRF:11
BRH:10
end_of_record
TN:
SF:src\commands\historyRedoCommand.ts
FN:9,(anonymous_0)
FN:13,(anonymous_1)
FN:18,(anonymous_2)
FN:31,(anonymous_3)
FN:33,(anonymous_4)
FN:35,(anonymous_5)
FN:39,(anonymous_6)
FNF:7
FNH:7
FNDA:2,(anonymous_0)
FNDA:5,(anonymous_1)
FNDA:4,(anonymous_2)
FNDA:2,(anonymous_3)
FNDA:2,(anonymous_4)
FNDA:2,(anonymous_5)
FNDA:2,(anonymous_6)
DA:5,13
DA:9,32
DA:10,2
DA:13,32
DA:14,5
DA:15,5
DA:18,32
DA:23,4
DA:24,4
DA:25,2
DA:26,2
DA:28,2
DA:31,32
DA:33,32
DA:35,32
DA:36,2
DA:39,32
DA:42,13
LF:18
LH:18
BRDA:10,0,0,2
BRDA:10,0,1,1
BRDA:15,1,0,5
BRDA:15,1,1,3
BRDA:24,2,0,2
BRF:5
BRH:5
end_of_record
TN:
SF:src\commands\historyUndoCommand.ts
FN:10,(anonymous_0)
FN:14,(anonymous_1)
FN:24,(anonymous_2)
FN:32,(anonymous_3)
FN:35,(anonymous_4)
FN:38,(anonymous_5)
FN:41,(anonymous_6)
FNF:7
FNH:7
FNDA:1,(anonymous_0)
FNDA:2,(anonymous_1)
FNDA:2,(anonymous_2)
FNDA:1,(anonymous_3)
FNDA:1,(anonymous_4)
FNDA:1,(anonymous_5)
FNDA:1,(anonymous_6)
DA:5,12
DA:10,12
DA:11,1
DA:14,12
DA:15,2
DA:16,2
DA:17,1
DA:20,1
DA:24,12
DA:29,2
DA:33,1
DA:36,1
DA:39,1
DA:42,1
DA:46,12
LF:15
LH:15
BRDA:16,0,0,1
BRDA:16,0,1,1
BRF:2
BRH:2
end_of_record
TN:
SF:src\commands\horizontalRuleCommand.ts
FN:10,(anonymous_0)
FN:14,(anonymous_1)
FN:18,(anonymous_2)
FN:26,(anonymous_3)
FN:29,(anonymous_4)
FN:32,(anonymous_5)
FN:35,(anonymous_6)
FNF:7
FNH:7
FNDA:1,(anonymous_0)
FNDA:1,(anonymous_1)
FNDA:1,(anonymous_2)
FNDA:1,(anonymous_3)
FNDA:1,(anonymous_4)
FNDA:1,(anonymous_5)
FNDA:1,(anonymous_6)
DA:5,12
DA:10,12
DA:11,1
DA:14,12
DA:15,1
DA:18,12
DA:23,1
DA:27,1
DA:30,1
DA:33,1
DA:36,1
DA:40,12
LF:12
LH:12
BRF:0
BRH:0
end_of_record
TN:
SF:src\commands\indentLessCommand.ts
FN:10,(anonymous_0)
FN:14,(anonymous_1)
FN:18,(anonymous_2)
FN:26,(anonymous_3)
FN:29,(anonymous_4)
FN:32,(anonymous_5)
FN:35,(anonymous_6)
FNF:7
FNH:7
FNDA:1,(anonymous_0)
FNDA:1,(anonymous_1)
FNDA:1,(anonymous_2)
FNDA:1,(anonymous_3)
FNDA:1,(anonymous_4)
FNDA:1,(anonymous_5)
FNDA:1,(anonymous_6)
DA:5,12
DA:10,12
DA:11,1
DA:14,12
DA:15,1
DA:18,12
DA:23,1
DA:27,1
DA:30,1
DA:33,1
DA:36,1
DA:40,12
LF:12
LH:12
BRF:0
BRH:0
end_of_record
TN:
SF:src\commands\indentMoreCommand.ts
FN:10,(anonymous_0)
FN:14,(anonymous_1)
FN:18,(anonymous_2)
FN:26,(anonymous_3)
FN:29,(anonymous_4)
FN:32,(anonymous_5)
FN:35,(anonymous_6)
FNF:7
FNH:7
FNDA:1,(anonymous_0)
FNDA:1,(anonymous_1)
FNDA:1,(anonymous_2)
FNDA:1,(anonymous_3)
FNDA:1,(anonymous_4)
FNDA:1,(anonymous_5)
FNDA:1,(anonymous_6)
DA:5,12
DA:10,12
DA:11,1
DA:14,12
DA:15,1
DA:18,12
DA:23,1
DA:27,1
DA:30,1
DA:33,1
DA:36,1
DA:40,12
LF:12
LH:12
BRF:0
BRH:0
end_of_record
TN:
SF:src\commands\linkSetURLCommand.ts
FN:23,(anonymous_1)
FN:37,(anonymous_2)
FN:60,(anonymous_3)
FN:66,(anonymous_4)
FN:77,(anonymous_5)
FN:104,(anonymous_6)
FN:107,(anonymous_7)
FNF:7
FNH:7
FNDA:3,(anonymous_1)
FNDA:5,(anonymous_2)
FNDA:2,(anonymous_3)
FNDA:1,(anonymous_4)
FNDA:2,(anonymous_5)
FNDA:1,(anonymous_6)
FNDA:1,(anonymous_7)
DA:2,12
DA:6,12
DA:12,12
DA:16,12
DA:17,12
DA:21,12
DA:23,12
DA:24,3
DA:26,1
DA:29,2
DA:30,2
DA:31,1
DA:33,1
DA:34,1
DA:37,12
DA:44,5
DA:45,2
DA:48,3
DA:49,3
DA:52,3
DA:53,3
DA:54,3
DA:55,1
DA:57,2
DA:58,2
DA:59,2
DA:60,2
DA:61,2
DA:67,1
DA:68,1
DA:69,1
DA:77,12
DA:83,2
DA:84,2
DA:85,2
DA:86,2
DA:87,2
DA:88,2
DA:89,1
DA:90,1
DA:91,1
DA:98,2
DA:100,2
DA:101,2
DA:105,1
DA:108,1
DA:112,12
LF:47
LH:47
BRDA:24,0,0,1
BRDA:30,1,0,1
BRDA:44,2,0,2
BRDA:48,3,0,3
BRDA:54,4,0,1
BRDA:59,5,0,2
BRDA:59,5,1,0
BRDA:67,6,0,1
BRDA:83,7,0,2
BRDA:86,8,0,1
BRDA:86,8,1,1
BRDA:88,9,0,1
BRDA:90,10,0,1
BRDA:90,10,1,0
BRDA:100,11,0,2
BRDA:100,11,1,1
BRF:16
BRH:14
end_of_record
TN:
SF:src\commands\listSplitCommand.ts
FN:10,(anonymous_1)
FN:14,(anonymous_2)
FN:18,(anonymous_3)
FN:36,(anonymous_4)
FN:39,(anonymous_5)
FN:42,(anonymous_6)
FN:45,(anonymous_7)
FNF:7
FNH:7
FNDA:21,(anonymous_1)
FNDA:4,(anonymous_2)
FNDA:2,(anonymous_3)
FNDA:4,(anonymous_4)
FNDA:2,(anonymous_5)
FNDA:2,(anonymous_6)
FNDA:2,(anonymous_7)
DA:5,13
DA:6,13
DA:11,21
DA:14,21
DA:15,4
DA:18,21
DA:23,2
DA:24,2
DA:28,2
DA:29,1
DA:30,1
DA:32,1
DA:37,4
DA:40,2
DA:43,2
DA:46,2
DA:51,13
LF:17
LH:17
BRDA:28,0,0,1
BRDA:28,0,1,1
BRDA:29,1,0,1
BRDA:29,1,1,1
BRF:4
BRH:4
end_of_record
TN:
SF:src\commands\listToggleCommand.ts
FN:23,(anonymous_0)
FN:29,(anonymous_1)
FN:39,(anonymous_2)
FN:45,(anonymous_3)
FN:54,(anonymous_4)
FN:63,(anonymous_5)
FN:67,(anonymous_6)
FN:71,(anonymous_7)
FN:75,(anonymous_8)
FN:96,(anonymous_9)
FN:106,hasImageNode
FNF:11
FNH:11
FNDA:101,(anonymous_0)
FNDA:3,(anonymous_1)
FNDA:2,(anonymous_2)
FNDA:1,(anonymous_3)
FNDA:1,(anonymous_4)
FNDA:1,(anonymous_5)
FNDA:1,(anonymous_6)
FNDA:1,(anonymous_7)
FNDA:3,(anonymous_8)
FNDA:1,(anonymous_9)
FNDA:4,hasImageNode
DA:3,12
DA:6,12
DA:14,12
DA:17,12
DA:24,101
DA:25,101
DA:26,101
DA:29,101
DA:30,3
DA:31,3
DA:32,2
DA:34,1
DA:36,3
DA:39,101
DA:40,2
DA:41,2
DA:42,2
DA:45,101
DA:51,1
DA:54,101
DA:60,1
DA:64,1
DA:67,101
DA:68,1
DA:72,1
DA:75,101
DA:80,3
DA:81,3
DA:82,3
DA:83,3
DA:84,3
DA:85,1
DA:87,2
DA:88,2
DA:89,1
DA:90,1
DA:92,1
DA:97,1
DA:98,1
DA:99,1
DA:100,1
DA:106,12
DA:107,4
DA:108,4
DA:109,4
DA:112,12
LF:46
LH:46
BRDA:31,0,0,2
BRDA:31,0,1,1
BRDA:81,1,0,2
BRDA:81,1,1,1
BRDA:84,2,0,1
BRDA:88,3,0,1
BRDA:88,3,1,1
BRDA:89,4,0,1
BRDA:89,4,1,1
BRDA:99,5,0,1
BRDA:99,5,1,0
BRDA:109,6,0,4
BRDA:109,6,1,4
BRF:13
BRH:12
end_of_record
TN:
SF:src\commands\markToggleCommandEx.ts
FN:6,(anonymous_0)
FN:10,(anonymous_1)
FNF:2
FNH:2
FNDA:68,(anonymous_0)
FNDA:3,(anonymous_1)
DA:3,12
DA:7,68
DA:10,68
DA:11,3
DA:15,12
LF:5
LH:5
BRF:0
BRH:0
end_of_record
TN:
SF:src\commands\marksClearCommand.ts
FN:10,(anonymous_0)
FN:14,(anonymous_1)
FN:22,(anonymous_2)
FN:40,(anonymous_3)
FN:43,(anonymous_4)
FN:46,(anonymous_5)
FN:49,(anonymous_6)
FNF:7
FNH:7
FNDA:1,(anonymous_0)
FNDA:3,(anonymous_1)
FNDA:3,(anonymous_2)
FNDA:1,(anonymous_3)
FNDA:1,(anonymous_4)
FNDA:1,(anonymous_5)
FNDA:1,(anonymous_6)
DA:1,12
DA:5,12
DA:6,12
DA:10,22
DA:11,1
DA:14,22
DA:15,3
DA:16,3
DA:22,22
DA:27,3
DA:31,3
DA:33,3
DA:34,1
DA:35,1
DA:37,2
DA:41,1
DA:44,1
DA:47,1
DA:50,1
DA:55,12
LF:20
LH:20
BRDA:17,0,0,3
BRDA:17,0,1,2
BRDA:17,0,2,0
BRDA:33,1,0,1
BRDA:33,2,0,3
BRDA:33,2,1,3
BRF:6
BRH:5
end_of_record
TN:
SF:src\commands\tableAddColumnAfterCommand.ts
FN:10,(anonymous_0)
FN:14,(anonymous_1)
FN:18,(anonymous_2)
FN:26,(anonymous_3)
FN:29,(anonymous_4)
FN:32,(anonymous_5)
FN:35,(anonymous_6)
FNF:7
FNH:7
FNDA:1,(anonymous_0)
FNDA:1,(anonymous_1)
FNDA:2,(anonymous_2)
FNDA:1,(anonymous_3)
FNDA:1,(anonymous_4)
FNDA:1,(anonymous_5)
FNDA:1,(anonymous_6)
DA:5,12
DA:10,19
DA:11,1
DA:14,19
DA:15,1
DA:18,19
DA:23,2
DA:27,1
DA:30,1
DA:33,1
DA:36,1
DA:40,12
LF:12
LH:12
BRF:0
BRH:0
end_of_record
TN:
SF:src\commands\tableAddColumnBeforeCommand.ts
FN:9,(anonymous_0)
FN:12,(anonymous_1)
FN:15,(anonymous_2)
FN:18,(anonymous_3)
FN:21,(anonymous_4)
FN:25,(anonymous_5)
FN:29,(anonymous_6)
FNF:7
FNH:7
FNDA:1,(anonymous_0)
FNDA:1,(anonymous_1)
FNDA:1,(anonymous_2)
FNDA:1,(anonymous_3)
FNDA:1,(anonymous_4)
FNDA:1,(anonymous_5)
FNDA:2,(anonymous_6)
DA:5,12
DA:10,1
DA:13,1
DA:16,1
DA:19,1
DA:21,19
DA:22,1
DA:25,19
DA:26,1
DA:29,19
DA:34,2
DA:38,12
LF:12
LH:12
BRF:0
BRH:0
end_of_record
TN:
SF:src\commands\tableAddRowAfterCommand.ts
FN:9,(anonymous_0)
FN:12,(anonymous_1)
FN:15,(anonymous_2)
FN:18,(anonymous_3)
FN:21,(anonymous_4)
FN:25,(anonymous_5)
FN:29,(anonymous_6)
FNF:7
FNH:7
FNDA:1,(anonymous_0)
FNDA:1,(anonymous_1)
FNDA:1,(anonymous_2)
FNDA:1,(anonymous_3)
FNDA:1,(anonymous_4)
FNDA:1,(anonymous_5)
FNDA:2,(anonymous_6)
DA:5,12
DA:10,1
DA:13,1
DA:16,1
DA:19,1
DA:21,19
DA:22,1
DA:25,19
DA:26,1
DA:29,19
DA:34,2
DA:38,12
LF:12
LH:12
BRF:0
BRH:0
end_of_record
TN:
SF:src\commands\tableAddRowBeforeCommand.ts
FN:9,(anonymous_0)
FN:12,(anonymous_1)
FN:15,(anonymous_2)
FN:18,(anonymous_3)
FN:21,(anonymous_4)
FN:25,(anonymous_5)
FN:29,(anonymous_6)
FNF:7
FNH:7
FNDA:1,(anonymous_0)
FNDA:1,(anonymous_1)
FNDA:1,(anonymous_2)
FNDA:1,(anonymous_3)
FNDA:1,(anonymous_4)
FNDA:1,(anonymous_5)
FNDA:2,(anonymous_6)
DA:5,12
DA:10,1
DA:13,1
DA:16,1
DA:19,1
DA:21,19
DA:22,1
DA:25,19
DA:26,1
DA:29,19
DA:34,2
DA:38,12
LF:12
LH:12
BRF:0
BRH:0
end_of_record
TN:
SF:src\commands\tableBackgroundColorCommand.ts
FN:6,(anonymous_1)
FN:9,(anonymous_2)
FNF:2
FNH:2
FNDA:1,(anonymous_1)
FNDA:13,(anonymous_2)
DA:3,12
DA:7,1
DA:10,13
DA:14,12
LF:4
LH:4
BRF:0
BRH:0
end_of_record
TN:
SF:src\commands\tableBorderColorCommand.ts
FN:6,(anonymous_1)
FN:9,(anonymous_2)
FNF:2
FNH:2
FNDA:1,(anonymous_1)
FNDA:13,(anonymous_2)
DA:3,12
DA:7,1
DA:10,13
DA:14,12
LF:4
LH:4
BRF:0
BRH:0
end_of_record
TN:
SF:src\commands\tableColorCommand.ts
FN:16,(anonymous_1)
FN:22,(anonymous_2)
FN:27,(anonymous_3)
FN:31,(anonymous_4)
FN:35,(anonymous_5)
FN:52,(anonymous_6)
FN:56,(anonymous_7)
FN:66,(anonymous_8)
FN:70,(anonymous_9)
FN:82,(anonymous_10)
FNF:10
FNH:10
FNDA:1,(anonymous_1)
FNDA:40,(anonymous_2)
FNDA:2,(anonymous_3)
FNDA:1,(anonymous_4)
FNDA:4,(anonymous_5)
FNDA:2,(anonymous_6)
FNDA:2,(anonymous_7)
FNDA:4,(anonymous_8)
FNDA:2,(anonymous_9)
FNDA:1,(anonymous_10)
DA:2,14
DA:7,14
DA:12,14
DA:17,1
DA:19,40
DA:20,40
DA:23,40
DA:24,40
DA:27,40
DA:28,2
DA:31,40
DA:32,1
DA:35,40
DA:42,4
DA:43,1
DA:45,3
DA:47,3
DA:48,1
DA:51,2
DA:52,2
DA:53,2
DA:57,2
DA:58,2
DA:59,2
DA:66,40
DA:67,4
DA:70,40
DA:76,2
DA:77,1
DA:79,1
DA:83,1
DA:87,14
LF:32
LH:32
BRDA:42,0,0,1
BRDA:47,1,0,1
BRDA:51,2,0,2
BRDA:51,2,1,0
BRDA:57,3,0,2
BRDA:76,4,0,1
BRDA:83,5,0,1
BRDA:83,5,1,1
BRF:8
BRH:7
end_of_record
TN:
SF:src\commands\tableDeleteColumnCommand.ts
FN:9,(anonymous_0)
FN:12,(anonymous_1)
FN:15,(anonymous_2)
FN:18,(anonymous_3)
FN:21,(anonymous_4)
FN:25,(anonymous_5)
FN:29,(anonymous_6)
FNF:7
FNH:7
FNDA:1,(anonymous_0)
FNDA:1,(anonymous_1)
FNDA:1,(anonymous_2)
FNDA:1,(anonymous_3)
FNDA:1,(anonymous_4)
FNDA:1,(anonymous_5)
FNDA:2,(anonymous_6)
DA:5,12
DA:10,1
DA:13,1
DA:16,1
DA:19,1
DA:21,19
DA:22,1
DA:25,19
DA:26,1
DA:29,19
DA:34,2
DA:38,12
LF:12
LH:12
BRF:0
BRH:0
end_of_record
TN:
SF:src\commands\tableDeleteRowCommand.ts
FN:9,(anonymous_0)
FN:12,(anonymous_1)
FN:15,(anonymous_2)
FN:18,(anonymous_3)
FN:21,(anonymous_4)
FN:25,(anonymous_5)
FN:29,(anonymous_6)
FNF:7
FNH:7
FNDA:1,(anonymous_0)
FNDA:1,(anonymous_1)
FNDA:1,(anonymous_2)
FNDA:1,(anonymous_3)
FNDA:1,(anonymous_4)
FNDA:1,(anonymous_5)
FNDA:2,(anonymous_6)
DA:5,12
DA:10,1
DA:13,1
DA:16,1
DA:19,1
DA:21,19
DA:22,1
DA:25,19
DA:26,1
DA:29,19
DA:34,2
DA:38,12
LF:12
LH:12
BRF:0
BRH:0
end_of_record
TN:
SF:src\commands\tableDeleteTableCommand.ts
FN:9,(anonymous_0)
FN:12,(anonymous_1)
FN:15,(anonymous_2)
FN:18,(anonymous_3)
FN:21,(anonymous_4)
FN:25,(anonymous_5)
FN:29,(anonymous_6)
FNF:7
FNH:7
FNDA:1,(anonymous_0)
FNDA:1,(anonymous_1)
FNDA:1,(anonymous_2)
FNDA:1,(anonymous_3)
FNDA:1,(anonymous_4)
FNDA:1,(anonymous_5)
FNDA:2,(anonymous_6)
DA:5,12
DA:10,1
DA:13,1
DA:16,1
DA:19,1
DA:21,19
DA:22,1
DA:25,19
DA:26,1
DA:29,19
DA:34,2
DA:38,12
LF:12
LH:12
BRF:0
BRH:0
end_of_record
TN:
SF:src\commands\tableInsertCommand.ts
FN:13,(anonymous_1)
FN:16,(anonymous_2)
FN:21,(anonymous_3)
FN:25,(anonymous_4)
FN:46,(anonymous_5)
FN:62,(anonymous_6)
FN:66,(anonymous_7)
FN:78,(anonymous_8)
FN:82,(anonymous_9)
FNF:9
FNH:9
FNDA:1,(anonymous_1)
FNDA:1,(anonymous_2)
FNDA:2,(anonymous_3)
FNDA:8,(anonymous_4)
FNDA:3,(anonymous_5)
FNDA:1,(anonymous_6)
FNDA:1,(anonymous_7)
FNDA:1,(anonymous_8)
FNDA:2,(anonymous_9)
DA:2,12
DA:3,12
DA:6,12
DA:7,12
DA:8,12
DA:14,1
DA:17,1
DA:19,23
DA:21,23
DA:22,2
DA:25,23
DA:26,8
DA:27,8
DA:28,8
DA:29,8
DA:30,2
DA:33,2
DA:34,2
DA:35,2
DA:36,1
DA:37,1
DA:41,1
DA:43,6
DA:46,23
DA:53,3
DA:54,1
DA:56,2
DA:57,2
DA:58,1
DA:61,1
DA:62,1
DA:63,1
DA:67,1
DA:68,1
DA:69,1
DA:70,1
DA:71,1
DA:78,23
DA:79,1
DA:82,23
DA:88,2
DA:89,1
DA:90,1
DA:92,1
DA:95,12
LF:45
LH:45
BRDA:29,0,0,2
BRDA:33,1,0,2
BRDA:36,2,0,1
BRDA:53,3,0,1
BRDA:57,4,0,1
BRDA:61,5,0,1
BRDA:61,5,1,0
BRDA:67,6,0,1
BRDA:88,7,0,1
BRF:9
BRH:8
end_of_record
TN:
SF:src\commands\tableMergeCellsCommand.ts
FN:10,(anonymous_0)
FN:13,(anonymous_1)
FN:16,(anonymous_2)
FN:19,(anonymous_3)
FN:22,(anonymous_4)
FN:26,(anonymous_5)
FN:30,(anonymous_6)
FNF:7
FNH:7
FNDA:1,(anonymous_0)
FNDA:1,(anonymous_1)
FNDA:1,(anonymous_2)
FNDA:1,(anonymous_3)
FNDA:1,(anonymous_4)
FNDA:1,(anonymous_5)
FNDA:2,(anonymous_6)
DA:3,12
DA:6,12
DA:11,1
DA:14,1
DA:17,1
DA:20,1
DA:22,19
DA:23,1
DA:26,19
DA:27,1
DA:30,19
DA:35,2
DA:36,2
DA:37,1
DA:39,1
DA:43,12
LF:16
LH:16
BRDA:36,0,0,1
BRF:1
BRH:1
end_of_record
TN:
SF:src\commands\tableMoveToNextCellCommand.ts
FN:9,(anonymous_0)
FN:12,(anonymous_1)
FN:15,(anonymous_2)
FN:18,(anonymous_3)
FN:21,(anonymous_4)
FN:25,(anonymous_5)
FN:29,(anonymous_6)
FNF:7
FNH:7
FNDA:1,(anonymous_0)
FNDA:1,(anonymous_1)
FNDA:1,(anonymous_2)
FNDA:1,(anonymous_3)
FNDA:1,(anonymous_4)
FNDA:1,(anonymous_5)
FNDA:2,(anonymous_6)
DA:5,12
DA:10,1
DA:13,1
DA:16,1
DA:19,1
DA:21,19
DA:22,1
DA:25,19
DA:26,1
DA:29,19
DA:34,2
DA:38,12
LF:12
LH:12
BRF:0
BRH:0
end_of_record
TN:
SF:src\commands\tableMoveToPreviousCellCommand.ts
FN:9,(anonymous_0)
FN:12,(anonymous_1)
FN:15,(anonymous_2)
FN:18,(anonymous_3)
FN:21,(anonymous_4)
FN:25,(anonymous_5)
FN:29,(anonymous_6)
FNF:7
FNH:7
FNDA:1,(anonymous_0)
FNDA:1,(anonymous_1)
FNDA:1,(anonymous_2)
FNDA:1,(anonymous_3)
FNDA:1,(anonymous_4)
FNDA:1,(anonymous_5)
FNDA:2,(anonymous_6)
DA:5,12
DA:10,1
DA:13,1
DA:16,1
DA:19,1
DA:21,19
DA:22,1
DA:25,19
DA:26,1
DA:29,19
DA:34,2
DA:38,12
LF:12
LH:12
BRF:0
BRH:0
end_of_record
TN:
SF:src\commands\tableSplitCellCommand.ts
FN:9,(anonymous_0)
FN:12,(anonymous_1)
FN:15,(anonymous_2)
FN:18,(anonymous_3)
FN:21,(anonymous_4)
FN:25,(anonymous_5)
FN:29,(anonymous_6)
FNF:7
FNH:7
FNDA:1,(anonymous_0)
FNDA:1,(anonymous_1)
FNDA:1,(anonymous_2)
FNDA:1,(anonymous_3)
FNDA:1,(anonymous_4)
FNDA:1,(anonymous_5)
FNDA:2,(anonymous_6)
DA:5,12
DA:10,1
DA:13,1
DA:16,1
DA:19,1
DA:21,19
DA:22,1
DA:25,19
DA:26,1
DA:29,19
DA:34,2
DA:38,12
LF:12
LH:12
BRF:0
BRH:0
end_of_record
TN:
SF:src\commands\tableToggleHeaderCellCommand.ts
FN:9,(anonymous_0)
FN:12,(anonymous_1)
FN:15,(anonymous_2)
FN:18,(anonymous_3)
FN:21,(anonymous_4)
FN:25,(anonymous_5)
FN:29,(anonymous_6)
FNF:7
FNH:7
FNDA:1,(anonymous_0)
FNDA:1,(anonymous_1)
FNDA:1,(anonymous_2)
FNDA:1,(anonymous_3)
FNDA:1,(anonymous_4)
FNDA:1,(anonymous_5)
FNDA:2,(anonymous_6)
DA:5,12
DA:10,1
DA:13,1
DA:16,1
DA:19,1
DA:21,19
DA:22,1
DA:25,19
DA:26,1
DA:29,19
DA:34,2
DA:38,12
LF:12
LH:12
BRF:0
BRH:0
end_of_record
TN:
SF:src\commands\tableToggleHeaderColumnCommand.ts
FN:9,(anonymous_0)
FN:12,(anonymous_1)
FN:15,(anonymous_2)
FN:18,(anonymous_3)
FN:21,(anonymous_4)
FN:25,(anonymous_5)
FN:29,(anonymous_6)
FNF:7
FNH:7
FNDA:1,(anonymous_0)
FNDA:1,(anonymous_1)
FNDA:1,(anonymous_2)
FNDA:1,(anonymous_3)
FNDA:1,(anonymous_4)
FNDA:1,(anonymous_5)
FNDA:2,(anonymous_6)
DA:5,12
DA:10,1
DA:13,1
DA:16,1
DA:19,1
DA:21,19
DA:22,1
DA:25,19
DA:26,1
DA:29,19
DA:34,2
DA:38,12
LF:12
LH:12
BRF:0
BRH:0
end_of_record
TN:
SF:src\commands\tableToggleHeaderRowCommand.ts
FN:9,(anonymous_0)
FN:12,(anonymous_1)
FN:15,(anonymous_2)
FN:18,(anonymous_3)
FN:21,(anonymous_4)
FN:25,(anonymous_5)
FN:29,(anonymous_6)
FNF:7
FNH:7
FNDA:1,(anonymous_0)
FNDA:1,(anonymous_1)
FNDA:1,(anonymous_2)
FNDA:1,(anonymous_3)
FNDA:1,(anonymous_4)
FNDA:1,(anonymous_5)
FNDA:2,(anonymous_6)
DA:5,12
DA:10,1
DA:13,1
DA:16,1
DA:19,1
DA:21,19
DA:22,1
DA:25,19
DA:26,1
DA:29,19
DA:34,2
DA:38,12
LF:12
LH:12
BRF:0
BRH:0
end_of_record
TN:
SF:src\commands\textAlignCommand.ts
FN:9,(anonymous_0)
FN:12,(anonymous_1)
FN:15,(anonymous_2)
FN:18,(anonymous_3)
FN:23,(anonymous_4)
FN:28,(anonymous_5)
FN:32,(anonymous_6)
FN:36,(anonymous_7)
FNF:8
FNH:8
FNDA:1,(anonymous_0)
FNDA:1,(anonymous_1)
FNDA:1,(anonymous_2)
FNDA:1,(anonymous_3)
FNDA:53,(anonymous_4)
FNDA:1,(anonymous_5)
FNDA:1,(anonymous_6)
FNDA:2,(anonymous_7)
DA:5,12
DA:10,1
DA:13,1
DA:16,1
DA:19,1
DA:21,53
DA:24,53
DA:25,53
DA:28,53
DA:29,1
DA:32,53
DA:33,1
DA:36,53
DA:41,2
DA:45,12
LF:15
LH:15
BRF:0
BRH:0
end_of_record
TN:
SF:src\extensions\indent\indent.ts
FN:35,(anonymous_0)
FN:46,(anonymous_1)
FN:53,(anonymous_2)
FN:56,(anonymous_3)
FN:65,(anonymous_4)
FN:68,(anonymous_5)
FN:69,(anonymous_6)
FN:86,(anonymous_7)
FN:87,(anonymous_8)
FN:106,(anonymous_9)
FN:117,(anonymous_10)
FN:127,setNodeIndentMarkup
FN:147,(anonymous_12)
FN:159,(anonymous_13)
FN:176,(anonymous_14)
FN:177,(anonymous_15)
FN:186,(anonymous_16)
FN:187,(anonymous_17)
FNF:18
FNH:18
FNDA:2,(anonymous_0)
FNDA:11,(anonymous_1)
FNDA:26,(anonymous_2)
FNDA:11,(anonymous_3)
FNDA:13,(anonymous_4)
FNDA:26,(anonymous_5)
FNDA:26,(anonymous_6)
FNDA:5,(anonymous_7)
FNDA:5,(anonymous_8)
FNDA:16,(anonymous_9)
FNDA:29,(anonymous_10)
FNDA:29,setNodeIndentMarkup
FNDA:31,(anonymous_12)
FNDA:29,(anonymous_13)
FNDA:32,(anonymous_14)
FNDA:2,(anonymous_15)
FNDA:48,(anonymous_16)
FNDA:3,(anonymous_17)
DA:6,2
DA:13,2
DA:32,2
DA:36,2
DA:47,11
DA:53,26
DA:57,11
DA:66,13
DA:69,26
DA:70,26
DA:71,26
DA:72,26
DA:78,26
DA:79,14
DA:80,14
DA:82,12
DA:83,12
DA:87,5
DA:88,5
DA:89,5
DA:90,5
DA:96,5
DA:97,1
DA:98,1
DA:100,4
DA:101,4
DA:107,16
DA:117,2
DA:118,29
DA:119,4
DA:121,25
DA:122,10
DA:124,15
DA:134,29
DA:135,29
DA:136,29
DA:137,29
DA:138,29
DA:139,15
DA:143,15
DA:147,2
DA:153,31
DA:154,31
DA:155,30
DA:156,1
DA:158,29
DA:159,29
DA:160,29
DA:161,29
DA:168,29
DA:170,0
DA:172,29
DA:176,2
DA:177,32
DA:178,2
DA:181,2
DA:183,0
DA:186,2
DA:187,48
DA:188,3
DA:197,3
DA:199,0
LF:62
LH:59
BRDA:57,0,0,11
BRDA:57,0,1,11
BRDA:78,1,0,14
BRDA:78,2,0,26
BRDA:78,2,1,14
BRDA:96,3,0,1
BRDA:96,4,0,5
BRDA:96,4,1,1
BRDA:118,5,0,4
BRDA:121,6,0,10
BRDA:134,7,0,0
BRDA:136,8,0,0
BRDA:137,9,0,29
BRDA:137,9,1,9
BRDA:138,10,0,14
BRDA:154,11,0,1
BRDA:154,12,0,31
BRDA:154,12,1,30
BRDA:155,13,0,1
BRDA:160,14,0,29
BRDA:164,15,0,24
BRDA:164,15,1,5
BRDA:178,16,0,2
BRDA:188,17,0,3
BRDA:190,18,0,3
BRDA:190,18,1,3
BRDA:190,18,2,1
BRF:27
BRH:25
end_of_record
TN:
SF:src\extensions\indent\index.ts
FNF:0
FNH:0
DA:1,1
DA:3,1
DA:5,1
LF:3
LH:3
BRF:0
BRH:0
end_of_record
TN:
SF:src\extensions\tableCellEx\index.ts
FNF:0
FNH:0
DA:1,1
DA:3,1
DA:5,1
LF:3
LH:3
BRF:0
BRH:0
end_of_record
TN:
SF:src\extensions\tableCellEx\tableCellEx.ts
FN:4,(anonymous_1)
FN:9,(anonymous_2)
FN:18,(anonymous_3)
FN:24,(anonymous_4)
FN:33,(anonymous_5)
FNF:5
FNH:5
FNDA:5,(anonymous_1)
FNDA:2,(anonymous_2)
FNDA:1,(anonymous_3)
FNDA:2,(anonymous_4)
FNDA:1,(anonymous_5)
DA:1,2
DA:3,2
DA:5,5
DA:10,2
DA:11,1
DA:14,1
DA:19,1
DA:25,2
DA:26,1
DA:29,1
DA:34,1
LF:11
LH:11
BRDA:10,0,0,1
BRDA:25,1,0,1
BRF:2
BRH:2
end_of_record
TN:
SF:src\plugins\contentPlaceholderPlugin.tsx
FN:19,(anonymous_7)
FN:37,(anonymous_8)
FN:76,(anonymous_9)
FN:92,(anonymous_10)
FN:117,(anonymous_11)
FN:124,(anonymous_12)
FN:136,(anonymous_13)
FN:143,(anonymous_14)
FN:158,(anonymous_15)
FN:174,(anonymous_16)
FN:179,(anonymous_17)
FNF:11
FNH:11
FNDA:15,(anonymous_7)
FNDA:42,(anonymous_8)
FNDA:2,(anonymous_9)
FNDA:28,(anonymous_10)
FNDA:1,(anonymous_11)
FNDA:25,(anonymous_12)
FNDA:50,(anonymous_13)
FNDA:15,(anonymous_14)
FNDA:9,(anonymous_15)
FNDA:16,(anonymous_16)
FNDA:15,(anonymous_17)
DA:1,2
DA:3,2
DA:4,2
DA:7,2
DA:9,2
DA:11,2
DA:14,15
DA:15,15
DA:16,15
DA:17,15
DA:20,15
DA:22,15
DA:23,15
DA:25,15
DA:26,15
DA:27,15
DA:28,15
DA:30,15
DA:34,15
DA:38,42
DA:40,42
DA:41,42
DA:42,3
DA:45,39
DA:46,4
DA:47,4
DA:50,35
DA:51,35
DA:52,35
DA:53,35
DA:54,33
DA:57,2
DA:58,2
DA:60,2
DA:61,2
DA:62,2
DA:64,2
DA:65,2
DA:67,2
DA:68,2
DA:69,2
DA:70,2
DA:71,2
DA:73,2
DA:77,2
DA:79,2
DA:80,2
DA:81,2
DA:82,2
DA:84,2
DA:85,2
DA:86,2
DA:87,2
DA:88,2
DA:89,2
DA:92,15
DA:93,28
DA:94,28
DA:95,28
DA:96,3
DA:98,25
DA:99,25
DA:100,25
DA:102,25
DA:103,23
DA:105,2
DA:110,0
DA:112,2
DA:118,1
DA:119,1
DA:120,1
DA:125,25
DA:126,25
DA:127,17
DA:128,17
DA:129,15
DA:131,2
DA:137,50
DA:138,50
DA:144,15
DA:145,15
DA:146,15
DA:147,15
DA:148,15
DA:149,15
DA:151,15
DA:152,15
DA:153,15
DA:159,9
DA:160,5
DA:161,5
DA:162,5
DA:163,5
DA:164,5
DA:166,5
DA:167,5
DA:175,16
DA:180,15
DA:186,2
LF:99
LH:98
BRDA:41,0,0,3
BRDA:41,1,0,42
BRDA:41,1,1,39
BRDA:45,2,0,4
BRDA:45,3,0,39
BRDA:45,3,1,38
BRDA:53,4,0,33
BRDA:53,5,0,35
BRDA:53,5,1,32
BRDA:53,5,2,2
BRDA:80,6,0,2
BRDA:81,7,0,2
BRDA:81,7,1,1
BRDA:95,8,0,3
BRDA:95,9,0,28
BRDA:95,9,1,28
BRDA:102,10,0,23
BRDA:102,10,1,2
BRDA:102,11,0,25
BRDA:102,11,1,25
BRDA:102,11,2,2
BRDA:102,11,3,2
BRDA:105,12,0,0
BRDA:105,12,1,2
BRDA:106,13,0,2
BRDA:106,13,1,2
BRDA:106,13,2,2
BRDA:118,14,0,1
BRDA:126,15,0,17
BRDA:128,16,0,15
BRDA:128,16,1,2
BRDA:128,17,0,17
BRDA:128,17,1,17
BRDA:139,18,0,50
BRDA:139,18,1,50
BRDA:139,18,2,50
BRDA:139,18,3,50
BRDA:144,19,0,15
BRDA:148,20,0,15
BRDA:151,21,0,15
BRDA:159,22,0,5
BRDA:163,23,0,5
BRDA:166,24,0,5
BRF:43
BRH:42
end_of_record
TN:
SF:src\plugins\createTableResizingPlugin.ts
FN:14,lookUpTableWrapper
FN:22,dispatchMouseEvent
FN:23,(anonymous_2)
FN:34,calculateMaxClientX
FN:47,createTableResizingPlugin
FN:53,(anonymous_5)
FN:70,(anonymous_6)
FNF:7
FNH:7
FNDA:3,lookUpTableWrapper
FNDA:1,dispatchMouseEvent
FNDA:1,(anonymous_2)
FNDA:2,calculateMaxClientX
FNDA:3,createTableResizingPlugin
FNDA:1,(anonymous_5)
FNDA:1,(anonymous_6)
DA:2,1
DA:5,1
DA:6,1
DA:7,1
DA:9,1
DA:14,1
DA:15,3
DA:16,3
DA:17,1
DA:19,2
DA:22,1
DA:23,1
DA:24,1
DA:30,1
DA:34,1
DA:38,2
DA:39,2
DA:40,2
DA:41,2
DA:42,2
DA:43,2
DA:44,2
DA:47,1
DA:48,3
DA:51,3
DA:53,3
DA:54,1
DA:57,0
DA:58,0
DA:59,1
DA:60,1
DA:61,1
DA:65,3
DA:69,3
DA:71,1
DA:72,1
DA:75,1
DA:76,1
DA:77,1
DA:78,1
DA:82,3
LF:41
LH:39
BRDA:16,0,0,1
BRDA:16,1,0,3
BRDA:16,1,1,2
BRDA:42,2,0,0
BRDA:42,2,1,2
BRDA:54,3,0,0
BRDA:54,3,1,1
BRDA:59,4,0,1
BRDA:72,5,0,0
BRDA:72,5,1,1
BRF:10
BRH:7
end_of_record
TN:
SF:src\plugins\cursorPlaceholderPlugin.ts
FN:17,(anonymous_0)
FN:20,(anonymous_1)
FN:42,(anonymous_2)
FN:50,(anonymous_3)
FN:59,specFinder
FN:63,resetSingletonInstance
FN:67,findCursorPlaceholderPos
FN:77,showCursorPlaceholder
FN:100,hideCursorPlaceholder
FNF:9
FNH:9
FNDA:8,(anonymous_0)
FNDA:8,(anonymous_1)
FNDA:16,(anonymous_2)
FNDA:8,(anonymous_3)
FNDA:7,specFinder
FNDA:10,resetSingletonInstance
FNDA:13,findCursorPlaceholderPos
FNDA:7,showCursorPlaceholder
FNDA:1,hideCursorPlaceholder
DA:1,2
DA:3,2
DA:5,2
DA:7,2
DA:9,2
DA:12,2
DA:18,8
DA:21,8
DA:22,8
DA:23,8
DA:24,3
DA:26,5
DA:27,4
DA:28,4
DA:29,4
DA:32,4
DA:33,1
DA:34,1
DA:35,1
DA:38,5
DA:43,16
DA:44,16
DA:51,8
DA:52,8
DA:53,0
DA:55,8
DA:60,7
DA:63,2
DA:64,10
DA:67,2
DA:68,13
DA:69,1
DA:71,12
DA:72,12
DA:73,12
DA:74,12
DA:77,2
DA:78,7
DA:79,7
DA:80,7
DA:81,1
DA:84,6
DA:85,6
DA:86,5
DA:88,1
DA:90,5
DA:97,6
DA:100,2
DA:101,1
DA:102,1
DA:103,1
DA:104,0
DA:107,1
DA:108,1
DA:109,1
DA:114,1
DA:117,2
LF:57
LH:55
BRDA:23,0,0,3
BRDA:26,1,0,4
BRDA:26,1,1,1
BRDA:33,2,0,1
BRDA:44,3,0,16
BRDA:44,3,1,0
BRDA:52,4,0,0
BRDA:68,5,0,1
BRDA:73,6,0,6
BRDA:73,6,1,6
BRDA:74,7,0,12
BRDA:74,7,1,6
BRDA:80,8,0,1
BRDA:80,9,0,7
BRDA:80,9,1,6
BRDA:85,10,0,5
BRDA:86,11,0,1
BRDA:103,12,0,0
BRDA:108,13,0,1
BRF:19
BRH:16
end_of_record
TN:
SF:src\plugins\editorPageLayoutPlugin.ts
FN:5,renderAttributes
FN:54,(anonymous_1)
FNF:2
FNH:2
FNDA:5,renderAttributes
FNDA:5,(anonymous_1)
DA:1,2
DA:3,2
DA:8,5
DA:9,5
DA:14,5
DA:16,5
DA:18,5
DA:19,4
DA:20,4
DA:21,4
DA:23,1
DA:24,3
DA:26,0
DA:27,3
DA:29,0
DA:30,3
DA:32,1
DA:35,2
DA:37,4
DA:38,1
DA:39,1
DA:41,4
DA:43,1
DA:45,5
DA:46,2
DA:48,5
DA:55,5
DA:67,2
LF:28
LH:26
BRDA:18,0,0,4
BRDA:18,0,1,1
BRDA:21,1,0,1
BRDA:21,1,1,3
BRDA:21,2,0,4
BRDA:21,2,1,4
BRDA:21,2,2,3
BRDA:24,3,0,0
BRDA:24,3,1,3
BRDA:24,4,0,3
BRDA:24,4,1,3
BRDA:24,4,2,2
BRDA:27,5,0,0
BRDA:27,5,1,3
BRDA:27,6,0,3
BRDA:27,6,1,3
BRDA:27,6,2,1
BRDA:30,7,0,1
BRDA:30,7,1,2
BRDA:30,8,0,3
BRDA:30,8,1,3
BRDA:30,8,2,3
BRDA:37,9,0,1
BRDA:45,10,0,2
BRF:24
BRH:22
end_of_record
TN:
SF:src\plugins\linkTooltipPlugin.ts
FN:29,(anonymous_1)
FN:35,(anonymous_2)
FN:45,(anonymous_3)
FN:49,(anonymous_4)
FN:75,(anonymous_5)
FN:106,(anonymous_6)
FN:111,(anonymous_7)
FN:116,(anonymous_8)
FN:122,(anonymous_9)
FN:141,(anonymous_10)
FN:149,(anonymous_11)
FN:153,(anonymous_12)
FNF:12
FNH:10
FNDA:24,(anonymous_1)
FNDA:12,(anonymous_2)
FNDA:24,(anonymous_3)
FNDA:32,(anonymous_4)
FNDA:0,(anonymous_5)
FNDA:44,(anonymous_6)
FNDA:1,(anonymous_7)
FNDA:1,(anonymous_8)
FNDA:1,(anonymous_9)
FNDA:0,(anonymous_10)
FNDA:1,(anonymous_11)
FNDA:2,(anonymous_12)
DA:1,2
DA:9,2
DA:16,2
DA:17,2
DA:18,2
DA:19,2
DA:21,2
DA:25,2
DA:30,24
DA:36,12
DA:41,24
DA:42,24
DA:43,24
DA:46,24
DA:50,32
DA:51,1
DA:52,1
DA:55,31
DA:56,31
DA:57,31
DA:58,31
DA:59,1
DA:61,30
DA:62,30
DA:64,30
DA:65,30
DA:66,30
DA:68,0
DA:69,0
DA:70,0
DA:71,0
DA:73,0
DA:75,0
DA:77,0
DA:78,0
DA:79,0
DA:82,0
DA:83,0
DA:92,0
DA:93,0
DA:95,0
DA:96,0
DA:97,0
DA:107,44
DA:108,44
DA:111,24
DA:112,1
DA:113,1
DA:116,24
DA:117,1
DA:118,1
DA:119,1
DA:122,24
DA:123,1
DA:124,0
DA:127,1
DA:128,1
DA:129,1
DA:130,1
DA:131,1
DA:132,1
DA:133,1
DA:136,0
DA:137,0
DA:142,0
DA:143,0
DA:149,24
DA:150,1
DA:153,24
DA:158,2
DA:159,2
DA:161,2
DA:162,2
DA:163,2
DA:164,2
DA:165,2
DA:171,2
DA:172,0
DA:177,0
DA:178,0
DA:179,0
DA:184,0
DA:189,0
DA:193,2
DA:194,2
DA:198,2
LF:86
LH:59
BRDA:50,0,0,1
BRDA:58,1,0,1
BRDA:64,2,0,30
BRDA:69,3,0,0
BRDA:77,4,0,0
BRDA:92,5,0,0
BRDA:92,5,1,0
BRDA:92,6,0,0
BRDA:92,6,1,0
BRDA:95,7,0,0
BRDA:95,7,1,0
BRDA:107,8,0,44
BRDA:107,8,1,0
BRDA:108,9,0,44
BRDA:108,9,1,0
BRDA:123,10,0,0
BRDA:132,11,0,1
BRDA:161,12,0,2
BRDA:164,13,0,2
BRDA:171,14,0,0
BRDA:178,15,0,0
BRDA:178,15,1,0
BRF:22
BRH:8
end_of_record
TN:
SF:src\plugins\selectionPlaceholderPlugin.ts
FN:17,(anonymous_0)
FN:21,(anonymous_1)
FN:50,(anonymous_2)
FN:58,(anonymous_3)
FN:67,specFinder
FN:71,findSelectionPlaceholder
FN:85,showSelectionPlaceholder
FN:113,hideSelectionPlaceholder
FNF:8
FNH:8
FNDA:11,(anonymous_0)
FNDA:6,(anonymous_1)
FNDA:10,(anonymous_2)
FNDA:12,(anonymous_3)
FNDA:1,specFinder
FNDA:5,findSelectionPlaceholder
FNDA:11,showSelectionPlaceholder
FNDA:4,hideSelectionPlaceholder
DA:1,14
DA:3,14
DA:5,14
DA:7,14
DA:9,14
DA:12,14
DA:18,11
DA:22,6
DA:23,6
DA:25,6
DA:26,2
DA:29,4
DA:30,3
DA:40,3
DA:41,1
DA:42,1
DA:43,1
DA:46,4
DA:51,10
DA:52,10
DA:59,12
DA:60,12
DA:61,11
DA:63,1
DA:68,1
DA:72,5
DA:73,0
DA:75,5
DA:76,1
DA:77,1
DA:79,4
DA:80,4
DA:81,4
DA:82,4
DA:85,14
DA:89,11
DA:90,11
DA:92,11
DA:97,8
DA:100,3
DA:101,3
DA:102,3
DA:110,3
DA:113,14
DA:117,4
DA:118,4
DA:119,4
DA:120,2
DA:123,2
DA:124,2
DA:125,1
DA:130,2
DA:133,14
LF:53
LH:52
BRDA:25,0,0,2
BRDA:29,1,0,3
BRDA:29,1,1,1
BRDA:41,2,0,1
BRDA:52,3,0,10
BRDA:52,3,1,0
BRDA:60,4,0,11
BRDA:72,5,0,0
BRDA:75,6,0,1
BRDA:81,7,0,1
BRDA:81,7,1,3
BRDA:82,8,0,4
BRDA:82,8,1,3
BRDA:89,9,0,11
BRDA:89,9,1,4
BRDA:92,10,0,8
BRDA:93,11,0,11
BRDA:93,11,1,8
BRDA:93,11,2,8
BRDA:101,12,0,3
BRDA:117,13,0,4
BRDA:117,13,1,2
BRDA:119,14,0,2
BRDA:124,15,0,1
BRF:24
BRH:22
end_of_record
TN:
SF:src\plugins\tableCellMenuPlugin.ts
FN:23,(anonymous_1)
FN:27,(anonymous_2)
FN:86,(anonymous_3)
FN:91,(anonymous_4)
FN:99,(anonymous_5)
FN:105,(anonymous_6)
FN:122,(anonymous_7)
FN:128,(anonymous_8)
FNF:8
FNH:8
FNDA:5,(anonymous_1)
FNDA:10,(anonymous_2)
FNDA:3,(anonymous_3)
FNDA:2,(anonymous_4)
FNDA:1,(anonymous_5)
FNDA:1,(anonymous_6)
FNDA:5,(anonymous_7)
FNDA:6,(anonymous_8)
DA:1,2
DA:4,2
DA:5,2
DA:9,2
DA:10,2
DA:11,2
DA:13,2
DA:15,2
DA:19,5
DA:20,5
DA:21,5
DA:24,5
DA:28,10
DA:29,10
DA:31,10
DA:32,2
DA:33,2
DA:37,8
DA:38,8
DA:39,1
DA:40,1
DA:43,7
DA:44,7
DA:45,7
DA:46,7
DA:47,2
DA:49,7
DA:57,7
DA:58,3
DA:61,7
DA:63,3
DA:65,4
DA:67,2
DA:70,2
DA:71,2
DA:74,2
DA:75,2
DA:81,2
DA:86,5
DA:87,3
DA:88,3
DA:91,5
DA:92,2
DA:93,2
DA:94,0
DA:96,2
DA:99,5
DA:100,1
DA:101,1
DA:102,1
DA:105,5
DA:106,1
DA:107,1
DA:108,1
DA:109,1
DA:118,2
DA:123,5
DA:129,6
DA:133,2
LF:59
LH:58
BRDA:31,0,0,2
BRDA:31,1,0,10
BRDA:31,1,1,8
BRDA:38,2,0,1
BRDA:46,3,0,2
BRDA:46,4,0,7
BRDA:46,4,1,7
BRDA:57,5,0,3
BRDA:57,6,0,7
BRDA:57,6,1,7
BRDA:61,7,0,3
BRDA:61,7,1,4
BRDA:63,8,0,3
BRDA:63,8,1,0
BRDA:65,9,0,2
BRDA:65,9,1,2
BRDA:65,10,0,4
BRDA:65,10,1,2
BRDA:70,11,0,2
BRDA:70,11,1,0
BRDA:74,12,0,2
BRDA:87,13,0,3
BRDA:87,13,1,1
BRDA:93,14,0,0
BRDA:101,15,0,1
BRDA:101,15,1,1
BRDA:108,16,0,1
BRDA:108,17,0,1
BRDA:108,17,1,0
BRF:29
BRH:25
end_of_record
TN:
SF:src\plugins\xxcreateTableResizingPlugin.ts
FN:14,lookUpTableWrapper
FN:22,dispatchMouseEvent
FN:23,(anonymous_2)
FN:34,calculateMaxClientX
FN:47,createTableResizingPlugin
FN:53,(anonymous_5)
FN:70,(anonymous_6)
FNF:7
FNH:0
FNDA:0,lookUpTableWrapper
FNDA:0,dispatchMouseEvent
FNDA:0,(anonymous_2)
FNDA:0,calculateMaxClientX
FNDA:0,createTableResizingPlugin
FNDA:0,(anonymous_5)
FNDA:0,(anonymous_6)
DA:5,0
DA:6,0
DA:7,0
DA:9,0
DA:15,0
DA:16,0
DA:17,0
DA:19,0
DA:23,0
DA:24,0
DA:30,0
DA:38,0
DA:39,0
DA:40,0
DA:41,0
DA:42,0
DA:43,0
DA:44,0
DA:48,0
DA:51,0
DA:53,0
DA:54,0
DA:57,0
DA:58,0
DA:59,0
DA:60,0
DA:61,0
DA:65,0
DA:69,0
DA:71,0
DA:72,0
DA:75,0
DA:76,0
DA:77,0
DA:78,0
DA:82,0
LF:36
LH:0
BRDA:16,0,0,0
BRDA:16,1,0,0
BRDA:16,1,1,0
BRDA:42,2,0,0
BRDA:42,2,1,0
BRDA:54,3,0,0
BRDA:54,3,1,0
BRDA:59,4,0,0
BRDA:72,5,0,0
BRDA:72,5,1,0
BRF:10
BRH:0
end_of_record
TN:
SF:src\specs\bulletListNodeSpec.ts
FN:24,(anonymous_0)
FN:39,(anonymous_1)
FNF:2
FNH:2
FNDA:2,(anonymous_0)
FNDA:2,(anonymous_1)
DA:3,2
DA:4,2
DA:5,2
DA:11,2
DA:13,2
DA:26,2
DA:28,2
DA:31,2
DA:40,2
DA:41,2
DA:44,2
DA:45,2
DA:46,1
DA:49,2
DA:51,2
DA:52,1
DA:56,2
DA:57,2
DA:61,2
LF:19
LH:19
BRDA:26,0,0,2
BRDA:26,0,1,1
BRDA:28,1,0,1
BRDA:28,1,1,1
BRDA:45,2,0,1
BRDA:51,3,0,1
BRDA:51,4,0,2
BRDA:51,4,1,1
BRF:8
BRH:8
end_of_record
TN:
SF:src\specs\codeMarkSpec.ts
FN:7,(anonymous_0)
FNF:1
FNH:1
FNDA:1,(anonymous_0)
DA:3,3
DA:5,3
DA:8,1
DA:12,3
LF:4
LH:4
BRF:0
BRH:0
end_of_record
TN:
SF:src\specs\convertToCSSPTValue.ts
FN:8,convertToCSSPTValue
FNF:1
FNH:1
FNDA:6,convertToCSSPTValue
DA:3,1
DA:5,1
DA:6,1
DA:8,1
DA:9,6
DA:10,6
DA:11,3
DA:13,3
DA:14,3
DA:15,3
DA:16,0
DA:18,3
DA:19,2
DA:21,3
LF:14
LH:13
BRDA:10,0,0,3
BRDA:15,1,0,0
BRDA:15,2,0,3
BRDA:15,2,1,3
BRDA:18,3,0,2
BRF:5
BRH:4
end_of_record
TN:
SF:src\specs\emMarkSpec.ts
FN:11,(anonymous_0)
FN:19,(anonymous_1)
FN:26,(anonymous_2)
FN:33,(anonymous_3)
FNF:4
FNH:1
FNDA:0,(anonymous_0)
FNDA:0,(anonymous_1)
FNDA:0,(anonymous_2)
FNDA:1,(anonymous_3)
DA:4,3
DA:12,0
DA:13,0
DA:20,0
DA:21,0
DA:27,0
DA:28,0
DA:34,1
DA:38,3
LF:9
LH:3
BRF:0
BRH:0
end_of_record
TN:
SF:src\specs\fontSizeMarkSpec.ts
FN:15,(anonymous_0)
FN:40,(anonymous_1)
FNF:2
FNH:2
FNDA:3,(anonymous_0)
FNDA:2,(anonymous_1)
DA:3,3
DA:5,3
DA:16,3
DA:17,3
DA:18,0
DA:19,0
DA:21,0
DA:22,0
DA:24,0
DA:25,0
DA:27,0
DA:28,0
DA:31,0
DA:33,0
DA:41,2
DA:42,2
DA:44,2
DA:45,1
DA:46,1
DA:49,2
DA:53,3
LF:21
LH:11
BRDA:16,0,0,3
BRDA:16,0,1,3
BRDA:21,1,0,0
BRDA:21,1,1,0
BRDA:22,2,0,0
BRDA:22,2,1,0
BRDA:24,3,0,0
BRDA:27,4,0,0
BRDA:31,5,0,0
BRDA:31,5,1,0
BRDA:31,5,2,0
BRDA:31,5,3,0
BRDA:34,6,0,0
BRDA:34,6,1,0
BRDA:44,7,0,1
BRF:15
BRH:3
end_of_record
TN:
SF:src\specs\fontTypeMarkSpec.ts
FN:25,preLoadFonts
FN:26,(anonymous_1)
FN:34,loadAndCacheFont
FN:50,(anonymous_3)
FN:74,(anonymous_4)
FNF:5
FNH:3
FNDA:0,preLoadFonts
FNDA:0,(anonymous_1)
FNDA:1,loadAndCacheFont
FNDA:3,(anonymous_3)
FNDA:2,(anonymous_4)
DA:6,13
DA:25,13
DA:26,0
DA:27,0
DA:32,13
DA:36,1
DA:39,13
DA:52,3
DA:53,3
DA:54,3
DA:55,3
DA:57,3
DA:58,0
DA:60,3
DA:61,0
DA:64,3
DA:66,3
DA:75,2
DA:76,2
DA:77,2
DA:78,1
DA:79,1
DA:81,1
DA:83,2
DA:87,13
LF:25
LH:21
BRDA:52,0,0,3
BRDA:52,0,1,3
BRDA:53,1,0,3
BRDA:53,1,1,3
BRDA:57,2,0,0
BRDA:58,3,0,0
BRDA:58,3,1,0
BRDA:60,4,0,0
BRDA:61,5,0,0
BRDA:61,5,1,0
BRDA:64,6,0,3
BRDA:64,6,1,0
BRDA:64,6,2,3
BRDA:64,6,3,0
BRDA:67,7,0,3
BRDA:67,7,1,3
BRDA:67,7,2,3
BRDA:77,8,0,1
BRDA:78,9,0,1
BRF:19
BRH:11
end_of_record
TN:
SF:src\specs\hardBreakNodeSpec.ts
FN:10,(anonymous_0)
FNF:1
FNH:1
FNDA:1,(anonymous_0)
DA:3,1
DA:5,1
DA:11,1
DA:15,1
LF:4
LH:4
BRF:0
BRH:0
end_of_record
TN:
SF:src\specs\linkMarkSpec.ts
FN:17,(anonymous_0)
FN:30,(anonymous_1)
FNF:2
FNH:2
FNDA:2,(anonymous_0)
FNDA:1,(anonymous_1)
DA:3,3
DA:18,2
DA:19,2
DA:20,2
DA:21,2
DA:31,1
DA:35,3
LF:7
LH:7
BRDA:19,0,0,1
BRDA:19,0,1,1
BRDA:19,1,0,2
BRDA:19,1,1,2
BRDA:20,2,0,2
BRDA:20,2,1,2
BRF:6
BRH:6
end_of_record
TN:
SF:src\specs\listItemNodeSpec.ts
FN:8,getAttrs
FN:39,(anonymous_1)
FNF:2
FNH:2
FNDA:6,getAttrs
FNDA:2,(anonymous_1)
DA:4,4
DA:6,4
DA:9,6
DA:10,6
DA:11,6
DA:12,6
DA:14,6
DA:15,3
DA:17,6
DA:20,4
DA:40,2
DA:41,2
DA:42,2
DA:43,1
DA:45,2
DA:49,4
LF:16
LH:16
BRDA:11,0,0,6
BRDA:11,0,1,3
BRDA:11,0,2,1
BRDA:12,1,0,3
BRDA:12,1,1,3
BRDA:14,2,0,3
BRDA:42,3,0,1
BRF:7
BRH:7
end_of_record
TN:
SF:src\specs\orderedListNodeSpec.ts
FN:42,(anonymous_0)
FN:72,(anonymous_1)
FN:138,buildStyleClassEx
FN:151,buildStyleClass
FNF:4
FNH:4
FNDA:2,(anonymous_0)
FNDA:3,(anonymous_1)
FNDA:2,buildStyleClassEx
FNDA:1,buildStyleClass
DA:3,2
DA:4,2
DA:5,2
DA:13,2
DA:14,2
DA:24,2
DA:26,2
DA:43,2
DA:45,2
DA:47,2
DA:51,2
DA:55,2
DA:57,2
DA:58,2
DA:60,2
DA:81,3
DA:82,3
DA:86,3
DA:87,3
DA:90,3
DA:91,3
DA:94,3
DA:95,2
DA:98,3
DA:99,3
DA:102,3
DA:103,3
DA:105,3
DA:107,3
DA:108,3
DA:112,3
DA:113,3
DA:114,3
DA:115,1
DA:117,2
DA:125,0
DA:132,3
DA:134,3
DA:144,2
DA:152,1
DA:153,1
DA:154,1
DA:155,3
DA:157,1
DA:162,2
LF:45
LH:44
BRDA:45,0,0,2
BRDA:45,0,1,1
BRDA:47,1,0,2
BRDA:47,1,1,0
BRDA:51,2,0,1
BRDA:51,2,1,1
BRDA:55,3,0,2
BRDA:55,3,1,1
BRDA:57,4,0,2
BRDA:57,4,1,1
BRDA:58,5,0,2
BRDA:58,5,1,1
BRDA:86,6,0,3
BRDA:90,7,0,3
BRDA:94,8,0,2
BRDA:98,9,0,3
BRDA:102,10,0,3
BRDA:107,11,0,3
BRDA:107,12,0,3
BRDA:107,12,1,2
BRDA:113,13,0,3
BRDA:113,13,1,0
BRDA:114,14,0,1
BRDA:114,14,1,2
BRDA:146,15,0,2
BRDA:146,15,1,0
BRF:26
BRH:23
end_of_record
TN:
SF:src\specs\paragraphNodeSpec.ts
FN:105,getAttrs
FN:152,getStyle
FN:161,getStyleEx
FN:185,toDOM
FN:227,convertMarginLeftToIndentValue
FNF:5
FNH:5
FNDA:1,getAttrs
FNDA:1,getStyle
FNDA:1,getStyleEx
FNDA:1,toDOM
FNDA:4,convertMarginLeftToIndentValue
DA:2,4
DA:3,4
DA:7,4
DA:8,4
DA:9,4
DA:10,4
DA:11,4
DA:12,4
DA:13,4
DA:14,4
DA:16,4
DA:37,4
DA:42,4
DA:107,1
DA:109,1
DA:110,1
DA:112,1
DA:114,1
DA:115,1
DA:118,1
DA:120,1
DA:122,1
DA:123,1
DA:124,1
DA:125,1
DA:126,1
DA:128,1
DA:129,1
DA:130,1
DA:131,1
DA:132,1
DA:133,1
DA:153,1
DA:162,1
DA:163,1
DA:164,1
DA:167,1
DA:168,0
DA:169,0
DA:176,1
DA:177,1
DA:179,1
DA:180,1
DA:182,1
DA:197,1
DA:198,1
DA:199,1
DA:201,1
DA:203,1
DA:204,1
DA:206,1
DA:207,1
DA:209,1
DA:210,1
DA:211,1
DA:212,1
DA:213,1
DA:214,1
DA:215,1
DA:217,1
DA:218,0
DA:220,1
DA:223,4
DA:224,4
DA:225,4
DA:227,4
DA:228,4
DA:229,4
DA:232,4
LF:69
LH:66
BRDA:109,0,0,1
BRDA:109,0,1,0
BRDA:109,0,2,0
BRDA:110,1,0,1
BRDA:110,1,1,0
BRDA:114,2,0,1
BRDA:114,3,0,1
BRDA:114,3,1,1
BRDA:118,4,0,1
BRDA:118,4,1,0
BRDA:120,5,0,1
BRDA:120,5,1,0
BRDA:122,6,0,1
BRDA:122,6,1,0
BRDA:123,7,0,1
BRDA:123,7,1,1
BRDA:124,8,0,1
BRDA:124,8,1,1
BRDA:125,9,0,1
BRDA:125,9,1,1
BRDA:126,10,0,1
BRDA:126,10,1,1
BRDA:128,11,0,1
BRDA:128,11,1,1
BRDA:129,12,0,1
BRDA:129,12,1,1
BRDA:130,13,0,1
BRDA:130,13,1,1
BRDA:131,14,0,1
BRDA:131,14,1,1
BRDA:132,15,0,1
BRDA:132,15,1,1
BRDA:163,16,0,1
BRDA:163,17,0,1
BRDA:163,17,1,1
BRDA:167,18,0,0
BRDA:176,19,0,1
BRDA:176,20,0,1
BRDA:176,20,1,1
BRDA:179,21,0,1
BRDA:179,22,0,1
BRDA:179,22,1,1
BRDA:201,23,0,1
BRDA:201,23,1,1
BRDA:203,24,0,1
BRDA:206,25,0,1
BRDA:217,26,0,0
BRF:47
BRH:39
end_of_record
TN:
SF:src\specs\spacerMarkSpec.ts
FN:24,(anonymous_0)
FN:31,(anonymous_1)
FNF:2
FNH:2
FNDA:2,(anonymous_0)
FNDA:2,(anonymous_1)
DA:3,3
DA:4,3
DA:5,3
DA:8,3
DA:10,3
DA:25,2
DA:32,2
DA:33,2
DA:43,3
LF:9
LH:9
BRDA:26,0,0,2
BRDA:26,0,1,1
BRF:2
BRH:2
end_of_record
TN:
SF:src\specs\strikeMarkSpec.ts
FN:11,(anonymous_0)
FN:17,(anonymous_1)
FNF:2
FNH:2
FNDA:3,(anonymous_0)
FNDA:1,(anonymous_1)
DA:4,3
DA:12,3
DA:13,1
DA:18,1
DA:22,3
LF:5
LH:5
BRF:0
BRH:0
end_of_record
TN:
SF:src\specs\strongMarkSpec.ts
FN:13,(anonymous_0)
FN:20,(anonymous_1)
FN:27,(anonymous_2)
FN:34,(anonymous_3)
FNF:4
FNH:4
FNDA:2,(anonymous_0)
FNDA:1,(anonymous_1)
FNDA:2,(anonymous_2)
FNDA:2,(anonymous_3)
DA:5,4
DA:14,2
DA:15,2
DA:21,1
DA:22,1
DA:28,2
DA:29,2
DA:35,2
DA:39,4
LF:9
LH:9
BRF:0
BRH:0
end_of_record
TN:
SF:src\specs\textColorMarkSpec.ts
FN:15,(anonymous_1)
FN:25,(anonymous_2)
FNF:2
FNH:2
FNDA:1,(anonymous_1)
FNDA:2,(anonymous_2)
DA:3,3
DA:5,3
DA:16,1
DA:17,0
DA:18,0
DA:26,2
DA:27,2
DA:28,2
DA:29,1
DA:30,1
DA:32,2
DA:36,3
LF:12
LH:10
BRDA:28,0,0,1
BRF:1
BRH:1
end_of_record
TN:
SF:src\specs\textHighlightMarkSpec.ts
FN:16,(anonymous_0)
FN:29,(anonymous_1)
FNF:2
FNH:2
FNDA:3,(anonymous_0)
FNDA:3,(anonymous_1)
DA:3,3
DA:5,3
DA:17,3
DA:18,3
DA:19,3
DA:21,3
DA:30,3
DA:31,3
DA:33,3
DA:34,2
DA:38,3
DA:40,3
DA:44,3
LF:13
LH:13
BRDA:22,0,0,1
BRDA:22,0,1,2
BRDA:33,1,0,2
BRF:3
BRH:3
end_of_record
TN:
SF:src\specs\textNoWrapMarkSpec.ts
FN:7,(anonymous_0)
FNF:1
FNH:1
FNDA:1,(anonymous_0)
DA:3,3
DA:5,3
DA:8,1
DA:12,3
LF:4
LH:4
BRF:0
BRH:0
end_of_record
TN:
SF:src\specs\textSelectionMarkSpec.ts
FN:15,(anonymous_0)
FNF:1
FNH:1
FNDA:1,(anonymous_0)
DA:3,3
DA:16,1
DA:20,3
LF:3
LH:3
BRF:0
BRH:0
end_of_record
TN:
SF:src\specs\textSubMarkSpec.ts
FN:11,(anonymous_0)
FN:18,(anonymous_1)
FN:21,(anonymous_2)
FNF:3
FNH:3
FNDA:2,(anonymous_0)
FNDA:2,(anonymous_1)
FNDA:2,(anonymous_2)
DA:3,3
DA:12,2
DA:13,2
DA:18,2
DA:22,2
DA:26,3
LF:6
LH:6
BRDA:18,0,0,1
BRDA:18,0,1,1
BRF:2
BRH:2
end_of_record
TN:
SF:src\specs\textSuperMarkSpec.ts
FN:10,(anonymous_0)
FN:18,(anonymous_1)
FN:21,(anonymous_2)
FNF:3
FNH:3
FNDA:2,(anonymous_0)
FNDA:2,(anonymous_1)
FNDA:2,(anonymous_2)
DA:3,3
DA:11,2
DA:12,2
DA:18,2
DA:22,2
DA:26,3
LF:6
LH:6
BRDA:18,0,0,1
BRDA:18,0,1,1
BRF:2
BRH:2
end_of_record
TN:
SF:src\specs\textUnderlineMarkSpec.ts
FN:11,(anonymous_0)
FN:17,(anonymous_1)
FNF:2
FNH:2
FNDA:2,(anonymous_0)
FNDA:2,(anonymous_1)
DA:4,3
DA:12,2
DA:13,2
DA:18,2
DA:22,3
LF:5
LH:5
BRF:0
BRH:0
end_of_record
TN:
SF:src\ui\commandButton.tsx
FN:26,(anonymous_7)
FN:64,(anonymous_8)
FN:73,(anonymous_9)
FNF:3
FNH:3
FNDA:3,(anonymous_7)
FNDA:1,(anonymous_8)
FNDA:1,(anonymous_9)
DA:1,2
DA:5,2
DA:7,2
DA:8,2
DA:23,2
DA:36,3
DA:37,3
DA:38,3
DA:39,3
DA:40,2
DA:42,3
DA:43,3
DA:48,3
DA:64,4
DA:68,1
DA:69,1
DA:73,4
DA:77,1
DA:78,1
DA:82,2
LF:20
LH:20
BRDA:39,0,0,2
BRDA:40,1,0,2
BRDA:40,1,1,2
BRDA:43,2,0,1
BRDA:43,2,1,2
BRDA:57,3,0,2
BRDA:57,3,1,1
BRDA:68,4,0,1
BRF:8
BRH:8
end_of_record
TN:
SF:src\ui\commandMenu.tsx
FN:29,(anonymous_7)
FN:34,(anonymous_8)
FN:35,(anonymous_9)
FN:74,(anonymous_10)
FN:122,(anonymous_11)
FN:150,(anonymous_12)
FN:158,(anonymous_13)
FNF:7
FNH:7
FNDA:1,(anonymous_7)
FNDA:3,(anonymous_8)
FNDA:3,(anonymous_9)
FNDA:2,(anonymous_10)
FNDA:1,(anonymous_11)
FNDA:1,(anonymous_12)
FNDA:1,(anonymous_13)
DA:4,7
DA:6,7
DA:7,7
DA:9,7
DA:10,7
DA:12,7
DA:25,2
DA:30,1
DA:31,1
DA:32,1
DA:34,1
DA:35,3
DA:36,3
DA:37,3
DA:38,2
DA:39,2
DA:40,2
DA:43,2
DA:45,0
DA:59,2
DA:63,1
DA:64,1
DA:67,3
DA:68,2
DA:71,1
DA:74,2
DA:81,2
DA:122,2
DA:127,1
DA:128,1
DA:129,1
DA:130,1
DA:131,1
DA:134,1
DA:150,2
DA:151,1
DA:152,1
DA:153,1
DA:154,1
DA:158,2
DA:159,1
DA:160,1
DA:161,1
DA:166,7
LF:44
LH:43
BRDA:37,0,0,2
BRDA:37,0,1,1
BRDA:43,1,0,2
BRDA:43,1,1,2
BRDA:63,2,0,1
BRDA:67,3,0,2
BRDA:87,4,0,1
BRDA:87,4,1,1
BRDA:87,5,0,1
BRDA:87,5,1,1
BRDA:130,6,0,1
BRDA:130,7,0,1
BRDA:130,7,1,1
BRDA:143,8,0,0
BRDA:143,8,1,1
BRDA:144,9,0,0
BRDA:144,9,1,1
BRDA:151,10,0,1
BRDA:152,11,0,1
BRDA:152,11,1,1
BRDA:160,12,0,1
BRF:21
BRH:19
end_of_record
TN:
SF:src\ui\commandMenuButton.tsx
FN:48,(anonymous_7)
FN:64,(anonymous_8)
FN:65,(anonymous_9)
FN:117,(anonymous_10)
FN:121,(anonymous_11)
FN:129,(anonymous_12)
FN:136,(anonymous_13)
FN:169,(anonymous_14)
FN:174,(anonymous_15)
FNF:9
FNH:9
FNDA:7,(anonymous_7)
FNDA:5,(anonymous_8)
FNDA:5,(anonymous_9)
FNDA:7,(anonymous_10)
FNDA:3,(anonymous_11)
FNDA:9,(anonymous_12)
FNDA:2,(anonymous_13)
FNDA:1,(anonymous_14)
FNDA:1,(anonymous_15)
DA:1,7
DA:4,7
DA:6,7
DA:7,7
DA:13,7
DA:14,7
DA:15,7
DA:16,7
DA:40,7
DA:41,12
DA:42,12
DA:44,12
DA:49,7
DA:61,7
DA:63,7
DA:65,5
DA:66,5
DA:67,5
DA:68,5
DA:69,5
DA:70,5
DA:74,2
DA:76,5
DA:80,7
DA:81,7
DA:83,7
DA:96,7
DA:102,7
DA:118,7
DA:121,12
DA:122,3
DA:123,3
DA:126,3
DA:129,12
DA:130,9
DA:131,9
DA:132,9
DA:136,12
DA:137,2
DA:138,2
DA:143,2
DA:144,1
DA:146,1
DA:147,1
DA:148,1
DA:150,1
DA:159,1
DA:160,1
DA:162,1
DA:163,0
DA:165,1
DA:169,12
DA:170,1
DA:171,1
DA:174,12
DA:175,1
DA:176,1
DA:177,1
DA:182,7
LF:59
LH:58
BRDA:63,0,0,7
BRDA:63,0,1,5
BRDA:71,1,0,5
BRDA:71,1,1,5
BRDA:106,2,0,7
BRDA:106,2,1,5
BRDA:126,3,0,2
BRDA:126,3,1,1
BRDA:132,4,0,9
BRDA:132,4,1,1
BRDA:143,5,0,1
BRDA:143,5,1,1
BRDA:147,6,0,1
BRDA:155,7,0,0
BRDA:155,7,1,1
BRDA:159,8,0,1
BRDA:162,9,0,0
BRDA:175,10,0,1
BRF:18
BRH:16
end_of_record
TN:
SF:src\ui\customMenu.tsx
FN:11,(anonymous_7)
FNF:1
FNH:1
FNDA:5,(anonymous_7)
DA:1,8
DA:3,8
DA:4,8
DA:5,8
DA:12,5
DA:13,5
DA:14,5
DA:17,5
DA:26,8
LF:9
LH:9
BRF:0
BRH:0
end_of_record
TN:
SF:src\ui\customMenuItem.tsx
FN:17,(anonymous_6)
FN:27,(anonymous_7)
FNF:2
FNH:2
FNDA:3,(anonymous_6)
FNDA:4,(anonymous_7)
DA:1,8
DA:2,8
DA:8,8
DA:18,3
DA:23,8
DA:24,8
DA:32,4
DA:33,4
DA:34,1
DA:36,4
DA:40,8
LF:11
LH:11
BRDA:33,0,0,1
BRF:1
BRH:1
end_of_record
TN:
SF:src\ui\customRadioButton.tsx
FN:22,(anonymous_7)
FNF:1
FNH:1
FNDA:22,(anonymous_7)
DA:1,14
DA:2,14
DA:7,14
DA:8,14
DA:9,14
DA:20,22
DA:33,22
DA:35,22
DA:40,22
DA:64,14
LF:10
LH:10
BRDA:46,0,0,22
BRDA:46,0,1,21
BRDA:52,1,0,22
BRDA:52,1,1,22
BRDA:54,2,0,1
BRDA:54,2,1,21
BRF:6
BRH:6
end_of_record
TN:
SF:src\ui\docLayoutEditor.tsx
FN:38,(anonymous_7)
FN:56,(anonymous_8)
FN:67,(anonymous_9)
FN:125,(anonymous_10)
FN:129,(anonymous_11)
FN:133,(anonymous_12)
FNF:6
FNH:6
FNDA:1,(anonymous_7)
FNDA:8,(anonymous_8)
FNDA:4,(anonymous_9)
FNDA:1,(anonymous_10)
FNDA:1,(anonymous_11)
FNDA:2,(anonymous_12)
DA:1,13
DA:2,13
DA:3,13
DA:4,13
DA:8,13
DA:10,13
DA:11,13
DA:32,13
DA:33,8
DA:37,13
DA:39,1
DA:40,1
DA:45,1
DA:50,0
DA:57,8
DA:58,8
DA:59,8
DA:60,8
DA:68,4
DA:69,4
DA:70,4
DA:71,4
DA:72,4
DA:73,4
DA:74,4
DA:84,4
DA:125,8
DA:126,1
DA:129,8
DA:130,1
DA:133,8
DA:134,2
DA:135,2
DA:136,1
DA:138,1
DA:143,13
LF:36
LH:35
BRDA:40,0,0,1
BRDA:41,1,0,1
BRDA:41,1,1,0
BRDA:41,1,2,0
BRDA:59,2,0,8
BRDA:59,2,1,2
BRDA:63,3,0,8
BRDA:63,3,1,6
BRDA:63,3,2,2
BRDA:74,4,0,1
BRDA:74,4,1,3
BRDA:135,5,0,1
BRDA:135,5,1,1
BRF:13
BRH:11
end_of_record
TN:
SF:src\ui\editor.tsx
FNF:0
FNH:0
DA:7,1
DA:8,1
DA:39,1
LF:3
LH:3
BRF:0
BRH:0
end_of_record
TN:
SF:src\ui\editorFrameset.tsx
FN:20,toCSS
FN:37,(anonymous_8)
FNF:2
FNH:2
FNDA:8,toCSS
FNDA:4,(anonymous_8)
DA:1,2
DA:2,2
DA:3,2
DA:5,2
DA:18,2
DA:21,8
DA:24,2
DA:26,6
DA:27,1
DA:30,5
DA:34,2
DA:47,4
DA:49,4
DA:54,4
DA:62,4
DA:63,4
DA:66,4
DA:67,4
DA:69,4
DA:87,2
LF:20
LH:20
BRDA:21,0,0,2
BRDA:21,1,0,8
BRDA:21,1,1,7
BRDA:26,2,0,1
BRDA:57,3,0,4
BRDA:57,3,1,2
BRDA:66,4,0,4
BRDA:66,4,1,0
BRDA:66,5,0,4
BRDA:66,5,1,4
BRDA:67,6,0,4
BRDA:67,6,1,0
BRF:12
BRH:10
end_of_record
TN:
SF:src\ui\editorToolbar.tsx
FN:42,(anonymous_7)
FN:69,(anonymous_8)
FN:71,(anonymous_9)
FN:72,(anonymous_10)
FN:74,(anonymous_11)
FN:94,(anonymous_12)
FN:95,(anonymous_13)
FN:117,(anonymous_14)
FN:202,(anonymous_15)
FN:203,(anonymous_16)
FN:225,(anonymous_17)
FN:229,(anonymous_18)
FN:234,(anonymous_19)
FN:235,(anonymous_20)
FN:251,(anonymous_21)
FN:258,(anonymous_22)
FN:289,(anonymous_23)
FN:300,(anonymous_24)
FN:302,(anonymous_25)
FN:393,(anonymous_26)
FN:417,(anonymous_27)
FN:441,(anonymous_28)
FN:459,(anonymous_29)
FN:473,(anonymous_30)
FNF:24
FNH:24
FNDA:9,(anonymous_7)
FNDA:5,(anonymous_8)
FNDA:10,(anonymous_9)
FNDA:5,(anonymous_10)
FNDA:5,(anonymous_11)
FNDA:10,(anonymous_12)
FNDA:10,(anonymous_13)
FNDA:4,(anonymous_14)
FNDA:5,(anonymous_15)
FNDA:10,(anonymous_16)
FNDA:5,(anonymous_17)
FNDA:10,(anonymous_18)
FNDA:5,(anonymous_19)
FNDA:10,(anonymous_20)
FNDA:4,(anonymous_21)
FNDA:4,(anonymous_22)
FNDA:5,(anonymous_23)
FNDA:10,(anonymous_24)
FNDA:20,(anonymous_25)
FNDA:2,(anonymous_26)
FNDA:2,(anonymous_27)
FNDA:20,(anonymous_28)
FNDA:4,(anonymous_29)
FNDA:2,(anonymous_30)
DA:1,2
DA:5,2
DA:6,2
DA:8,2
DA:9,2
DA:10,2
DA:11,2
DA:12,2
DA:13,2
DA:14,2
DA:15,2
DA:17,2
DA:24,2
DA:25,26
DA:37,26
DA:43,9
DA:44,9
DA:45,9
DA:46,9
DA:48,9
DA:49,9
DA:51,9
DA:52,0
DA:54,9
DA:55,9
DA:68,9
DA:69,5
DA:70,5
DA:71,10
DA:73,5
DA:74,5
DA:77,5
DA:79,5
DA:86,0
DA:89,5
DA:92,5
DA:94,5
DA:95,10
DA:96,10
DA:97,5
DA:98,5
DA:100,10
DA:103,5
DA:106,5
DA:107,5
DA:109,5
DA:115,4
DA:117,4
DA:121,9
DA:203,5
DA:204,10
DA:205,5
DA:206,5
DA:207,5
DA:208,5
DA:211,5
DA:215,5
DA:218,5
DA:221,10
DA:225,26
DA:226,5
DA:227,5
DA:229,5
DA:230,10
DA:234,10
DA:235,10
DA:236,5
DA:239,10
DA:242,5
DA:251,26
DA:255,4
DA:256,4
DA:257,4
DA:259,4
DA:260,4
DA:262,1
DA:263,1
DA:264,1
DA:272,3
DA:273,1
DA:274,2
DA:275,1
DA:277,1
DA:281,4
DA:289,26
DA:294,5
DA:295,5
DA:296,5
DA:297,5
DA:298,5
DA:299,5
DA:300,5
DA:301,10
DA:303,20
DA:304,10
DA:305,10
DA:306,10
DA:308,2
DA:309,2
DA:310,2
DA:318,8
DA:319,1
DA:320,7
DA:321,1
DA:323,6
DA:332,5
DA:393,26
DA:398,2
DA:399,2
DA:400,2
DA:401,2
DA:402,2
DA:417,26
DA:423,2
DA:424,2
DA:426,2
DA:441,26
DA:442,20
DA:443,10
DA:445,10
DA:446,10
DA:447,2
DA:451,10
DA:452,10
DA:453,1
DA:455,10
DA:459,26
DA:460,4
DA:461,4
DA:462,4
DA:463,4
DA:464,4
DA:465,4
DA:467,2
DA:469,2
DA:473,26
DA:474,2
DA:478,2
LF:138
LH:136
BRDA:51,0,0,0
BRDA:51,1,0,9
BRDA:51,1,1,0
BRDA:54,2,0,0
BRDA:54,2,1,9
BRDA:55,3,0,1
BRDA:55,3,1,8
BRDA:68,4,0,5
BRDA:68,4,1,4
BRDA:68,5,0,9
BRDA:68,5,1,9
BRDA:77,6,0,5
BRDA:92,7,0,5
BRDA:92,8,0,5
BRDA:92,8,1,5
BRDA:96,9,0,5
BRDA:116,10,0,4
BRDA:116,10,1,4
BRDA:116,10,2,0
BRDA:117,11,0,4
BRDA:117,11,1,4
BRDA:204,12,0,5
BRDA:204,12,1,5
BRDA:206,13,0,5
BRDA:206,13,1,0
BRDA:206,14,0,5
BRDA:206,14,1,5
BRDA:207,15,0,5
BRDA:230,16,0,10
BRDA:230,16,1,0
BRDA:234,17,0,5
BRDA:260,18,0,1
BRDA:260,18,1,3
BRDA:272,19,0,1
BRDA:272,19,1,2
BRDA:274,20,0,1
BRDA:274,20,1,1
BRDA:303,21,0,10
BRDA:306,22,0,2
BRDA:306,22,1,8
BRDA:318,23,0,1
BRDA:318,23,1,7
BRDA:320,24,0,1
BRDA:320,24,1,6
BRDA:401,25,0,2
BRDA:401,25,1,0
BRDA:411,26,0,0
BRDA:411,26,1,2
BRDA:435,27,0,0
BRDA:435,27,1,2
BRDA:442,28,0,10
BRDA:442,28,1,10
BRDA:446,29,0,2
BRDA:451,30,0,10
BRDA:451,30,1,9
BRDA:452,31,0,1
BRDA:461,32,0,4
BRDA:461,32,1,3
BRDA:463,33,0,4
BRDA:463,33,1,3
BRDA:464,34,0,4
BRDA:464,34,1,3
BRDA:465,35,0,2
BRDA:465,36,0,4
BRDA:465,36,1,2
BRF:65
BRH:56
end_of_record
TN:
SF:src\ui\editorToolbarConfig.ts
FN:19,parseLabel
FN:40,isExpandButton
FNF:2
FNH:2
FNDA:11,parseLabel
FNDA:11,isExpandButton
DA:3,9
DA:4,9
DA:5,9
DA:6,9
DA:7,9
DA:10,9
DA:17,9
DA:19,9
DA:20,11
DA:21,11
DA:28,3
DA:29,3
DA:34,8
DA:40,9
DA:41,11
DA:81,9
DA:83,9
DA:116,9
DA:125,9
DA:149,9
LF:20
LH:20
BRDA:21,0,0,3
BRDA:30,1,0,2
BRDA:30,1,1,1
BRDA:31,2,0,3
BRDA:31,2,1,1
BRDA:36,3,0,8
BRDA:36,3,1,1
BRF:7
BRH:7
end_of_record
TN:
SF:src\ui\fontSizeCommandMenuButton.tsx
FN:23,(anonymous_7)
FN:35,(anonymous_8)
FNF:2
FNH:2
FNDA:126,(anonymous_7)
FNDA:2,(anonymous_8)
DA:4,9
DA:6,9
DA:7,9
DA:8,9
DA:19,9
DA:23,9
DA:24,126
DA:25,126
DA:28,9
DA:36,2
DA:37,2
DA:39,2
DA:40,2
DA:56,9
LF:14
LH:14
BRDA:39,0,0,2
BRDA:39,0,1,0
BRDA:46,1,0,1
BRDA:46,1,1,1
BRDA:46,2,0,2
BRDA:46,2,1,2
BRF:6
BRH:5
end_of_record
TN:
SF:src\ui\fontTypeCommandMenuButton.tsx
FN:20,(anonymous_7)
FN:29,(anonymous_8)
FNF:2
FNH:2
FNDA:99,(anonymous_7)
FNDA:2,(anonymous_8)
DA:1,9
DA:2,9
DA:3,9
DA:5,9
DA:6,9
DA:16,9
DA:20,9
DA:21,99
DA:24,9
DA:30,2
DA:31,2
DA:32,2
DA:48,9
LF:13
LH:13
BRDA:38,0,0,1
BRDA:38,0,1,1
BRDA:38,1,0,2
BRDA:38,1,1,2
BRF:4
BRH:4
end_of_record
TN:
SF:src\ui\frag.tsx
FN:9,(anonymous_6)
FNF:1
FNH:1
FNDA:1,(anonymous_6)
DA:1,3
DA:3,3
DA:10,1
DA:14,3
LF:4
LH:4
BRF:0
BRH:0
end_of_record
TN:
SF:src\ui\icon.tsx
FN:17,(anonymous_1)
FN:99,(anonymous_2)
FN:113,(anonymous_3)
FN:206,(anonymous_4)
FNF:4
FNH:4
FNDA:9,(anonymous_1)
FNDA:10,(anonymous_2)
FNDA:12,(anonymous_3)
FNDA:6,(anonymous_4)
DA:2,9
DA:4,9
DA:5,9
DA:8,9
DA:10,9
DA:12,9
DA:13,9
DA:15,9
DA:17,9
DA:19,9
DA:92,9
DA:94,6
DA:100,10
DA:101,10
DA:102,10
DA:103,10
DA:114,12
DA:115,12
DA:116,12
DA:117,12
DA:135,12
DA:137,12
DA:138,2
DA:140,10
DA:141,10
DA:169,8
DA:170,8
DA:172,2
DA:176,10
DA:177,10
DA:195,12
DA:207,6
DA:209,6
DA:210,6
DA:230,6
DA:232,1
DA:234,5
DA:235,5
DA:265,4
DA:266,4
DA:268,1
DA:272,5
DA:273,5
DA:274,5
DA:278,5
DA:279,5
DA:314,9
LF:47
LH:47
BRDA:100,0,0,10
BRDA:100,0,1,0
BRDA:100,1,0,10
BRDA:100,1,1,5
BRDA:101,2,0,10
BRDA:101,2,1,6
BRDA:137,3,0,2
BRDA:137,3,1,10
BRDA:141,4,0,0
BRDA:141,4,1,8
BRDA:141,4,2,8
BRDA:141,4,3,8
BRDA:141,4,4,8
BRDA:141,4,5,8
BRDA:141,4,6,8
BRDA:141,4,7,8
BRDA:141,4,8,8
BRDA:141,4,9,8
BRDA:141,4,10,8
BRDA:141,4,11,8
BRDA:141,4,12,8
BRDA:141,4,13,8
BRDA:141,4,14,8
BRDA:141,4,15,8
BRDA:141,4,16,8
BRDA:141,4,17,8
BRDA:141,4,18,8
BRDA:141,4,19,8
BRDA:141,4,20,8
BRDA:141,4,21,8
BRDA:141,4,22,8
BRDA:141,4,23,8
BRDA:141,4,24,8
BRDA:141,4,25,8
BRDA:141,4,26,8
BRDA:141,4,27,2
BRDA:176,5,0,6
BRDA:176,5,1,4
BRDA:230,6,0,1
BRDA:230,6,1,5
BRDA:230,7,0,6
BRDA:230,7,1,5
BRDA:235,8,0,0
BRDA:235,8,1,4
BRDA:235,8,2,4
BRDA:235,8,3,4
BRDA:235,8,4,4
BRDA:235,8,5,4
BRDA:235,8,6,4
BRDA:235,8,7,4
BRDA:235,8,8,4
BRDA:235,8,9,4
BRDA:235,8,10,4
BRDA:235,8,11,4
BRDA:235,8,12,4
BRDA:235,8,13,4
BRDA:235,8,14,4
BRDA:235,8,15,4
BRDA:235,8,16,4
BRDA:235,8,17,4
BRDA:235,8,18,4
BRDA:235,8,19,4
BRDA:235,8,20,4
BRDA:235,8,21,4
BRDA:235,8,22,4
BRDA:235,8,23,4
BRDA:235,8,24,4
BRDA:235,8,25,4
BRDA:235,8,26,4
BRDA:235,8,27,4
BRDA:235,8,28,1
BRDA:272,9,0,3
BRDA:272,9,1,2
BRF:73
BRH:70
end_of_record
TN:
SF:src\ui\linkTooltip.tsx
FN:10,isBookMarkHref
FN:29,(anonymous_8)
FN:57,(anonymous_9)
FN:64,(anonymous_10)
FNF:4
FNH:4
FNDA:2,isBookMarkHref
FNDA:1,(anonymous_8)
FNDA:2,(anonymous_9)
FNDA:1,(anonymous_10)
DA:2,3
DA:3,3
DA:5,3
DA:6,3
DA:8,3
DA:11,2
DA:23,3
DA:25,3
DA:30,1
DA:34,1
DA:57,3
DA:58,2
DA:59,1
DA:60,1
DA:61,1
DA:62,1
DA:63,1
DA:64,1
DA:66,1
DA:74,1
DA:76,1
DA:77,1
DA:82,3
LF:23
LH:23
BRDA:11,0,0,2
BRDA:11,0,1,2
BRDA:11,0,2,1
BRDA:58,1,0,1
BRDA:61,2,0,1
BRDA:76,3,0,1
BRF:6
BRH:6
end_of_record
TN:
SF:src\ui\linkURLEditor.tsx
FN:26,(anonymous_7)
FN:45,(anonymous_8)
FN:90,(anonymous_9)
FN:97,(anonymous_10)
FN:107,(anonymous_11)
FN:111,(anonymous_12)
FNF:6
FNH:6
FNDA:2,(anonymous_7)
FNDA:6,(anonymous_8)
FNDA:1,(anonymous_9)
FNDA:1,(anonymous_10)
FNDA:1,(anonymous_11)
FNDA:1,(anonymous_12)
DA:1,14
DA:2,14
DA:4,14
DA:5,14
DA:10,14
DA:11,14
DA:12,14
DA:18,14
DA:24,14
DA:27,2
DA:28,2
DA:33,1
DA:37,1
DA:41,7
DA:46,6
DA:47,6
DA:49,6
DA:50,6
DA:51,6
DA:52,6
DA:53,6
DA:54,5
DA:55,5
DA:57,1
DA:59,6
DA:60,6
DA:61,6
DA:90,7
DA:91,1
DA:92,1
DA:93,1
DA:97,7
DA:98,1
DA:99,1
DA:100,1
DA:101,1
DA:107,7
DA:108,1
DA:111,7
DA:112,1
DA:113,1
DA:114,1
DA:119,14
LF:43
LH:43
BRDA:28,0,0,1
BRDA:29,1,0,2
BRDA:29,1,1,1
BRDA:29,1,2,0
BRDA:49,2,0,5
BRDA:49,2,1,1
BRDA:53,3,0,5
BRDA:53,3,1,1
BRDA:54,4,0,5
BRDA:54,4,1,0
BRDA:57,5,0,1
BRDA:57,5,1,1
BRDA:73,6,0,6
BRDA:73,6,1,1
BRDA:91,7,0,1
BRDA:99,8,0,1
BRDA:113,9,0,1
BRDA:113,10,0,1
BRDA:113,10,1,1
BRF:19
BRH:17
end_of_record
TN:
SF:src\ui\listTypeButton.tsx
FN:39,(anonymous_7)
FN:44,(anonymous_8)
FN:45,(anonymous_9)
FN:76,(anonymous_10)
FN:80,(anonymous_11)
FN:88,(anonymous_12)
FN:94,(anonymous_13)
FN:110,(anonymous_14)
FN:115,(anonymous_15)
FNF:9
FNH:9
FNDA:3,(anonymous_7)
FNDA:2,(anonymous_8)
FNDA:2,(anonymous_9)
FNDA:3,(anonymous_10)
FNDA:2,(anonymous_11)
FNDA:5,(anonymous_12)
FNDA:1,(anonymous_13)
FNDA:1,(anonymous_14)
FNDA:1,(anonymous_15)
DA:5,11
DA:9,11
DA:10,11
DA:11,11
DA:12,11
DA:13,11
DA:29,11
DA:32,7
DA:33,7
DA:35,7
DA:41,3
DA:43,3
DA:45,2
DA:46,2
DA:47,2
DA:48,2
DA:50,0
DA:52,2
DA:56,3
DA:57,3
DA:62,3
DA:77,3
DA:80,7
DA:81,2
DA:82,2
DA:85,2
DA:88,7
DA:89,5
DA:90,5
DA:91,5
DA:94,7
DA:95,1
DA:96,1
DA:100,1
DA:101,0
DA:103,1
DA:110,7
DA:111,1
DA:112,1
DA:115,7
DA:116,1
DA:117,1
DA:118,1
DA:123,11
LF:44
LH:42
BRDA:43,0,0,3
BRDA:43,0,1,2
BRDA:85,1,0,1
BRDA:85,1,1,1
BRDA:91,2,0,5
BRDA:91,2,1,1
BRDA:100,3,0,0
BRDA:100,3,1,1
BRDA:116,4,0,1
BRF:9
BRH:8
end_of_record
TN:
SF:src\ui\listTypeCommandButton.tsx
FN:45,(anonymous_7)
FN:60,(anonymous_8)
FNF:2
FNH:2
FNDA:70,(anonymous_7)
FNDA:2,(anonymous_8)
DA:4,10
DA:7,10
DA:8,10
DA:10,10
DA:11,10
DA:12,10
DA:42,10
DA:45,10
DA:46,70
DA:47,70
DA:50,10
DA:53,10
DA:61,2
DA:62,2
DA:63,2
DA:64,2
DA:67,2
DA:68,2
DA:70,2
DA:85,10
LF:20
LH:20
BRDA:64,0,0,2
BRDA:64,1,0,2
BRDA:64,1,1,2
BRDA:68,2,0,1
BRDA:68,2,1,1
BRDA:68,3,0,2
BRDA:68,3,1,2
BRF:7
BRH:7
end_of_record
TN:
SF:src\ui\listTypeMenu.tsx
FN:36,(anonymous_7)
FN:42,(anonymous_8)
FN:43,(anonymous_9)
FN:50,(anonymous_10)
FN:61,(anonymous_11)
FN:67,(anonymous_12)
FNF:6
FNH:6
FNDA:3,(anonymous_7)
FNDA:3,(anonymous_8)
FNDA:6,(anonymous_9)
FNDA:1,(anonymous_10)
FNDA:1,(anonymous_11)
FNDA:1,(anonymous_12)
DA:1,12
DA:6,12
DA:7,12
DA:14,3
DA:29,3
DA:30,3
DA:32,3
DA:37,3
DA:38,3
DA:39,3
DA:40,3
DA:41,3
DA:42,3
DA:43,3
DA:44,6
DA:45,6
DA:50,1
DA:58,3
DA:61,3
DA:62,1
DA:63,1
DA:64,1
DA:67,3
DA:68,1
DA:69,1
DA:70,1
DA:75,12
LF:27
LH:27
BRDA:62,0,0,1
BRDA:62,0,1,0
BRDA:69,1,0,1
BRDA:70,2,0,1
BRDA:70,2,1,1
BRF:5
BRH:4
end_of_record
TN:
SF:src\ui\richTextEditor.tsx
FN:35,(anonymous_7)
FN:45,(anonymous_8)
FN:103,(anonymous_9)
FN:107,(anonymous_10)
FNF:4
FNH:4
FNDA:4,(anonymous_7)
FNDA:2,(anonymous_8)
FNDA:1,(anonymous_9)
FNDA:1,(anonymous_10)
DA:3,2
DA:4,2
DA:5,2
DA:6,2
DA:7,2
DA:8,2
DA:36,4
DA:37,4
DA:38,4
DA:60,2
DA:62,2
DA:63,2
DA:68,2
DA:80,2
DA:90,2
DA:103,4
DA:104,1
DA:107,4
DA:108,1
DA:109,1
DA:110,1
DA:111,1
DA:116,2
LF:23
LH:23
BRDA:68,0,0,1
BRDA:68,0,1,1
BRDA:108,1,0,1
BRDA:111,2,0,1
BRDA:111,2,1,1
BRF:5
BRH:5
end_of_record
TN:
SF:src\ui\tableCellMenu.tsx
FN:23,(anonymous_7)
FNF:1
FNH:1
FNDA:2,(anonymous_7)
DA:3,3
DA:5,3
DA:6,3
DA:7,3
DA:9,3
DA:19,2
DA:25,2
DA:26,2
DA:28,2
DA:29,1
DA:32,2
DA:33,1
DA:36,2
DA:50,3
LF:14
LH:14
BRDA:28,0,0,1
BRDA:32,1,0,1
BRF:2
BRH:2
end_of_record
TN:
SF:src\ui\tableGridSizeEditor.tsx
FN:35,(anonymous_7)
FN:71,(anonymous_8)
FN:78,(anonymous_9)
FN:135,(anonymous_10)
FN:139,(anonymous_11)
FN:156,(anonymous_12)
FN:177,(anonymous_13)
FN:191,(anonymous_14)
FNF:8
FNH:8
FNDA:100,(anonymous_7)
FNDA:4,(anonymous_8)
FNDA:5,(anonymous_9)
FNDA:8,(anonymous_10)
FNDA:1,(anonymous_11)
FNDA:2,(anonymous_12)
FNDA:2,(anonymous_13)
FNDA:2,(anonymous_14)
DA:1,12
DA:2,12
DA:3,12
DA:5,12
DA:6,12
DA:13,12
DA:25,12
DA:26,12
DA:29,12
DA:36,100
DA:37,100
DA:43,100
DA:46,100
DA:54,12
DA:55,12
DA:56,12
DA:57,12
DA:58,12
DA:59,12
DA:60,12
DA:66,12
DA:72,4
DA:73,1
DA:75,4
DA:79,5
DA:80,5
DA:81,5
DA:82,5
DA:83,1
DA:85,5
DA:86,1
DA:88,5
DA:89,5
DA:90,5
DA:91,5
DA:92,5
DA:93,5
DA:94,26
DA:95,26
DA:96,26
DA:97,26
DA:98,136
DA:99,136
DA:100,136
DA:108,136
DA:109,136
DA:110,136
DA:112,26
DA:113,26
DA:114,26
DA:116,5
DA:118,5
DA:135,12
DA:136,8
DA:139,12
DA:140,1
DA:141,1
DA:142,1
DA:143,1
DA:144,1
DA:145,1
DA:146,1
DA:147,1
DA:148,1
DA:149,1
DA:150,1
DA:151,1
DA:156,12
DA:157,2
DA:158,2
DA:159,2
DA:161,2
DA:163,1
DA:164,1
DA:167,2
DA:168,2
DA:169,2
DA:170,2
DA:171,2
DA:172,2
DA:173,2
DA:177,12
DA:178,2
DA:179,2
DA:180,2
DA:181,2
DA:182,2
DA:183,2
DA:184,2
DA:185,2
DA:186,2
DA:187,2
DA:191,12
DA:192,2
DA:193,2
DA:197,12
LF:96
LH:96
BRDA:72,0,0,1
BRDA:75,1,0,4
BRDA:75,1,1,0
BRDA:82,2,0,1
BRDA:85,3,0,1
BRDA:99,4,0,136
BRDA:99,4,1,50
BRDA:141,5,0,1
BRDA:149,6,0,1
BRDA:157,7,0,2
BRDA:157,7,1,2
BRDA:158,8,0,2
BRDA:158,8,1,0
BRDA:161,9,0,1
BRDA:161,10,0,2
BRDA:161,10,1,1
BRDA:161,10,2,1
BRDA:169,11,0,2
BRDA:169,12,0,2
BRDA:169,12,1,0
BRDA:172,13,0,2
BRDA:172,13,1,0
BRDA:186,14,0,2
BRDA:186,15,0,2
BRDA:186,15,1,1
BRF:25
BRH:21
end_of_record
TN:
SF:src\ui\uuid.ts
FN:6,uuid
FNF:1
FNH:1
FNDA:39,uuid
DA:3,16
DA:4,16
DA:6,16
DA:7,39
LF:4
LH:4
BRF:0
BRH:0
end_of_record
