<?xml version="1.0" encoding="UTF-8"?>
<testsuites name="jest tests" tests="706" failures="30" errors="0" time="28.336">
  <testsuite name="TextColorMarkSpec" errors="0" failures="1" skipped="0" timestamp="2025-10-02T11:25:14" time="8.67" tests="3">
    <testcase classname="TextColorMarkSpec parseDOM should parse color style correctly" name="TextColorMarkSpec parseDOM should parse color style correctly" time="0.009">
      <failure>TypeError: Cannot destructure property &apos;color&apos; of &apos;((cov_i62rqfh3t(...).s[5]++) , dom.style)&apos; as it is undefined.
    at Object.color [as getAttrs] (E:\ModusOperandi\SME\UnitTests\licit-tip-tap-sync-movia\src\specs\textColorMarkSpec.ts:16:17)
    at Object.&lt;anonymous&gt; (E:\ModusOperandi\SME\UnitTests\licit-tip-tap-sync-movia\src\specs\textColorMarkSpec.test.ts:20:52)
    at Promise.then.completed (E:\ModusOperandi\SME\UnitTests\licit-tip-tap-sync-movia\node_modules\jest-circus\build\utils.js:298:28)
    at new Promise (&lt;anonymous&gt;)
    at callAsyncCircusFn (E:\ModusOperandi\SME\UnitTests\licit-tip-tap-sync-movia\node_modules\jest-circus\build\utils.js:231:10)
    at _callCircusTest (E:\ModusOperandi\SME\UnitTests\licit-tip-tap-sync-movia\node_modules\jest-circus\build\run.js:316:40)
    at processTicksAndRejections (node:internal/process/task_queues:95:5)
    at _runTest (E:\ModusOperandi\SME\UnitTests\licit-tip-tap-sync-movia\node_modules\jest-circus\build\run.js:252:3)
    at _runTestsForDescribeBlock (E:\ModusOperandi\SME\UnitTests\licit-tip-tap-sync-movia\node_modules\jest-circus\build\run.js:126:9)
    at _runTestsForDescribeBlock (E:\ModusOperandi\SME\UnitTests\licit-tip-tap-sync-movia\node_modules\jest-circus\build\run.js:121:9)
    at _runTestsForDescribeBlock (E:\ModusOperandi\SME\UnitTests\licit-tip-tap-sync-movia\node_modules\jest-circus\build\run.js:121:9)
    at run (E:\ModusOperandi\SME\UnitTests\licit-tip-tap-sync-movia\node_modules\jest-circus\build\run.js:71:3)
    at runAndTransformResultsToJestFormat (E:\ModusOperandi\SME\UnitTests\licit-tip-tap-sync-movia\node_modules\jest-circus\build\legacy-code-todo-rewrite\jestAdapterInit.js:122:21)
    at jestAdapter (E:\ModusOperandi\SME\UnitTests\licit-tip-tap-sync-movia\node_modules\jest-circus\build\legacy-code-todo-rewrite\jestAdapter.js:79:19)
    at runTestInternal (E:\ModusOperandi\SME\UnitTests\licit-tip-tap-sync-movia\node_modules\jest-runner\build\runTest.js:367:16)
    at runTest (E:\ModusOperandi\SME\UnitTests\licit-tip-tap-sync-movia\node_modules\jest-runner\build\runTest.js:444:34)
    at Object.worker (E:\ModusOperandi\SME\UnitTests\licit-tip-tap-sync-movia\node_modules\jest-runner\build\testWorker.js:106:12)</failure>
    </testcase>
    <testcase classname="TextColorMarkSpec toDOM should generate a &lt;span&gt; element with the correct color style" name="TextColorMarkSpec toDOM should generate a &lt;span&gt; element with the correct color style" time="0.002">
    </testcase>
    <testcase classname="TextColorMarkSpec toDOM should generate a &lt;span&gt; element with no color style if no color is set" name="TextColorMarkSpec toDOM should generate a &lt;span&gt; element with no color style if no color is set" time="0.001">
    </testcase>
  </testsuite>
  <testsuite name="StrikeMarkSpec" errors="0" failures="4" skipped="0" timestamp="2025-10-02T11:25:14" time="8.682" tests="4">
    <testcase classname="StrikeMarkSpec parseDOM should return null for line-through style" name="StrikeMarkSpec parseDOM should return null for line-through style" time="0.009">
      <failure>TypeError: dom?.getAttribute is not a function
    at Object.getAttribute [as getAttrs] (E:\ModusOperandi\SME\UnitTests\licit-tip-tap-sync-movia\src\specs\strikeMarkSpec.ts:12:34)
    at Object.&lt;anonymous&gt; (E:\ModusOperandi\SME\UnitTests\licit-tip-tap-sync-movia\src\specs\strikeMarkSpec.test.ts:7:49)
    at Promise.then.completed (E:\ModusOperandi\SME\UnitTests\licit-tip-tap-sync-movia\node_modules\jest-circus\build\utils.js:298:28)
    at new Promise (&lt;anonymous&gt;)
    at callAsyncCircusFn (E:\ModusOperandi\SME\UnitTests\licit-tip-tap-sync-movia\node_modules\jest-circus\build\utils.js:231:10)
    at _callCircusTest (E:\ModusOperandi\SME\UnitTests\licit-tip-tap-sync-movia\node_modules\jest-circus\build\run.js:316:40)
    at processTicksAndRejections (node:internal/process/task_queues:95:5)
    at _runTest (E:\ModusOperandi\SME\UnitTests\licit-tip-tap-sync-movia\node_modules\jest-circus\build\run.js:252:3)
    at _runTestsForDescribeBlock (E:\ModusOperandi\SME\UnitTests\licit-tip-tap-sync-movia\node_modules\jest-circus\build\run.js:126:9)
    at _runTestsForDescribeBlock (E:\ModusOperandi\SME\UnitTests\licit-tip-tap-sync-movia\node_modules\jest-circus\build\run.js:121:9)
    at _runTestsForDescribeBlock (E:\ModusOperandi\SME\UnitTests\licit-tip-tap-sync-movia\node_modules\jest-circus\build\run.js:121:9)
    at run (E:\ModusOperandi\SME\UnitTests\licit-tip-tap-sync-movia\node_modules\jest-circus\build\run.js:71:3)
    at runAndTransformResultsToJestFormat (E:\ModusOperandi\SME\UnitTests\licit-tip-tap-sync-movia\node_modules\jest-circus\build\legacy-code-todo-rewrite\jestAdapterInit.js:122:21)
    at jestAdapter (E:\ModusOperandi\SME\UnitTests\licit-tip-tap-sync-movia\node_modules\jest-circus\build\legacy-code-todo-rewrite\jestAdapter.js:79:19)
    at runTestInternal (E:\ModusOperandi\SME\UnitTests\licit-tip-tap-sync-movia\node_modules\jest-runner\build\runTest.js:367:16)
    at runTest (E:\ModusOperandi\SME\UnitTests\licit-tip-tap-sync-movia\node_modules\jest-runner\build\runTest.js:444:34)
    at Object.worker (E:\ModusOperandi\SME\UnitTests\licit-tip-tap-sync-movia\node_modules\jest-runner\build\testWorker.js:106:12)</failure>
    </testcase>
    <testcase classname="StrikeMarkSpec parseDOM should return false for non-line-through styles" name="StrikeMarkSpec parseDOM should return false for non-line-through styles" time="0.001">
      <failure>TypeError: dom?.getAttribute is not a function
    at Object.getAttribute [as getAttrs] (E:\ModusOperandi\SME\UnitTests\licit-tip-tap-sync-movia\src\specs\strikeMarkSpec.ts:12:34)
    at Object.&lt;anonymous&gt; (E:\ModusOperandi\SME\UnitTests\licit-tip-tap-sync-movia\src\specs\strikeMarkSpec.test.ts:12:49)
    at Promise.then.completed (E:\ModusOperandi\SME\UnitTests\licit-tip-tap-sync-movia\node_modules\jest-circus\build\utils.js:298:28)
    at new Promise (&lt;anonymous&gt;)
    at callAsyncCircusFn (E:\ModusOperandi\SME\UnitTests\licit-tip-tap-sync-movia\node_modules\jest-circus\build\utils.js:231:10)
    at _callCircusTest (E:\ModusOperandi\SME\UnitTests\licit-tip-tap-sync-movia\node_modules\jest-circus\build\run.js:316:40)
    at processTicksAndRejections (node:internal/process/task_queues:95:5)
    at _runTest (E:\ModusOperandi\SME\UnitTests\licit-tip-tap-sync-movia\node_modules\jest-circus\build\run.js:252:3)
    at _runTestsForDescribeBlock (E:\ModusOperandi\SME\UnitTests\licit-tip-tap-sync-movia\node_modules\jest-circus\build\run.js:126:9)
    at _runTestsForDescribeBlock (E:\ModusOperandi\SME\UnitTests\licit-tip-tap-sync-movia\node_modules\jest-circus\build\run.js:121:9)
    at _runTestsForDescribeBlock (E:\ModusOperandi\SME\UnitTests\licit-tip-tap-sync-movia\node_modules\jest-circus\build\run.js:121:9)
    at run (E:\ModusOperandi\SME\UnitTests\licit-tip-tap-sync-movia\node_modules\jest-circus\build\run.js:71:3)
    at runAndTransformResultsToJestFormat (E:\ModusOperandi\SME\UnitTests\licit-tip-tap-sync-movia\node_modules\jest-circus\build\legacy-code-todo-rewrite\jestAdapterInit.js:122:21)
    at jestAdapter (E:\ModusOperandi\SME\UnitTests\licit-tip-tap-sync-movia\node_modules\jest-circus\build\legacy-code-todo-rewrite\jestAdapter.js:79:19)
    at runTestInternal (E:\ModusOperandi\SME\UnitTests\licit-tip-tap-sync-movia\node_modules\jest-runner\build\runTest.js:367:16)
    at runTest (E:\ModusOperandi\SME\UnitTests\licit-tip-tap-sync-movia\node_modules\jest-runner\build\runTest.js:444:34)
    at Object.worker (E:\ModusOperandi\SME\UnitTests\licit-tip-tap-sync-movia\node_modules\jest-runner\build\testWorker.js:106:12)</failure>
    </testcase>
    <testcase classname="StrikeMarkSpec parseDOM should return false for missing style" name="StrikeMarkSpec parseDOM should return false for missing style" time="0.008">
      <failure>Error: expect(received).toBe(expected) // Object.is equality

Expected: false
Received: {&quot;overridden&quot;: false}
    at Object.&lt;anonymous&gt; (E:\ModusOperandi\SME\UnitTests\licit-tip-tap-sync-movia\src\specs\strikeMarkSpec.test.ts:18:22)
    at Promise.then.completed (E:\ModusOperandi\SME\UnitTests\licit-tip-tap-sync-movia\node_modules\jest-circus\build\utils.js:298:28)
    at new Promise (&lt;anonymous&gt;)
    at callAsyncCircusFn (E:\ModusOperandi\SME\UnitTests\licit-tip-tap-sync-movia\node_modules\jest-circus\build\utils.js:231:10)
    at _callCircusTest (E:\ModusOperandi\SME\UnitTests\licit-tip-tap-sync-movia\node_modules\jest-circus\build\run.js:316:40)
    at processTicksAndRejections (node:internal/process/task_queues:95:5)
    at _runTest (E:\ModusOperandi\SME\UnitTests\licit-tip-tap-sync-movia\node_modules\jest-circus\build\run.js:252:3)
    at _runTestsForDescribeBlock (E:\ModusOperandi\SME\UnitTests\licit-tip-tap-sync-movia\node_modules\jest-circus\build\run.js:126:9)
    at _runTestsForDescribeBlock (E:\ModusOperandi\SME\UnitTests\licit-tip-tap-sync-movia\node_modules\jest-circus\build\run.js:121:9)
    at _runTestsForDescribeBlock (E:\ModusOperandi\SME\UnitTests\licit-tip-tap-sync-movia\node_modules\jest-circus\build\run.js:121:9)
    at run (E:\ModusOperandi\SME\UnitTests\licit-tip-tap-sync-movia\node_modules\jest-circus\build\run.js:71:3)
    at runAndTransformResultsToJestFormat (E:\ModusOperandi\SME\UnitTests\licit-tip-tap-sync-movia\node_modules\jest-circus\build\legacy-code-todo-rewrite\jestAdapterInit.js:122:21)
    at jestAdapter (E:\ModusOperandi\SME\UnitTests\licit-tip-tap-sync-movia\node_modules\jest-circus\build\legacy-code-todo-rewrite\jestAdapter.js:79:19)
    at runTestInternal (E:\ModusOperandi\SME\UnitTests\licit-tip-tap-sync-movia\node_modules\jest-runner\build\runTest.js:367:16)
    at runTest (E:\ModusOperandi\SME\UnitTests\licit-tip-tap-sync-movia\node_modules\jest-runner\build\runTest.js:444:34)
    at Object.worker (E:\ModusOperandi\SME\UnitTests\licit-tip-tap-sync-movia\node_modules\jest-runner\build\testWorker.js:106:12)</failure>
    </testcase>
    <testcase classname="StrikeMarkSpec toDOM should return the correct DOM structure for the strike-through" name="StrikeMarkSpec toDOM should return the correct DOM structure for the strike-through" time="0.006">
      <failure>Error: expect(received).toEqual(expected) // deep equality

- Expected  - 2
+ Received  + 2

  Array [
-   &quot;span&quot;,
+   &quot;strike&quot;,
    Object {
-     &quot;style&quot;: &quot;text-decoration: line-through&quot;,
+     &quot;overridden&quot;: undefined,
    },
    0,
  ]
    at Object.&lt;anonymous&gt; (E:\ModusOperandi\SME\UnitTests\licit-tip-tap-sync-movia\src\specs\strikeMarkSpec.test.ts:25:22)
    at Promise.then.completed (E:\ModusOperandi\SME\UnitTests\licit-tip-tap-sync-movia\node_modules\jest-circus\build\utils.js:298:28)
    at new Promise (&lt;anonymous&gt;)
    at callAsyncCircusFn (E:\ModusOperandi\SME\UnitTests\licit-tip-tap-sync-movia\node_modules\jest-circus\build\utils.js:231:10)
    at _callCircusTest (E:\ModusOperandi\SME\UnitTests\licit-tip-tap-sync-movia\node_modules\jest-circus\build\run.js:316:40)
    at processTicksAndRejections (node:internal/process/task_queues:95:5)
    at _runTest (E:\ModusOperandi\SME\UnitTests\licit-tip-tap-sync-movia\node_modules\jest-circus\build\run.js:252:3)
    at _runTestsForDescribeBlock (E:\ModusOperandi\SME\UnitTests\licit-tip-tap-sync-movia\node_modules\jest-circus\build\run.js:126:9)
    at _runTestsForDescribeBlock (E:\ModusOperandi\SME\UnitTests\licit-tip-tap-sync-movia\node_modules\jest-circus\build\run.js:121:9)
    at _runTestsForDescribeBlock (E:\ModusOperandi\SME\UnitTests\licit-tip-tap-sync-movia\node_modules\jest-circus\build\run.js:121:9)
    at run (E:\ModusOperandi\SME\UnitTests\licit-tip-tap-sync-movia\node_modules\jest-circus\build\run.js:71:3)
    at runAndTransformResultsToJestFormat (E:\ModusOperandi\SME\UnitTests\licit-tip-tap-sync-movia\node_modules\jest-circus\build\legacy-code-todo-rewrite\jestAdapterInit.js:122:21)
    at jestAdapter (E:\ModusOperandi\SME\UnitTests\licit-tip-tap-sync-movia\node_modules\jest-circus\build\legacy-code-todo-rewrite\jestAdapter.js:79:19)
    at runTestInternal (E:\ModusOperandi\SME\UnitTests\licit-tip-tap-sync-movia\node_modules\jest-runner\build\runTest.js:367:16)
    at runTest (E:\ModusOperandi\SME\UnitTests\licit-tip-tap-sync-movia\node_modules\jest-runner\build\runTest.js:444:34)
    at Object.worker (E:\ModusOperandi\SME\UnitTests\licit-tip-tap-sync-movia\node_modules\jest-runner\build\testWorker.js:106:12)</failure>
    </testcase>
  </testsuite>
  <testsuite name="FontSizeMarkSpec" errors="0" failures="4" skipped="0" timestamp="2025-10-02T11:25:14" time="8.697" tests="5">
    <testcase classname="FontSizeMarkSpec parseDOM should return empty attrs when font-size is not provided" name="FontSizeMarkSpec parseDOM should return empty attrs when font-size is not provided" time="0.01">
      <failure>TypeError: domNode.getAttribute is not a function
    at Object.getAttribute [as getAttrs] (E:\ModusOperandi\SME\UnitTests\licit-tip-tap-sync-movia\src\specs\fontSizeMarkSpec.ts:17:37)
    at Object.&lt;anonymous&gt; (E:\ModusOperandi\SME\UnitTests\licit-tip-tap-sync-movia\src\specs\fontSizeMarkSpec.test.ts:12:43)
    at Promise.then.completed (E:\ModusOperandi\SME\UnitTests\licit-tip-tap-sync-movia\node_modules\jest-circus\build\utils.js:298:28)
    at new Promise (&lt;anonymous&gt;)
    at callAsyncCircusFn (E:\ModusOperandi\SME\UnitTests\licit-tip-tap-sync-movia\node_modules\jest-circus\build\utils.js:231:10)
    at _callCircusTest (E:\ModusOperandi\SME\UnitTests\licit-tip-tap-sync-movia\node_modules\jest-circus\build\run.js:316:40)
    at processTicksAndRejections (node:internal/process/task_queues:95:5)
    at _runTest (E:\ModusOperandi\SME\UnitTests\licit-tip-tap-sync-movia\node_modules\jest-circus\build\run.js:252:3)
    at _runTestsForDescribeBlock (E:\ModusOperandi\SME\UnitTests\licit-tip-tap-sync-movia\node_modules\jest-circus\build\run.js:126:9)
    at _runTestsForDescribeBlock (E:\ModusOperandi\SME\UnitTests\licit-tip-tap-sync-movia\node_modules\jest-circus\build\run.js:121:9)
    at _runTestsForDescribeBlock (E:\ModusOperandi\SME\UnitTests\licit-tip-tap-sync-movia\node_modules\jest-circus\build\run.js:121:9)
    at run (E:\ModusOperandi\SME\UnitTests\licit-tip-tap-sync-movia\node_modules\jest-circus\build\run.js:71:3)
    at runAndTransformResultsToJestFormat (E:\ModusOperandi\SME\UnitTests\licit-tip-tap-sync-movia\node_modules\jest-circus\build\legacy-code-todo-rewrite\jestAdapterInit.js:122:21)
    at jestAdapter (E:\ModusOperandi\SME\UnitTests\licit-tip-tap-sync-movia\node_modules\jest-circus\build\legacy-code-todo-rewrite\jestAdapter.js:79:19)
    at runTestInternal (E:\ModusOperandi\SME\UnitTests\licit-tip-tap-sync-movia\node_modules\jest-runner\build\runTest.js:367:16)
    at runTest (E:\ModusOperandi\SME\UnitTests\licit-tip-tap-sync-movia\node_modules\jest-runner\build\runTest.js:444:34)
    at Object.worker (E:\ModusOperandi\SME\UnitTests\licit-tip-tap-sync-movia\node_modules\jest-runner\build\testWorker.js:106:12)</failure>
    </testcase>
    <testcase classname="FontSizeMarkSpec parseDOM should return correct pt value when valid font-size is provided" name="FontSizeMarkSpec parseDOM should return correct pt value when valid font-size is provided" time="0.001">
      <failure>TypeError: domNode.getAttribute is not a function
    at Object.getAttribute [as getAttrs] (E:\ModusOperandi\SME\UnitTests\licit-tip-tap-sync-movia\src\specs\fontSizeMarkSpec.ts:17:37)
    at Object.&lt;anonymous&gt; (E:\ModusOperandi\SME\UnitTests\licit-tip-tap-sync-movia\src\specs\fontSizeMarkSpec.test.ts:17:43)
    at Promise.then.completed (E:\ModusOperandi\SME\UnitTests\licit-tip-tap-sync-movia\node_modules\jest-circus\build\utils.js:298:28)
    at new Promise (&lt;anonymous&gt;)
    at callAsyncCircusFn (E:\ModusOperandi\SME\UnitTests\licit-tip-tap-sync-movia\node_modules\jest-circus\build\utils.js:231:10)
    at _callCircusTest (E:\ModusOperandi\SME\UnitTests\licit-tip-tap-sync-movia\node_modules\jest-circus\build\run.js:316:40)
    at processTicksAndRejections (node:internal/process/task_queues:95:5)
    at _runTest (E:\ModusOperandi\SME\UnitTests\licit-tip-tap-sync-movia\node_modules\jest-circus\build\run.js:252:3)
    at _runTestsForDescribeBlock (E:\ModusOperandi\SME\UnitTests\licit-tip-tap-sync-movia\node_modules\jest-circus\build\run.js:126:9)
    at _runTestsForDescribeBlock (E:\ModusOperandi\SME\UnitTests\licit-tip-tap-sync-movia\node_modules\jest-circus\build\run.js:121:9)
    at _runTestsForDescribeBlock (E:\ModusOperandi\SME\UnitTests\licit-tip-tap-sync-movia\node_modules\jest-circus\build\run.js:121:9)
    at run (E:\ModusOperandi\SME\UnitTests\licit-tip-tap-sync-movia\node_modules\jest-circus\build\run.js:71:3)
    at runAndTransformResultsToJestFormat (E:\ModusOperandi\SME\UnitTests\licit-tip-tap-sync-movia\node_modules\jest-circus\build\legacy-code-todo-rewrite\jestAdapterInit.js:122:21)
    at jestAdapter (E:\ModusOperandi\SME\UnitTests\licit-tip-tap-sync-movia\node_modules\jest-circus\build\legacy-code-todo-rewrite\jestAdapter.js:79:19)
    at runTestInternal (E:\ModusOperandi\SME\UnitTests\licit-tip-tap-sync-movia\node_modules\jest-runner\build\runTest.js:367:16)
    at runTest (E:\ModusOperandi\SME\UnitTests\licit-tip-tap-sync-movia\node_modules\jest-runner\build\runTest.js:444:34)
    at Object.worker (E:\ModusOperandi\SME\UnitTests\licit-tip-tap-sync-movia\node_modules\jest-runner\build\testWorker.js:106:12)</failure>
    </testcase>
    <testcase classname="FontSizeMarkSpec parseDOM should return empty attrs when toClosestFontPtSize returns null" name="FontSizeMarkSpec parseDOM should return empty attrs when toClosestFontPtSize returns null" time="0.002">
      <failure>TypeError: domNode.getAttribute is not a function
    at Object.getAttribute [as getAttrs] (E:\ModusOperandi\SME\UnitTests\licit-tip-tap-sync-movia\src\specs\fontSizeMarkSpec.ts:17:37)
    at Object.&lt;anonymous&gt; (E:\ModusOperandi\SME\UnitTests\licit-tip-tap-sync-movia\src\specs\fontSizeMarkSpec.test.ts:22:43)
    at Promise.then.completed (E:\ModusOperandi\SME\UnitTests\licit-tip-tap-sync-movia\node_modules\jest-circus\build\utils.js:298:28)
    at new Promise (&lt;anonymous&gt;)
    at callAsyncCircusFn (E:\ModusOperandi\SME\UnitTests\licit-tip-tap-sync-movia\node_modules\jest-circus\build\utils.js:231:10)
    at _callCircusTest (E:\ModusOperandi\SME\UnitTests\licit-tip-tap-sync-movia\node_modules\jest-circus\build\run.js:316:40)
    at processTicksAndRejections (node:internal/process/task_queues:95:5)
    at _runTest (E:\ModusOperandi\SME\UnitTests\licit-tip-tap-sync-movia\node_modules\jest-circus\build\run.js:252:3)
    at _runTestsForDescribeBlock (E:\ModusOperandi\SME\UnitTests\licit-tip-tap-sync-movia\node_modules\jest-circus\build\run.js:126:9)
    at _runTestsForDescribeBlock (E:\ModusOperandi\SME\UnitTests\licit-tip-tap-sync-movia\node_modules\jest-circus\build\run.js:121:9)
    at _runTestsForDescribeBlock (E:\ModusOperandi\SME\UnitTests\licit-tip-tap-sync-movia\node_modules\jest-circus\build\run.js:121:9)
    at run (E:\ModusOperandi\SME\UnitTests\licit-tip-tap-sync-movia\node_modules\jest-circus\build\run.js:71:3)
    at runAndTransformResultsToJestFormat (E:\ModusOperandi\SME\UnitTests\licit-tip-tap-sync-movia\node_modules\jest-circus\build\legacy-code-todo-rewrite\jestAdapterInit.js:122:21)
    at jestAdapter (E:\ModusOperandi\SME\UnitTests\licit-tip-tap-sync-movia\node_modules\jest-circus\build\legacy-code-todo-rewrite\jestAdapter.js:79:19)
    at runTestInternal (E:\ModusOperandi\SME\UnitTests\licit-tip-tap-sync-movia\node_modules\jest-runner\build\runTest.js:367:16)
    at runTest (E:\ModusOperandi\SME\UnitTests\licit-tip-tap-sync-movia\node_modules\jest-runner\build\runTest.js:444:34)
    at Object.worker (E:\ModusOperandi\SME\UnitTests\licit-tip-tap-sync-movia\node_modules\jest-runner\build\testWorker.js:106:12)</failure>
    </testcase>
    <testcase classname="FontSizeMarkSpec toDOM should return correct DOM structure when pt is provided" name="FontSizeMarkSpec toDOM should return correct DOM structure when pt is provided" time="0.003">
    </testcase>
    <testcase classname="FontSizeMarkSpec toDOM should return correct DOM structure when pt is null" name="FontSizeMarkSpec toDOM should return correct DOM structure when pt is null" time="0.007">
      <failure>Error: expect(received).toEqual(expected) // deep equality

- Expected  - 1
+ Received  + 5

  Array [
    &quot;span&quot;,
-   null,
+   Object {
+     &quot;class&quot;: &quot;&quot;,
+     &quot;overridden&quot;: undefined,
+     &quot;style&quot;: &quot;&quot;,
+   },
    0,
  ]
    at Object.&lt;anonymous&gt; (E:\ModusOperandi\SME\UnitTests\licit-tip-tap-sync-movia\src\specs\fontSizeMarkSpec.test.ts:38:50)
    at Promise.then.completed (E:\ModusOperandi\SME\UnitTests\licit-tip-tap-sync-movia\node_modules\jest-circus\build\utils.js:298:28)
    at new Promise (&lt;anonymous&gt;)
    at callAsyncCircusFn (E:\ModusOperandi\SME\UnitTests\licit-tip-tap-sync-movia\node_modules\jest-circus\build\utils.js:231:10)
    at _callCircusTest (E:\ModusOperandi\SME\UnitTests\licit-tip-tap-sync-movia\node_modules\jest-circus\build\run.js:316:40)
    at processTicksAndRejections (node:internal/process/task_queues:95:5)
    at _runTest (E:\ModusOperandi\SME\UnitTests\licit-tip-tap-sync-movia\node_modules\jest-circus\build\run.js:252:3)
    at _runTestsForDescribeBlock (E:\ModusOperandi\SME\UnitTests\licit-tip-tap-sync-movia\node_modules\jest-circus\build\run.js:126:9)
    at _runTestsForDescribeBlock (E:\ModusOperandi\SME\UnitTests\licit-tip-tap-sync-movia\node_modules\jest-circus\build\run.js:121:9)
    at _runTestsForDescribeBlock (E:\ModusOperandi\SME\UnitTests\licit-tip-tap-sync-movia\node_modules\jest-circus\build\run.js:121:9)
    at run (E:\ModusOperandi\SME\UnitTests\licit-tip-tap-sync-movia\node_modules\jest-circus\build\run.js:71:3)
    at runAndTransformResultsToJestFormat (E:\ModusOperandi\SME\UnitTests\licit-tip-tap-sync-movia\node_modules\jest-circus\build\legacy-code-todo-rewrite\jestAdapterInit.js:122:21)
    at jestAdapter (E:\ModusOperandi\SME\UnitTests\licit-tip-tap-sync-movia\node_modules\jest-circus\build\legacy-code-todo-rewrite\jestAdapter.js:79:19)
    at runTestInternal (E:\ModusOperandi\SME\UnitTests\licit-tip-tap-sync-movia\node_modules\jest-runner\build\runTest.js:367:16)
    at runTest (E:\ModusOperandi\SME\UnitTests\licit-tip-tap-sync-movia\node_modules\jest-runner\build\runTest.js:444:34)
    at Object.worker (E:\ModusOperandi\SME\UnitTests\licit-tip-tap-sync-movia\node_modules\jest-runner\build\testWorker.js:106:12)</failure>
    </testcase>
  </testsuite>
  <testsuite name="LinkMarkSpec" errors="0" failures="3" skipped="0" timestamp="2025-10-02T11:25:14" time="8.732" tests="5">
    <testcase classname="LinkMarkSpec Structure and Defaults should have the correct default attributes" name="LinkMarkSpec Structure and Defaults should have the correct default attributes" time="0.039">
      <failure>Error: expect(received).toEqual(expected) // deep equality

- Expected  - 0
+ Received  + 3

@@ -3,10 +3,13 @@
      &quot;default&quot;: null,
    },
    &quot;rel&quot;: Object {
      &quot;default&quot;: &quot;noopener noreferrer nofollow&quot;,
    },
+   &quot;selectionId&quot;: Object {
+     &quot;default&quot;: null,
+   },
    &quot;target&quot;: Object {
      &quot;default&quot;: &quot;blank&quot;,
    },
    &quot;title&quot;: Object {
      &quot;default&quot;: null,
    at Object.&lt;anonymous&gt; (E:\ModusOperandi\SME\UnitTests\licit-tip-tap-sync-movia\src\specs\linkMarkSpec.test.ts:7:34)
    at Promise.then.completed (E:\ModusOperandi\SME\UnitTests\licit-tip-tap-sync-movia\node_modules\jest-circus\build\utils.js:298:28)
    at new Promise (&lt;anonymous&gt;)
    at callAsyncCircusFn (E:\ModusOperandi\SME\UnitTests\licit-tip-tap-sync-movia\node_modules\jest-circus\build\utils.js:231:10)
    at _callCircusTest (E:\ModusOperandi\SME\UnitTests\licit-tip-tap-sync-movia\node_modules\jest-circus\build\run.js:316:40)
    at processTicksAndRejections (node:internal/process/task_queues:95:5)
    at _runTest (E:\ModusOperandi\SME\UnitTests\licit-tip-tap-sync-movia\node_modules\jest-circus\build\run.js:252:3)
    at _runTestsForDescribeBlock (E:\ModusOperandi\SME\UnitTests\licit-tip-tap-sync-movia\node_modules\jest-circus\build\run.js:126:9)
    at _runTestsForDescribeBlock (E:\ModusOperandi\SME\UnitTests\licit-tip-tap-sync-movia\node_modules\jest-circus\build\run.js:121:9)
    at _runTestsForDescribeBlock (E:\ModusOperandi\SME\UnitTests\licit-tip-tap-sync-movia\node_modules\jest-circus\build\run.js:121:9)
    at run (E:\ModusOperandi\SME\UnitTests\licit-tip-tap-sync-movia\node_modules\jest-circus\build\run.js:71:3)
    at runAndTransformResultsToJestFormat (E:\ModusOperandi\SME\UnitTests\licit-tip-tap-sync-movia\node_modules\jest-circus\build\legacy-code-todo-rewrite\jestAdapterInit.js:122:21)
    at jestAdapter (E:\ModusOperandi\SME\UnitTests\licit-tip-tap-sync-movia\node_modules\jest-circus\build\legacy-code-todo-rewrite\jestAdapter.js:79:19)
    at runTestInternal (E:\ModusOperandi\SME\UnitTests\licit-tip-tap-sync-movia\node_modules\jest-runner\build\runTest.js:367:16)
    at runTest (E:\ModusOperandi\SME\UnitTests\licit-tip-tap-sync-movia\node_modules\jest-runner\build\runTest.js:444:34)
    at Object.worker (E:\ModusOperandi\SME\UnitTests\licit-tip-tap-sync-movia\node_modules\jest-runner\build\testWorker.js:106:12)</failure>
    </testcase>
    <testcase classname="LinkMarkSpec Structure and Defaults should be non-inclusive" name="LinkMarkSpec Structure and Defaults should be non-inclusive" time="0.001">
    </testcase>
    <testcase classname="LinkMarkSpec parseDOM should correctly parse attributes from a DOM element" name="LinkMarkSpec parseDOM should correctly parse attributes from a DOM element" time="0.004">
      <failure>Error: expect(received).toEqual(expected) // deep equality

- Expected  - 0
+ Received  + 1

  Object {
    &quot;href&quot;: &quot;https://example.com&quot;,
+   &quot;selectionId&quot;: &quot;&quot;,
    &quot;target&quot;: &quot;blank&quot;,
    &quot;title&quot;: &quot;Example&quot;,
  }
    at Object.&lt;anonymous&gt; (E:\ModusOperandi\SME\UnitTests\licit-tip-tap-sync-movia\src\specs\linkMarkSpec.test.ts:29:21)
    at Promise.then.completed (E:\ModusOperandi\SME\UnitTests\licit-tip-tap-sync-movia\node_modules\jest-circus\build\utils.js:298:28)
    at new Promise (&lt;anonymous&gt;)
    at callAsyncCircusFn (E:\ModusOperandi\SME\UnitTests\licit-tip-tap-sync-movia\node_modules\jest-circus\build\utils.js:231:10)
    at _callCircusTest (E:\ModusOperandi\SME\UnitTests\licit-tip-tap-sync-movia\node_modules\jest-circus\build\run.js:316:40)
    at processTicksAndRejections (node:internal/process/task_queues:95:5)
    at _runTest (E:\ModusOperandi\SME\UnitTests\licit-tip-tap-sync-movia\node_modules\jest-circus\build\run.js:252:3)
    at _runTestsForDescribeBlock (E:\ModusOperandi\SME\UnitTests\licit-tip-tap-sync-movia\node_modules\jest-circus\build\run.js:126:9)
    at _runTestsForDescribeBlock (E:\ModusOperandi\SME\UnitTests\licit-tip-tap-sync-movia\node_modules\jest-circus\build\run.js:121:9)
    at _runTestsForDescribeBlock (E:\ModusOperandi\SME\UnitTests\licit-tip-tap-sync-movia\node_modules\jest-circus\build\run.js:121:9)
    at run (E:\ModusOperandi\SME\UnitTests\licit-tip-tap-sync-movia\node_modules\jest-circus\build\run.js:71:3)
    at runAndTransformResultsToJestFormat (E:\ModusOperandi\SME\UnitTests\licit-tip-tap-sync-movia\node_modules\jest-circus\build\legacy-code-todo-rewrite\jestAdapterInit.js:122:21)
    at jestAdapter (E:\ModusOperandi\SME\UnitTests\licit-tip-tap-sync-movia\node_modules\jest-circus\build\legacy-code-todo-rewrite\jestAdapter.js:79:19)
    at runTestInternal (E:\ModusOperandi\SME\UnitTests\licit-tip-tap-sync-movia\node_modules\jest-runner\build\runTest.js:367:16)
    at runTest (E:\ModusOperandi\SME\UnitTests\licit-tip-tap-sync-movia\node_modules\jest-runner\build\runTest.js:444:34)
    at Object.worker (E:\ModusOperandi\SME\UnitTests\licit-tip-tap-sync-movia\node_modules\jest-runner\build\testWorker.js:106:12)</failure>
    </testcase>
    <testcase classname="LinkMarkSpec parseDOM should handle hash links correctly" name="LinkMarkSpec parseDOM should handle hash links correctly" time="0.002">
      <failure>Error: expect(received).toEqual(expected) // deep equality

- Expected  - 0
+ Received  + 1

  Object {
    &quot;href&quot;: &quot;#section1&quot;,
+   &quot;selectionId&quot;: &quot;&quot;,
    &quot;target&quot;: &quot;&quot;,
    &quot;title&quot;: null,
  }
    at Object.&lt;anonymous&gt; (E:\ModusOperandi\SME\UnitTests\licit-tip-tap-sync-movia\src\specs\linkMarkSpec.test.ts:43:21)
    at Promise.then.completed (E:\ModusOperandi\SME\UnitTests\licit-tip-tap-sync-movia\node_modules\jest-circus\build\utils.js:298:28)
    at new Promise (&lt;anonymous&gt;)
    at callAsyncCircusFn (E:\ModusOperandi\SME\UnitTests\licit-tip-tap-sync-movia\node_modules\jest-circus\build\utils.js:231:10)
    at _callCircusTest (E:\ModusOperandi\SME\UnitTests\licit-tip-tap-sync-movia\node_modules\jest-circus\build\run.js:316:40)
    at processTicksAndRejections (node:internal/process/task_queues:95:5)
    at _runTest (E:\ModusOperandi\SME\UnitTests\licit-tip-tap-sync-movia\node_modules\jest-circus\build\run.js:252:3)
    at _runTestsForDescribeBlock (E:\ModusOperandi\SME\UnitTests\licit-tip-tap-sync-movia\node_modules\jest-circus\build\run.js:126:9)
    at _runTestsForDescribeBlock (E:\ModusOperandi\SME\UnitTests\licit-tip-tap-sync-movia\node_modules\jest-circus\build\run.js:121:9)
    at _runTestsForDescribeBlock (E:\ModusOperandi\SME\UnitTests\licit-tip-tap-sync-movia\node_modules\jest-circus\build\run.js:121:9)
    at run (E:\ModusOperandi\SME\UnitTests\licit-tip-tap-sync-movia\node_modules\jest-circus\build\run.js:71:3)
    at runAndTransformResultsToJestFormat (E:\ModusOperandi\SME\UnitTests\licit-tip-tap-sync-movia\node_modules\jest-circus\build\legacy-code-todo-rewrite\jestAdapterInit.js:122:21)
    at jestAdapter (E:\ModusOperandi\SME\UnitTests\licit-tip-tap-sync-movia\node_modules\jest-circus\build\legacy-code-todo-rewrite\jestAdapter.js:79:19)
    at runTestInternal (E:\ModusOperandi\SME\UnitTests\licit-tip-tap-sync-movia\node_modules\jest-runner\build\runTest.js:367:16)
    at runTest (E:\ModusOperandi\SME\UnitTests\licit-tip-tap-sync-movia\node_modules\jest-runner\build\runTest.js:444:34)
    at Object.worker (E:\ModusOperandi\SME\UnitTests\licit-tip-tap-sync-movia\node_modules\jest-runner\build\testWorker.js:106:12)</failure>
    </testcase>
    <testcase classname="LinkMarkSpec toDOM should return the correct DOM structure" name="LinkMarkSpec toDOM should return the correct DOM structure" time="0.001">
    </testcase>
  </testsuite>
  <testsuite name="FontTypeMarkSpec" errors="0" failures="3" skipped="0" timestamp="2025-10-02T11:25:14" time="8.767" tests="6">
    <testcase classname="FontTypeMarkSpec parseDOM should return empty name attribute when font-family is not provided" name="FontTypeMarkSpec parseDOM should return empty name attribute when font-family is not provided" time="0.028">
      <failure>Error: expect(received).toEqual(expected) // deep equality

- Expected  - 1
+ Received  + 2

  Object {
-   &quot;name&quot;: &quot;&quot;,
+   &quot;name&quot;: &quot;Arial&quot;,
+   &quot;overridden&quot;: false,
  }
    at Object.&lt;anonymous&gt; (E:\ModusOperandi\SME\UnitTests\licit-tip-tap-sync-movia\src\specs\fontTypeMarkSpec.test.ts:7:64)
    at Promise.then.completed (E:\ModusOperandi\SME\UnitTests\licit-tip-tap-sync-movia\node_modules\jest-circus\build\utils.js:298:28)
    at new Promise (&lt;anonymous&gt;)
    at callAsyncCircusFn (E:\ModusOperandi\SME\UnitTests\licit-tip-tap-sync-movia\node_modules\jest-circus\build\utils.js:231:10)
    at _callCircusTest (E:\ModusOperandi\SME\UnitTests\licit-tip-tap-sync-movia\node_modules\jest-circus\build\run.js:316:40)
    at processTicksAndRejections (node:internal/process/task_queues:95:5)
    at _runTest (E:\ModusOperandi\SME\UnitTests\licit-tip-tap-sync-movia\node_modules\jest-circus\build\run.js:252:3)
    at _runTestsForDescribeBlock (E:\ModusOperandi\SME\UnitTests\licit-tip-tap-sync-movia\node_modules\jest-circus\build\run.js:126:9)
    at _runTestsForDescribeBlock (E:\ModusOperandi\SME\UnitTests\licit-tip-tap-sync-movia\node_modules\jest-circus\build\run.js:121:9)
    at _runTestsForDescribeBlock (E:\ModusOperandi\SME\UnitTests\licit-tip-tap-sync-movia\node_modules\jest-circus\build\run.js:121:9)
    at run (E:\ModusOperandi\SME\UnitTests\licit-tip-tap-sync-movia\node_modules\jest-circus\build\run.js:71:3)
    at runAndTransformResultsToJestFormat (E:\ModusOperandi\SME\UnitTests\licit-tip-tap-sync-movia\node_modules\jest-circus\build\legacy-code-todo-rewrite\jestAdapterInit.js:122:21)
    at jestAdapter (E:\ModusOperandi\SME\UnitTests\licit-tip-tap-sync-movia\node_modules\jest-circus\build\legacy-code-todo-rewrite\jestAdapter.js:79:19)
    at runTestInternal (E:\ModusOperandi\SME\UnitTests\licit-tip-tap-sync-movia\node_modules\jest-runner\build\runTest.js:367:16)
    at runTest (E:\ModusOperandi\SME\UnitTests\licit-tip-tap-sync-movia\node_modules\jest-runner\build\runTest.js:444:34)
    at Object.worker (E:\ModusOperandi\SME\UnitTests\licit-tip-tap-sync-movia\node_modules\jest-runner\build\testWorker.js:106:12)</failure>
    </testcase>
    <testcase classname="FontTypeMarkSpec parseDOM should return correct name attribute when valid font-family is provided" name="FontTypeMarkSpec parseDOM should return correct name attribute when valid font-family is provided" time="0.002">
      <failure>Error: expect(received).toEqual(expected) // deep equality

- Expected  - 0
+ Received  + 1

  Object {
    &quot;name&quot;: &quot;Arial&quot;,
+   &quot;overridden&quot;: false,
  }
    at Object.&lt;anonymous&gt; (E:\ModusOperandi\SME\UnitTests\licit-tip-tap-sync-movia\src\specs\fontTypeMarkSpec.test.ts:11:69)
    at Promise.then.completed (E:\ModusOperandi\SME\UnitTests\licit-tip-tap-sync-movia\node_modules\jest-circus\build\utils.js:298:28)
    at new Promise (&lt;anonymous&gt;)
    at callAsyncCircusFn (E:\ModusOperandi\SME\UnitTests\licit-tip-tap-sync-movia\node_modules\jest-circus\build\utils.js:231:10)
    at _callCircusTest (E:\ModusOperandi\SME\UnitTests\licit-tip-tap-sync-movia\node_modules\jest-circus\build\run.js:316:40)
    at processTicksAndRejections (node:internal/process/task_queues:95:5)
    at _runTest (E:\ModusOperandi\SME\UnitTests\licit-tip-tap-sync-movia\node_modules\jest-circus\build\run.js:252:3)
    at _runTestsForDescribeBlock (E:\ModusOperandi\SME\UnitTests\licit-tip-tap-sync-movia\node_modules\jest-circus\build\run.js:126:9)
    at _runTestsForDescribeBlock (E:\ModusOperandi\SME\UnitTests\licit-tip-tap-sync-movia\node_modules\jest-circus\build\run.js:121:9)
    at _runTestsForDescribeBlock (E:\ModusOperandi\SME\UnitTests\licit-tip-tap-sync-movia\node_modules\jest-circus\build\run.js:121:9)
    at run (E:\ModusOperandi\SME\UnitTests\licit-tip-tap-sync-movia\node_modules\jest-circus\build\run.js:71:3)
    at runAndTransformResultsToJestFormat (E:\ModusOperandi\SME\UnitTests\licit-tip-tap-sync-movia\node_modules\jest-circus\build\legacy-code-todo-rewrite\jestAdapterInit.js:122:21)
    at jestAdapter (E:\ModusOperandi\SME\UnitTests\licit-tip-tap-sync-movia\node_modules\jest-circus\build\legacy-code-todo-rewrite\jestAdapter.js:79:19)
    at runTestInternal (E:\ModusOperandi\SME\UnitTests\licit-tip-tap-sync-movia\node_modules\jest-runner\build\runTest.js:367:16)
    at runTest (E:\ModusOperandi\SME\UnitTests\licit-tip-tap-sync-movia\node_modules\jest-runner\build\runTest.js:444:34)
    at Object.worker (E:\ModusOperandi\SME\UnitTests\licit-tip-tap-sync-movia\node_modules\jest-runner\build\testWorker.js:106:12)</failure>
    </testcase>
    <testcase classname="FontTypeMarkSpec parseDOM should remove quotes from font-family names" name="FontTypeMarkSpec parseDOM should remove quotes from font-family names" time="0.009">
      <failure>Error: expect(received).toEqual(expected) // deep equality

- Expected  - 1
+ Received  + 2

  Object {
-   &quot;name&quot;: &quot;Courier New&quot;,
+   &quot;name&quot;: &quot;Arial&quot;,
+   &quot;overridden&quot;: false,
  }
    at Object.&lt;anonymous&gt; (E:\ModusOperandi\SME\UnitTests\licit-tip-tap-sync-movia\src\specs\fontTypeMarkSpec.test.ts:15:77)
    at Promise.then.completed (E:\ModusOperandi\SME\UnitTests\licit-tip-tap-sync-movia\node_modules\jest-circus\build\utils.js:298:28)
    at new Promise (&lt;anonymous&gt;)
    at callAsyncCircusFn (E:\ModusOperandi\SME\UnitTests\licit-tip-tap-sync-movia\node_modules\jest-circus\build\utils.js:231:10)
    at _callCircusTest (E:\ModusOperandi\SME\UnitTests\licit-tip-tap-sync-movia\node_modules\jest-circus\build\run.js:316:40)
    at processTicksAndRejections (node:internal/process/task_queues:95:5)
    at _runTest (E:\ModusOperandi\SME\UnitTests\licit-tip-tap-sync-movia\node_modules\jest-circus\build\run.js:252:3)
    at _runTestsForDescribeBlock (E:\ModusOperandi\SME\UnitTests\licit-tip-tap-sync-movia\node_modules\jest-circus\build\run.js:126:9)
    at _runTestsForDescribeBlock (E:\ModusOperandi\SME\UnitTests\licit-tip-tap-sync-movia\node_modules\jest-circus\build\run.js:121:9)
    at _runTestsForDescribeBlock (E:\ModusOperandi\SME\UnitTests\licit-tip-tap-sync-movia\node_modules\jest-circus\build\run.js:121:9)
    at run (E:\ModusOperandi\SME\UnitTests\licit-tip-tap-sync-movia\node_modules\jest-circus\build\run.js:71:3)
    at runAndTransformResultsToJestFormat (E:\ModusOperandi\SME\UnitTests\licit-tip-tap-sync-movia\node_modules\jest-circus\build\legacy-code-todo-rewrite\jestAdapterInit.js:122:21)
    at jestAdapter (E:\ModusOperandi\SME\UnitTests\licit-tip-tap-sync-movia\node_modules\jest-circus\build\legacy-code-todo-rewrite\jestAdapter.js:79:19)
    at runTestInternal (E:\ModusOperandi\SME\UnitTests\licit-tip-tap-sync-movia\node_modules\jest-runner\build\runTest.js:367:16)
    at runTest (E:\ModusOperandi\SME\UnitTests\licit-tip-tap-sync-movia\node_modules\jest-runner\build\runTest.js:444:34)
    at Object.worker (E:\ModusOperandi\SME\UnitTests\licit-tip-tap-sync-movia\node_modules\jest-runner\build\testWorker.js:106:12)</failure>
    </testcase>
    <testcase classname="FontTypeMarkSpec toDOM should return correct DOM structure when name is provided" name="FontTypeMarkSpec toDOM should return correct DOM structure when name is provided" time="0.001">
    </testcase>
    <testcase classname="FontTypeMarkSpec toDOM should return correct DOM structure when name is empty" name="FontTypeMarkSpec toDOM should return correct DOM structure when name is empty" time="0.001">
    </testcase>
    <testcase classname="FontTypeMarkSpec FONT_TYPE_NAMES should contain predefined font names" name="FontTypeMarkSpec FONT_TYPE_NAMES should contain predefined font names" time="0.001">
    </testcase>
  </testsuite>
  <testsuite name="buildInputRules()" errors="0" failures="4" skipped="0" timestamp="2025-10-02T11:25:14" time="8.762" tests="7">
    <testcase classname="buildInputRules() should convert &quot;1. &quot; into an ordered_list using orderedListRule" name="buildInputRules() should convert &quot;1. &quot; into an ordered_list using orderedListRule" time="0.018">
    </testcase>
    <testcase classname="buildInputRules() ordered list input rule joinPredicate is covered" name="buildInputRules() ordered list input rule joinPredicate is covered" time="0.014">
      <failure>Error: expect(received).toMatchObject(expected)

- Expected  - 10
+ Received  +  5

@@ -8,11 +8,11 @@
          Object {
            &quot;content&quot;: Array [
              Object {
                &quot;content&quot;: Array [
                  Object {
-                   &quot;text&quot;: &quot;first&quot;,
+                   &quot;text&quot;: &quot;3. first&quot;,
                    &quot;type&quot;: &quot;text&quot;,
                  },
                ],
                &quot;type&quot;: &quot;paragraph&quot;,
              },
@@ -31,24 +31,19 @@
                &quot;type&quot;: &quot;paragraph&quot;,
              },
            ],
            &quot;type&quot;: &quot;list_item&quot;,
          },
-         Object {
-           &quot;content&quot;: Array [
+       ],
+       &quot;type&quot;: &quot;ordered_list&quot;,
+     },
      Object {
        &quot;content&quot;: Array [
          Object {
-                   &quot;text&quot;: &quot;&quot;,
+           &quot;text&quot;: &quot;|&quot;,
            &quot;type&quot;: &quot;text&quot;,
          },
        ],
        &quot;type&quot;: &quot;paragraph&quot;,
-             },
-           ],
-           &quot;type&quot;: &quot;list_item&quot;,
-         },
-       ],
-       &quot;type&quot;: &quot;ordered_list&quot;,
      },
    ],
  }
    at Object.&lt;anonymous&gt; (E:\ModusOperandi\SME\UnitTests\licit-tip-tap-sync-movia\src\buildInputRules.test.ts:100:36)
    at Promise.then.completed (E:\ModusOperandi\SME\UnitTests\licit-tip-tap-sync-movia\node_modules\jest-circus\build\utils.js:298:28)
    at new Promise (&lt;anonymous&gt;)
    at callAsyncCircusFn (E:\ModusOperandi\SME\UnitTests\licit-tip-tap-sync-movia\node_modules\jest-circus\build\utils.js:231:10)
    at _callCircusTest (E:\ModusOperandi\SME\UnitTests\licit-tip-tap-sync-movia\node_modules\jest-circus\build\run.js:316:40)
    at processTicksAndRejections (node:internal/process/task_queues:95:5)
    at _runTest (E:\ModusOperandi\SME\UnitTests\licit-tip-tap-sync-movia\node_modules\jest-circus\build\run.js:252:3)
    at _runTestsForDescribeBlock (E:\ModusOperandi\SME\UnitTests\licit-tip-tap-sync-movia\node_modules\jest-circus\build\run.js:126:9)
    at _runTestsForDescribeBlock (E:\ModusOperandi\SME\UnitTests\licit-tip-tap-sync-movia\node_modules\jest-circus\build\run.js:121:9)
    at run (E:\ModusOperandi\SME\UnitTests\licit-tip-tap-sync-movia\node_modules\jest-circus\build\run.js:71:3)
    at runAndTransformResultsToJestFormat (E:\ModusOperandi\SME\UnitTests\licit-tip-tap-sync-movia\node_modules\jest-circus\build\legacy-code-todo-rewrite\jestAdapterInit.js:122:21)
    at jestAdapter (E:\ModusOperandi\SME\UnitTests\licit-tip-tap-sync-movia\node_modules\jest-circus\build\legacy-code-todo-rewrite\jestAdapter.js:79:19)
    at runTestInternal (E:\ModusOperandi\SME\UnitTests\licit-tip-tap-sync-movia\node_modules\jest-runner\build\runTest.js:367:16)
    at runTest (E:\ModusOperandi\SME\UnitTests\licit-tip-tap-sync-movia\node_modules\jest-runner\build\runTest.js:444:34)
    at Object.worker (E:\ModusOperandi\SME\UnitTests\licit-tip-tap-sync-movia\node_modules\jest-runner\build\testWorker.js:106:12)</failure>
    </testcase>
    <testcase classname="buildInputRules() orderedListRule creates input rule for ordered_list" name="buildInputRules() orderedListRule creates input rule for ordered_list" time="0.001">
      <failure>SyntaxError: No node type or group &apos;block&apos; found (in content expression &apos;block+&apos;)
    at TokenStream.err (E:\ModusOperandi\SME\UnitTests\licit-tip-tap-sync-movia\node_modules\prosemirror-model\dist\index.cjs:1441:13)
    at resolveName (E:\ModusOperandi\SME\UnitTests\licit-tip-tap-sync-movia\node_modules\prosemirror-model\dist\index.cjs:1511:34)
    at parseExprAtom (E:\ModusOperandi\SME\UnitTests\licit-tip-tap-sync-movia\node_modules\prosemirror-model\dist\index.cjs:1520:17)
    at parseExprSubscript (E:\ModusOperandi\SME\UnitTests\licit-tip-tap-sync-movia\node_modules\prosemirror-model\dist\index.cjs:1467:14)
    at parseExprSeq (E:\ModusOperandi\SME\UnitTests\licit-tip-tap-sync-movia\node_modules\prosemirror-model\dist\index.cjs:1459:16)
    at parseExpr (E:\ModusOperandi\SME\UnitTests\licit-tip-tap-sync-movia\node_modules\prosemirror-model\dist\index.cjs:1449:16)
    at Function.parse (E:\ModusOperandi\SME\UnitTests\licit-tip-tap-sync-movia\node_modules\prosemirror-model\dist\index.cjs:1407:18)
    at new Schema (E:\ModusOperandi\SME\UnitTests\licit-tip-tap-sync-movia\node_modules\prosemirror-model\dist\index.cjs:1952:106)
    at Object.&lt;anonymous&gt; (E:\ModusOperandi\SME\UnitTests\licit-tip-tap-sync-movia\src\buildInputRules.test.ts:138:20)
    at Promise.then.completed (E:\ModusOperandi\SME\UnitTests\licit-tip-tap-sync-movia\node_modules\jest-circus\build\utils.js:298:28)
    at new Promise (&lt;anonymous&gt;)
    at callAsyncCircusFn (E:\ModusOperandi\SME\UnitTests\licit-tip-tap-sync-movia\node_modules\jest-circus\build\utils.js:231:10)
    at _callCircusTest (E:\ModusOperandi\SME\UnitTests\licit-tip-tap-sync-movia\node_modules\jest-circus\build\run.js:316:40)
    at processTicksAndRejections (node:internal/process/task_queues:95:5)
    at _runTest (E:\ModusOperandi\SME\UnitTests\licit-tip-tap-sync-movia\node_modules\jest-circus\build\run.js:252:3)
    at _runTestsForDescribeBlock (E:\ModusOperandi\SME\UnitTests\licit-tip-tap-sync-movia\node_modules\jest-circus\build\run.js:126:9)
    at _runTestsForDescribeBlock (E:\ModusOperandi\SME\UnitTests\licit-tip-tap-sync-movia\node_modules\jest-circus\build\run.js:121:9)
    at run (E:\ModusOperandi\SME\UnitTests\licit-tip-tap-sync-movia\node_modules\jest-circus\build\run.js:71:3)
    at runAndTransformResultsToJestFormat (E:\ModusOperandi\SME\UnitTests\licit-tip-tap-sync-movia\node_modules\jest-circus\build\legacy-code-todo-rewrite\jestAdapterInit.js:122:21)
    at jestAdapter (E:\ModusOperandi\SME\UnitTests\licit-tip-tap-sync-movia\node_modules\jest-circus\build\legacy-code-todo-rewrite\jestAdapter.js:79:19)
    at runTestInternal (E:\ModusOperandi\SME\UnitTests\licit-tip-tap-sync-movia\node_modules\jest-runner\build\runTest.js:367:16)
    at runTest (E:\ModusOperandi\SME\UnitTests\licit-tip-tap-sync-movia\node_modules\jest-runner\build\runTest.js:444:34)
    at Object.worker (E:\ModusOperandi\SME\UnitTests\licit-tip-tap-sync-movia\node_modules\jest-runner\build\testWorker.js:106:12)</failure>
    </testcase>
    <testcase classname="buildInputRules() buildInputRules includes orderedListRule when schema has ordered_list" name="buildInputRules() buildInputRules includes orderedListRule when schema has ordered_list" time="0.001">
      <failure>SyntaxError: No node type or group &apos;block&apos; found (in content expression &apos;block+&apos;)
    at TokenStream.err (E:\ModusOperandi\SME\UnitTests\licit-tip-tap-sync-movia\node_modules\prosemirror-model\dist\index.cjs:1441:13)
    at resolveName (E:\ModusOperandi\SME\UnitTests\licit-tip-tap-sync-movia\node_modules\prosemirror-model\dist\index.cjs:1511:34)
    at parseExprAtom (E:\ModusOperandi\SME\UnitTests\licit-tip-tap-sync-movia\node_modules\prosemirror-model\dist\index.cjs:1520:17)
    at parseExprSubscript (E:\ModusOperandi\SME\UnitTests\licit-tip-tap-sync-movia\node_modules\prosemirror-model\dist\index.cjs:1467:14)
    at parseExprSeq (E:\ModusOperandi\SME\UnitTests\licit-tip-tap-sync-movia\node_modules\prosemirror-model\dist\index.cjs:1459:16)
    at parseExpr (E:\ModusOperandi\SME\UnitTests\licit-tip-tap-sync-movia\node_modules\prosemirror-model\dist\index.cjs:1449:16)
    at Function.parse (E:\ModusOperandi\SME\UnitTests\licit-tip-tap-sync-movia\node_modules\prosemirror-model\dist\index.cjs:1407:18)
    at new Schema (E:\ModusOperandi\SME\UnitTests\licit-tip-tap-sync-movia\node_modules\prosemirror-model\dist\index.cjs:1952:106)
    at Object.&lt;anonymous&gt; (E:\ModusOperandi\SME\UnitTests\licit-tip-tap-sync-movia\src\buildInputRules.test.ts:154:20)
    at Promise.then.completed (E:\ModusOperandi\SME\UnitTests\licit-tip-tap-sync-movia\node_modules\jest-circus\build\utils.js:298:28)
    at new Promise (&lt;anonymous&gt;)
    at callAsyncCircusFn (E:\ModusOperandi\SME\UnitTests\licit-tip-tap-sync-movia\node_modules\jest-circus\build\utils.js:231:10)
    at _callCircusTest (E:\ModusOperandi\SME\UnitTests\licit-tip-tap-sync-movia\node_modules\jest-circus\build\run.js:316:40)
    at processTicksAndRejections (node:internal/process/task_queues:95:5)
    at _runTest (E:\ModusOperandi\SME\UnitTests\licit-tip-tap-sync-movia\node_modules\jest-circus\build\run.js:252:3)
    at _runTestsForDescribeBlock (E:\ModusOperandi\SME\UnitTests\licit-tip-tap-sync-movia\node_modules\jest-circus\build\run.js:126:9)
    at _runTestsForDescribeBlock (E:\ModusOperandi\SME\UnitTests\licit-tip-tap-sync-movia\node_modules\jest-circus\build\run.js:121:9)
    at run (E:\ModusOperandi\SME\UnitTests\licit-tip-tap-sync-movia\node_modules\jest-circus\build\run.js:71:3)
    at runAndTransformResultsToJestFormat (E:\ModusOperandi\SME\UnitTests\licit-tip-tap-sync-movia\node_modules\jest-circus\build\legacy-code-todo-rewrite\jestAdapterInit.js:122:21)
    at jestAdapter (E:\ModusOperandi\SME\UnitTests\licit-tip-tap-sync-movia\node_modules\jest-circus\build\legacy-code-todo-rewrite\jestAdapter.js:79:19)
    at runTestInternal (E:\ModusOperandi\SME\UnitTests\licit-tip-tap-sync-movia\node_modules\jest-runner\build\runTest.js:367:16)
    at runTest (E:\ModusOperandi\SME\UnitTests\licit-tip-tap-sync-movia\node_modules\jest-runner\build\runTest.js:444:34)
    at Object.worker (E:\ModusOperandi\SME\UnitTests\licit-tip-tap-sync-movia\node_modules\jest-runner\build\testWorker.js:106:12)</failure>
    </testcase>
    <testcase classname="buildInputRules() shouldJoinOrderedList returns true when childCount + order equals the typed number" name="buildInputRules() shouldJoinOrderedList returns true when childCount + order equals the typed number" time="0.001">
    </testcase>
    <testcase classname="buildInputRules() shouldJoinOrderedList returns false when it does not equal" name="buildInputRules() shouldJoinOrderedList returns false when it does not equal" time="0.001">
    </testcase>
    <testcase classname="buildInputRules() continuation numbering creates a continuation item when the typed number matches childCount + start order (exercises predicate)" name="buildInputRules() continuation numbering creates a continuation item when the typed number matches childCount + start order (exercises predicate)" time="0.001">
      <failure>SyntaxError: No node type or group &apos;inline&apos; found (in content expression &apos;inline*&apos;)
    at TokenStream.err (E:\ModusOperandi\SME\UnitTests\licit-tip-tap-sync-movia\node_modules\prosemirror-model\dist\index.cjs:1441:13)
    at resolveName (E:\ModusOperandi\SME\UnitTests\licit-tip-tap-sync-movia\node_modules\prosemirror-model\dist\index.cjs:1511:34)
    at parseExprAtom (E:\ModusOperandi\SME\UnitTests\licit-tip-tap-sync-movia\node_modules\prosemirror-model\dist\index.cjs:1520:17)
    at parseExprSubscript (E:\ModusOperandi\SME\UnitTests\licit-tip-tap-sync-movia\node_modules\prosemirror-model\dist\index.cjs:1467:14)
    at parseExprSeq (E:\ModusOperandi\SME\UnitTests\licit-tip-tap-sync-movia\node_modules\prosemirror-model\dist\index.cjs:1459:16)
    at parseExpr (E:\ModusOperandi\SME\UnitTests\licit-tip-tap-sync-movia\node_modules\prosemirror-model\dist\index.cjs:1449:16)
    at Function.parse (E:\ModusOperandi\SME\UnitTests\licit-tip-tap-sync-movia\node_modules\prosemirror-model\dist\index.cjs:1407:18)
    at new Schema (E:\ModusOperandi\SME\UnitTests\licit-tip-tap-sync-movia\node_modules\prosemirror-model\dist\index.cjs:1952:106)
    at Object.&lt;anonymous&gt; (E:\ModusOperandi\SME\UnitTests\licit-tip-tap-sync-movia\src\buildInputRules.test.ts:200:14)
    at Promise.then.completed (E:\ModusOperandi\SME\UnitTests\licit-tip-tap-sync-movia\node_modules\jest-circus\build\utils.js:298:28)
    at new Promise (&lt;anonymous&gt;)
    at callAsyncCircusFn (E:\ModusOperandi\SME\UnitTests\licit-tip-tap-sync-movia\node_modules\jest-circus\build\utils.js:231:10)
    at _callCircusHook (E:\ModusOperandi\SME\UnitTests\licit-tip-tap-sync-movia\node_modules\jest-circus\build\run.js:281:40)
    at processTicksAndRejections (node:internal/process/task_queues:95:5)
    at _runTest (E:\ModusOperandi\SME\UnitTests\licit-tip-tap-sync-movia\node_modules\jest-circus\build\run.js:246:5)
    at _runTestsForDescribeBlock (E:\ModusOperandi\SME\UnitTests\licit-tip-tap-sync-movia\node_modules\jest-circus\build\run.js:126:9)
    at _runTestsForDescribeBlock (E:\ModusOperandi\SME\UnitTests\licit-tip-tap-sync-movia\node_modules\jest-circus\build\run.js:121:9)
    at run (E:\ModusOperandi\SME\UnitTests\licit-tip-tap-sync-movia\node_modules\jest-circus\build\run.js:71:3)
    at runAndTransformResultsToJestFormat (E:\ModusOperandi\SME\UnitTests\licit-tip-tap-sync-movia\node_modules\jest-circus\build\legacy-code-todo-rewrite\jestAdapterInit.js:122:21)
    at jestAdapter (E:\ModusOperandi\SME\UnitTests\licit-tip-tap-sync-movia\node_modules\jest-circus\build\legacy-code-todo-rewrite\jestAdapter.js:79:19)
    at runTestInternal (E:\ModusOperandi\SME\UnitTests\licit-tip-tap-sync-movia\node_modules\jest-runner\build\runTest.js:367:16)
    at runTest (E:\ModusOperandi\SME\UnitTests\licit-tip-tap-sync-movia\node_modules\jest-runner\build\runTest.js:444:34)
    at Object.worker (E:\ModusOperandi\SME\UnitTests\licit-tip-tap-sync-movia\node_modules\jest-runner\build\testWorker.js:106:12)</failure>
    </testcase>
  </testsuite>
  <testsuite name="EMMarkSpec" errors="0" failures="2" skipped="0" timestamp="2025-10-02T11:25:14" time="8.898" tests="2">
    <testcase classname="EMMarkSpec parseDOM should parse &lt;em&gt; and &lt;i&gt; tags" name="EMMarkSpec parseDOM should parse &lt;em&gt; and &lt;i&gt; tags" time="0.034">
      <failure>Error: expect(received).toBeTruthy()

Received: undefined
    at Object.&lt;anonymous&gt; (E:\ModusOperandi\SME\UnitTests\licit-tip-tap-sync-movia\src\specs\emMarkSpec.test.ts:16:30)
    at Promise.then.completed (E:\ModusOperandi\SME\UnitTests\licit-tip-tap-sync-movia\node_modules\jest-circus\build\utils.js:298:28)
    at new Promise (&lt;anonymous&gt;)
    at callAsyncCircusFn (E:\ModusOperandi\SME\UnitTests\licit-tip-tap-sync-movia\node_modules\jest-circus\build\utils.js:231:10)
    at _callCircusTest (E:\ModusOperandi\SME\UnitTests\licit-tip-tap-sync-movia\node_modules\jest-circus\build\run.js:316:40)
    at processTicksAndRejections (node:internal/process/task_queues:95:5)
    at _runTest (E:\ModusOperandi\SME\UnitTests\licit-tip-tap-sync-movia\node_modules\jest-circus\build\run.js:252:3)
    at _runTestsForDescribeBlock (E:\ModusOperandi\SME\UnitTests\licit-tip-tap-sync-movia\node_modules\jest-circus\build\run.js:126:9)
    at _runTestsForDescribeBlock (E:\ModusOperandi\SME\UnitTests\licit-tip-tap-sync-movia\node_modules\jest-circus\build\run.js:121:9)
    at run (E:\ModusOperandi\SME\UnitTests\licit-tip-tap-sync-movia\node_modules\jest-circus\build\run.js:71:3)
    at runAndTransformResultsToJestFormat (E:\ModusOperandi\SME\UnitTests\licit-tip-tap-sync-movia\node_modules\jest-circus\build\legacy-code-todo-rewrite\jestAdapterInit.js:122:21)
    at jestAdapter (E:\ModusOperandi\SME\UnitTests\licit-tip-tap-sync-movia\node_modules\jest-circus\build\legacy-code-todo-rewrite\jestAdapter.js:79:19)
    at runTestInternal (E:\ModusOperandi\SME\UnitTests\licit-tip-tap-sync-movia\node_modules\jest-runner\build\runTest.js:367:16)
    at runTest (E:\ModusOperandi\SME\UnitTests\licit-tip-tap-sync-movia\node_modules\jest-runner\build\runTest.js:444:34)
    at Object.worker (E:\ModusOperandi\SME\UnitTests\licit-tip-tap-sync-movia\node_modules\jest-runner\build\testWorker.js:106:12)</failure>
    </testcase>
    <testcase classname="EMMarkSpec toDOM should return &lt;em&gt; tag with correct DOM structure" name="EMMarkSpec toDOM should return &lt;em&gt; tag with correct DOM structure" time="0.01">
      <failure>Error: expect(received).toEqual(expected) // deep equality

- Expected  - 0
+ Received  + 3

  Array [
    &quot;em&quot;,
+   Object {
+     &quot;overridden&quot;: undefined,
+   },
    0,
  ]
    at Object.&lt;anonymous&gt; (E:\ModusOperandi\SME\UnitTests\licit-tip-tap-sync-movia\src\specs\emMarkSpec.test.ts:29:23)
    at Promise.then.completed (E:\ModusOperandi\SME\UnitTests\licit-tip-tap-sync-movia\node_modules\jest-circus\build\utils.js:298:28)
    at new Promise (&lt;anonymous&gt;)
    at callAsyncCircusFn (E:\ModusOperandi\SME\UnitTests\licit-tip-tap-sync-movia\node_modules\jest-circus\build\utils.js:231:10)
    at _callCircusTest (E:\ModusOperandi\SME\UnitTests\licit-tip-tap-sync-movia\node_modules\jest-circus\build\run.js:316:40)
    at processTicksAndRejections (node:internal/process/task_queues:95:5)
    at _runTest (E:\ModusOperandi\SME\UnitTests\licit-tip-tap-sync-movia\node_modules\jest-circus\build\run.js:252:3)
    at _runTestsForDescribeBlock (E:\ModusOperandi\SME\UnitTests\licit-tip-tap-sync-movia\node_modules\jest-circus\build\run.js:126:9)
    at _runTestsForDescribeBlock (E:\ModusOperandi\SME\UnitTests\licit-tip-tap-sync-movia\node_modules\jest-circus\build\run.js:121:9)
    at run (E:\ModusOperandi\SME\UnitTests\licit-tip-tap-sync-movia\node_modules\jest-circus\build\run.js:71:3)
    at runAndTransformResultsToJestFormat (E:\ModusOperandi\SME\UnitTests\licit-tip-tap-sync-movia\node_modules\jest-circus\build\legacy-code-todo-rewrite\jestAdapterInit.js:122:21)
    at jestAdapter (E:\ModusOperandi\SME\UnitTests\licit-tip-tap-sync-movia\node_modules\jest-circus\build\legacy-code-todo-rewrite\jestAdapter.js:79:19)
    at runTestInternal (E:\ModusOperandi\SME\UnitTests\licit-tip-tap-sync-movia\node_modules\jest-runner\build\runTest.js:367:16)
    at runTest (E:\ModusOperandi\SME\UnitTests\licit-tip-tap-sync-movia\node_modules\jest-runner\build\runTest.js:444:34)
    at Object.worker (E:\ModusOperandi\SME\UnitTests\licit-tip-tap-sync-movia\node_modules\jest-runner\build\testWorker.js:106:12)</failure>
    </testcase>
  </testsuite>
  <testsuite name="ParagraphNodeSpec" errors="0" failures="3" skipped="0" timestamp="2025-10-02T11:25:14" time="9.006" tests="4">
    <testcase classname="ParagraphNodeSpec should have correct default attributes" name="ParagraphNodeSpec should have correct default attributes" time="0.03">
      <failure>Error: expect(received).toEqual(expected) // deep equality

- Expected  -  0
+ Received  + 24

@@ -9,15 +9,39 @@
      &quot;default&quot;: null,
    },
    &quot;indent&quot;: Object {
      &quot;default&quot;: null,
    },
+   &quot;innerLink&quot;: Object {
+     &quot;default&quot;: null,
+   },
    &quot;lineSpacing&quot;: Object {
+     &quot;default&quot;: null,
+   },
+   &quot;overriddenAlign&quot;: Object {
+     &quot;default&quot;: null,
+   },
+   &quot;overriddenAlignValue&quot;: Object {
+     &quot;default&quot;: null,
+   },
+   &quot;overriddenIndent&quot;: Object {
+     &quot;default&quot;: null,
+   },
+   &quot;overriddenIndentValue&quot;: Object {
+     &quot;default&quot;: null,
+   },
+   &quot;overriddenLineSpacing&quot;: Object {
      &quot;default&quot;: null,
    },
+   &quot;overriddenLineSpacingValue&quot;: Object {
+     &quot;default&quot;: null,
+   },
    &quot;paddingBottom&quot;: Object {
      &quot;default&quot;: null,
    },
    &quot;paddingTop&quot;: Object {
+     &quot;default&quot;: null,
+   },
+   &quot;reset&quot;: Object {
      &quot;default&quot;: null,
    },
  }
    at Object.&lt;anonymous&gt; (E:\ModusOperandi\SME\UnitTests\licit-tip-tap-sync-movia\src\specs\paragraphNodeSpec.test.ts:6:37)
    at Promise.then.completed (E:\ModusOperandi\SME\UnitTests\licit-tip-tap-sync-movia\node_modules\jest-circus\build\utils.js:298:28)
    at new Promise (&lt;anonymous&gt;)
    at callAsyncCircusFn (E:\ModusOperandi\SME\UnitTests\licit-tip-tap-sync-movia\node_modules\jest-circus\build\utils.js:231:10)
    at _callCircusTest (E:\ModusOperandi\SME\UnitTests\licit-tip-tap-sync-movia\node_modules\jest-circus\build\run.js:316:40)
    at processTicksAndRejections (node:internal/process/task_queues:95:5)
    at _runTest (E:\ModusOperandi\SME\UnitTests\licit-tip-tap-sync-movia\node_modules\jest-circus\build\run.js:252:3)
    at _runTestsForDescribeBlock (E:\ModusOperandi\SME\UnitTests\licit-tip-tap-sync-movia\node_modules\jest-circus\build\run.js:126:9)
    at _runTestsForDescribeBlock (E:\ModusOperandi\SME\UnitTests\licit-tip-tap-sync-movia\node_modules\jest-circus\build\run.js:121:9)
    at run (E:\ModusOperandi\SME\UnitTests\licit-tip-tap-sync-movia\node_modules\jest-circus\build\run.js:71:3)
    at runAndTransformResultsToJestFormat (E:\ModusOperandi\SME\UnitTests\licit-tip-tap-sync-movia\node_modules\jest-circus\build\legacy-code-todo-rewrite\jestAdapterInit.js:122:21)
    at jestAdapter (E:\ModusOperandi\SME\UnitTests\licit-tip-tap-sync-movia\node_modules\jest-circus\build\legacy-code-todo-rewrite\jestAdapter.js:79:19)
    at runTestInternal (E:\ModusOperandi\SME\UnitTests\licit-tip-tap-sync-movia\node_modules\jest-runner\build\runTest.js:367:16)
    at runTest (E:\ModusOperandi\SME\UnitTests\licit-tip-tap-sync-movia\node_modules\jest-runner\build\runTest.js:444:34)
    at Object.worker (E:\ModusOperandi\SME\UnitTests\licit-tip-tap-sync-movia\node_modules\jest-runner\build\testWorker.js:106:12)</failure>
    </testcase>
    <testcase classname="ParagraphNodeSpec should parse DOM attributes correctly" name="ParagraphNodeSpec should parse DOM attributes correctly" time="0.009">
      <failure>Error: expect(received).toEqual(expected) // deep equality

- Expected  - 0
+ Received  + 9

  Object {
    &quot;align&quot;: &quot;center&quot;,
    &quot;id&quot;: &quot;test-id&quot;,
    &quot;indent&quot;: 2,
+   &quot;innerLink&quot;: &quot;&quot;,
    &quot;lineSpacing&quot;: &quot;165%&quot;,
+   &quot;objectId&quot;: &quot;&quot;,
+   &quot;overriddenAlign&quot;: &quot;&quot;,
+   &quot;overriddenAlignValue&quot;: &quot;&quot;,
+   &quot;overriddenIndent&quot;: &quot;&quot;,
+   &quot;overriddenIndentValue&quot;: &quot;&quot;,
+   &quot;overriddenLineSpacing&quot;: &quot;&quot;,
+   &quot;overriddenLineSpacingValue&quot;: &quot;&quot;,
    &quot;paddingBottom&quot;: &quot;5px&quot;,
    &quot;paddingTop&quot;: &quot;10px&quot;,
+   &quot;reset&quot;: &quot;&quot;,
  }
    at Object.&lt;anonymous&gt; (E:\ModusOperandi\SME\UnitTests\licit-tip-tap-sync-movia\src\specs\paragraphNodeSpec.test.ts:27:19)
    at Promise.then.completed (E:\ModusOperandi\SME\UnitTests\licit-tip-tap-sync-movia\node_modules\jest-circus\build\utils.js:298:28)
    at new Promise (&lt;anonymous&gt;)
    at callAsyncCircusFn (E:\ModusOperandi\SME\UnitTests\licit-tip-tap-sync-movia\node_modules\jest-circus\build\utils.js:231:10)
    at _callCircusTest (E:\ModusOperandi\SME\UnitTests\licit-tip-tap-sync-movia\node_modules\jest-circus\build\run.js:316:40)
    at processTicksAndRejections (node:internal/process/task_queues:95:5)
    at _runTest (E:\ModusOperandi\SME\UnitTests\licit-tip-tap-sync-movia\node_modules\jest-circus\build\run.js:252:3)
    at _runTestsForDescribeBlock (E:\ModusOperandi\SME\UnitTests\licit-tip-tap-sync-movia\node_modules\jest-circus\build\run.js:126:9)
    at _runTestsForDescribeBlock (E:\ModusOperandi\SME\UnitTests\licit-tip-tap-sync-movia\node_modules\jest-circus\build\run.js:121:9)
    at run (E:\ModusOperandi\SME\UnitTests\licit-tip-tap-sync-movia\node_modules\jest-circus\build\run.js:71:3)
    at runAndTransformResultsToJestFormat (E:\ModusOperandi\SME\UnitTests\licit-tip-tap-sync-movia\node_modules\jest-circus\build\legacy-code-todo-rewrite\jestAdapterInit.js:122:21)
    at jestAdapter (E:\ModusOperandi\SME\UnitTests\licit-tip-tap-sync-movia\node_modules\jest-circus\build\legacy-code-todo-rewrite\jestAdapter.js:79:19)
    at runTestInternal (E:\ModusOperandi\SME\UnitTests\licit-tip-tap-sync-movia\node_modules\jest-runner\build\runTest.js:367:16)
    at runTest (E:\ModusOperandi\SME\UnitTests\licit-tip-tap-sync-movia\node_modules\jest-runner\build\runTest.js:444:34)
    at Object.worker (E:\ModusOperandi\SME\UnitTests\licit-tip-tap-sync-movia\node_modules\jest-runner\build\testWorker.js:106:12)</failure>
    </testcase>
    <testcase classname="ParagraphNodeSpec should convert margin-left to indent value correctly" name="ParagraphNodeSpec should convert margin-left to indent value correctly" time="0.004">
    </testcase>
    <testcase classname="ParagraphNodeSpec should generate correct DOM output" name="ParagraphNodeSpec should generate correct DOM output" time="0.005">
      <failure>Error: expect(received).toEqual(expected) // deep equality

- Expected  -  0
+ Received  + 11

  Array [
    &quot;p&quot;,
    Object {
+     &quot;align&quot;: &quot;justify&quot;,
      &quot;data-indent&quot;: &quot;3&quot;,
      &quot;id&quot;: &quot;para-1&quot;,
+     &quot;indent&quot;: 3,
+     &quot;overriddenAlign&quot;: undefined,
+     &quot;overriddenAlignValue&quot;: undefined,
+     &quot;overriddenIndent&quot;: undefined,
+     &quot;overriddenIndentValue&quot;: undefined,
+     &quot;overriddenLineSpacing&quot;: undefined,
+     &quot;overriddenLineSpacingValue&quot;: undefined,
+     &quot;paddingBottom&quot;: &quot;10px&quot;,
+     &quot;paddingTop&quot;: &quot;15px&quot;,
+     &quot;reset&quot;: undefined,
      &quot;style&quot;: &quot;text-align: justify;padding-top: 15px;padding-bottom: 10px;&quot;,
    },
    0,
  ]
    at Object.&lt;anonymous&gt; (E:\ModusOperandi\SME\UnitTests\licit-tip-tap-sync-movia\src\specs\paragraphNodeSpec.test.ts:55:21)
    at Promise.then.completed (E:\ModusOperandi\SME\UnitTests\licit-tip-tap-sync-movia\node_modules\jest-circus\build\utils.js:298:28)
    at new Promise (&lt;anonymous&gt;)
    at callAsyncCircusFn (E:\ModusOperandi\SME\UnitTests\licit-tip-tap-sync-movia\node_modules\jest-circus\build\utils.js:231:10)
    at _callCircusTest (E:\ModusOperandi\SME\UnitTests\licit-tip-tap-sync-movia\node_modules\jest-circus\build\run.js:316:40)
    at processTicksAndRejections (node:internal/process/task_queues:95:5)
    at _runTest (E:\ModusOperandi\SME\UnitTests\licit-tip-tap-sync-movia\node_modules\jest-circus\build\run.js:252:3)
    at _runTestsForDescribeBlock (E:\ModusOperandi\SME\UnitTests\licit-tip-tap-sync-movia\node_modules\jest-circus\build\run.js:126:9)
    at _runTestsForDescribeBlock (E:\ModusOperandi\SME\UnitTests\licit-tip-tap-sync-movia\node_modules\jest-circus\build\run.js:121:9)
    at run (E:\ModusOperandi\SME\UnitTests\licit-tip-tap-sync-movia\node_modules\jest-circus\build\run.js:71:3)
    at runAndTransformResultsToJestFormat (E:\ModusOperandi\SME\UnitTests\licit-tip-tap-sync-movia\node_modules\jest-circus\build\legacy-code-todo-rewrite\jestAdapterInit.js:122:21)
    at jestAdapter (E:\ModusOperandi\SME\UnitTests\licit-tip-tap-sync-movia\node_modules\jest-circus\build\legacy-code-todo-rewrite\jestAdapter.js:79:19)
    at runTestInternal (E:\ModusOperandi\SME\UnitTests\licit-tip-tap-sync-movia\node_modules\jest-runner\build\runTest.js:367:16)
    at runTest (E:\ModusOperandi\SME\UnitTests\licit-tip-tap-sync-movia\node_modules\jest-runner\build\runTest.js:444:34)
    at Object.worker (E:\ModusOperandi\SME\UnitTests\licit-tip-tap-sync-movia\node_modules\jest-runner\build\testWorker.js:106:12)</failure>
    </testcase>
  </testsuite>
  <testsuite name="findActionableCell" errors="0" failures="0" skipped="7" timestamp="2025-10-02T11:25:23" time="0.75" tests="7">
    <testcase classname="findActionableCell should return null if schema has no table nodes" name="findActionableCell should return null if schema has no table nodes" time="0">
      <skipped/>
    </testcase>
    <testcase classname="findActionableCell should return actionable cell when text selection is inside a table cell" name="findActionableCell should return actionable cell when text selection is inside a table cell" time="0">
      <skipped/>
    </testcase>
    <testcase classname="findActionableCell should return actionable cell when text selection is inside a table header" name="findActionableCell should return actionable cell when text selection is inside a table header" time="0">
      <skipped/>
    </testcase>
    <testcase classname="findActionableCell should return null when text selection is outside a table" name="findActionableCell should return null when text selection is outside a table" time="0">
      <skipped/>
    </testcase>
    <testcase classname="findActionableCell should return actionable cell when selection is a CellSelection" name="findActionableCell should return actionable cell when selection is a CellSelection" time="0">
      <skipped/>
    </testcase>
    <testcase classname="findActionableCell should return null for unsupported selection types" name="findActionableCell should return null for unsupported selection types" time="0">
      <skipped/>
    </testcase>
    <testcase classname="findActionableCell should return null if from !== to" name="findActionableCell should return null if from !== to" time="0">
      <skipped/>
    </testcase>
  </testsuite>
  <testsuite name="LinkTooltipPlugin - No Warning / In-Bounds Selection" errors="0" failures="4" skipped="0" timestamp="2025-10-02T11:25:14" time="9.676" tests="12">
    <testcase classname="LinkTooltipPlugin - No Warning / In-Bounds Selection instantiates plugin &amp; pluginView without warning" name="LinkTooltipPlugin - No Warning / In-Bounds Selection instantiates plugin &amp; pluginView without warning" time="0.039">
    </testcase>
    <testcase classname="LinkTooltipPlugin - No Warning / In-Bounds Selection calls update(), _onCancel, _onClose without warnings" name="LinkTooltipPlugin - No Warning / In-Bounds Selection calls update(), _onCancel, _onClose without warnings" time="0.014">
    </testcase>
    <testcase classname="LinkTooltipPlugin - No Warning / In-Bounds Selection insert link at pos=5, calls _onEditEnd with selection=5..9 =&gt; no warning" name="LinkTooltipPlugin - No Warning / In-Bounds Selection insert link at pos=5, calls _onEditEnd with selection=5..9 =&gt; no warning" time="0.016">
    </testcase>
    <testcase classname="LinkTooltipPlugin - No Warning / In-Bounds Selection calls _onRemove =&gt; no warnings, no crashes" name="LinkTooltipPlugin - No Warning / In-Bounds Selection calls _onRemove =&gt; no warnings, no crashes" time="0.007">
    </testcase>
    <testcase classname="LinkTooltipPlugin - No Warning / In-Bounds Selection calls _onEdit =&gt; simulating user typed new href in LinkURLEditor" name="LinkTooltipPlugin - No Warning / In-Bounds Selection calls _onEdit =&gt; simulating user typed new href in LinkURLEditor" time="0.005">
    </testcase>
    <testcase classname="LinkTooltipPlugin - No Warning / In-Bounds Selection handles view.readOnly mode by calling destroy()" name="LinkTooltipPlugin - No Warning / In-Bounds Selection handles view.readOnly mode by calling destroy()" time="0.005">
    </testcase>
    <testcase classname="LinkTooltipPlugin - No Warning / In-Bounds Selection handles missing markType by returning early" name="LinkTooltipPlugin - No Warning / In-Bounds Selection handles missing markType by returning early" time="0.005">
      <failure>Error: expect(jest.fn()).toHaveBeenCalled()

Expected number of calls: &gt;= 1
Received number of calls:    0
    at Object.&lt;anonymous&gt; (E:\ModusOperandi\SME\UnitTests\licit-tip-tap-sync-movia\src\plugins\LinkTooltipPlugin.test.ts:174:25)
    at Promise.then.completed (E:\ModusOperandi\SME\UnitTests\licit-tip-tap-sync-movia\node_modules\jest-circus\build\utils.js:298:28)
    at new Promise (&lt;anonymous&gt;)
    at callAsyncCircusFn (E:\ModusOperandi\SME\UnitTests\licit-tip-tap-sync-movia\node_modules\jest-circus\build\utils.js:231:10)
    at _callCircusTest (E:\ModusOperandi\SME\UnitTests\licit-tip-tap-sync-movia\node_modules\jest-circus\build\run.js:316:40)
    at processTicksAndRejections (node:internal/process/task_queues:95:5)
    at _runTest (E:\ModusOperandi\SME\UnitTests\licit-tip-tap-sync-movia\node_modules\jest-circus\build\run.js:252:3)
    at _runTestsForDescribeBlock (E:\ModusOperandi\SME\UnitTests\licit-tip-tap-sync-movia\node_modules\jest-circus\build\run.js:126:9)
    at _runTestsForDescribeBlock (E:\ModusOperandi\SME\UnitTests\licit-tip-tap-sync-movia\node_modules\jest-circus\build\run.js:121:9)
    at run (E:\ModusOperandi\SME\UnitTests\licit-tip-tap-sync-movia\node_modules\jest-circus\build\run.js:71:3)
    at runAndTransformResultsToJestFormat (E:\ModusOperandi\SME\UnitTests\licit-tip-tap-sync-movia\node_modules\jest-circus\build\legacy-code-todo-rewrite\jestAdapterInit.js:122:21)
    at jestAdapter (E:\ModusOperandi\SME\UnitTests\licit-tip-tap-sync-movia\node_modules\jest-circus\build\legacy-code-todo-rewrite\jestAdapter.js:79:19)
    at runTestInternal (E:\ModusOperandi\SME\UnitTests\licit-tip-tap-sync-movia\node_modules\jest-runner\build\runTest.js:367:16)
    at runTest (E:\ModusOperandi\SME\UnitTests\licit-tip-tap-sync-movia\node_modules\jest-runner\build\runTest.js:444:34)
    at Object.worker (E:\ModusOperandi\SME\UnitTests\licit-tip-tap-sync-movia\node_modules\jest-runner\build\testWorker.js:106:12)</failure>
    </testcase>
    <testcase classname="LinkTooltipPlugin - No Warning / In-Bounds Selection handles missing domFound by calling destroy()" name="LinkTooltipPlugin - No Warning / In-Bounds Selection handles missing domFound by calling destroy()" time="0.016">
    </testcase>
    <testcase classname="LinkTooltipPlugin - No Warning / In-Bounds Selection handles missing anchorEl by calling destroy()" name="LinkTooltipPlugin - No Warning / In-Bounds Selection handles missing anchorEl by calling destroy()" time="0.014">
    </testcase>
    <testcase classname="LinkTooltipPlugin - No Warning / In-Bounds Selection calls popup.update() if popup exists and anchorEl matches" name="LinkTooltipPlugin - No Warning / In-Bounds Selection calls popup.update() if popup exists and anchorEl matches" time="0.005">
      <failure>Error: Property `lookUpElement` does not exist in the provided object
    at ModuleMocker.spyOn (E:\ModusOperandi\SME\UnitTests\licit-tip-tap-sync-movia\node_modules\jest-mock\build\index.js:731:13)
    at Object.&lt;anonymous&gt; (E:\ModusOperandi\SME\UnitTests\licit-tip-tap-sync-movia\src\plugins\LinkTooltipPlugin.test.ts:196:10)
    at Promise.then.completed (E:\ModusOperandi\SME\UnitTests\licit-tip-tap-sync-movia\node_modules\jest-circus\build\utils.js:298:28)
    at new Promise (&lt;anonymous&gt;)
    at callAsyncCircusFn (E:\ModusOperandi\SME\UnitTests\licit-tip-tap-sync-movia\node_modules\jest-circus\build\utils.js:231:10)
    at _callCircusTest (E:\ModusOperandi\SME\UnitTests\licit-tip-tap-sync-movia\node_modules\jest-circus\build\run.js:316:40)
    at processTicksAndRejections (node:internal/process/task_queues:95:5)
    at _runTest (E:\ModusOperandi\SME\UnitTests\licit-tip-tap-sync-movia\node_modules\jest-circus\build\run.js:252:3)
    at _runTestsForDescribeBlock (E:\ModusOperandi\SME\UnitTests\licit-tip-tap-sync-movia\node_modules\jest-circus\build\run.js:126:9)
    at _runTestsForDescribeBlock (E:\ModusOperandi\SME\UnitTests\licit-tip-tap-sync-movia\node_modules\jest-circus\build\run.js:121:9)
    at run (E:\ModusOperandi\SME\UnitTests\licit-tip-tap-sync-movia\node_modules\jest-circus\build\run.js:71:3)
    at runAndTransformResultsToJestFormat (E:\ModusOperandi\SME\UnitTests\licit-tip-tap-sync-movia\node_modules\jest-circus\build\legacy-code-todo-rewrite\jestAdapterInit.js:122:21)
    at jestAdapter (E:\ModusOperandi\SME\UnitTests\licit-tip-tap-sync-movia\node_modules\jest-circus\build\legacy-code-todo-rewrite\jestAdapter.js:79:19)
    at runTestInternal (E:\ModusOperandi\SME\UnitTests\licit-tip-tap-sync-movia\node_modules\jest-runner\build\runTest.js:367:16)
    at runTest (E:\ModusOperandi\SME\UnitTests\licit-tip-tap-sync-movia\node_modules\jest-runner\build\runTest.js:444:34)
    at Object.worker (E:\ModusOperandi\SME\UnitTests\licit-tip-tap-sync-movia\node_modules\jest-runner\build\testWorker.js:106:12)</failure>
    </testcase>
    <testcase classname="LinkTooltipPlugin - No Warning / In-Bounds Selection prevents duplicate editors by checking if this._editor exists" name="LinkTooltipPlugin - No Warning / In-Bounds Selection prevents duplicate editors by checking if this._editor exists" time="0.005">
      <failure>Error: Property `lookUpElement` does not exist in the provided object
    at ModuleMocker.spyOn (E:\ModusOperandi\SME\UnitTests\licit-tip-tap-sync-movia\node_modules\jest-mock\build\index.js:731:13)
    at Object.&lt;anonymous&gt; (E:\ModusOperandi\SME\UnitTests\licit-tip-tap-sync-movia\src\plugins\LinkTooltipPlugin.test.ts:206:10)
    at Promise.then.completed (E:\ModusOperandi\SME\UnitTests\licit-tip-tap-sync-movia\node_modules\jest-circus\build\utils.js:298:28)
    at new Promise (&lt;anonymous&gt;)
    at callAsyncCircusFn (E:\ModusOperandi\SME\UnitTests\licit-tip-tap-sync-movia\node_modules\jest-circus\build\utils.js:231:10)
    at _callCircusTest (E:\ModusOperandi\SME\UnitTests\licit-tip-tap-sync-movia\node_modules\jest-circus\build\run.js:316:40)
    at processTicksAndRejections (node:internal/process/task_queues:95:5)
    at _runTest (E:\ModusOperandi\SME\UnitTests\licit-tip-tap-sync-movia\node_modules\jest-circus\build\run.js:252:3)
    at _runTestsForDescribeBlock (E:\ModusOperandi\SME\UnitTests\licit-tip-tap-sync-movia\node_modules\jest-circus\build\run.js:126:9)
    at _runTestsForDescribeBlock (E:\ModusOperandi\SME\UnitTests\licit-tip-tap-sync-movia\node_modules\jest-circus\build\run.js:121:9)
    at run (E:\ModusOperandi\SME\UnitTests\licit-tip-tap-sync-movia\node_modules\jest-circus\build\run.js:71:3)
    at runAndTransformResultsToJestFormat (E:\ModusOperandi\SME\UnitTests\licit-tip-tap-sync-movia\node_modules\jest-circus\build\legacy-code-todo-rewrite\jestAdapterInit.js:122:21)
    at jestAdapter (E:\ModusOperandi\SME\UnitTests\licit-tip-tap-sync-movia\node_modules\jest-circus\build\legacy-code-todo-rewrite\jestAdapter.js:79:19)
    at runTestInternal (E:\ModusOperandi\SME\UnitTests\licit-tip-tap-sync-movia\node_modules\jest-runner\build\runTest.js:367:16)
    at runTest (E:\ModusOperandi\SME\UnitTests\licit-tip-tap-sync-movia\node_modules\jest-runner\build\runTest.js:444:34)
    at Object.worker (E:\ModusOperandi\SME\UnitTests\licit-tip-tap-sync-movia\node_modules\jest-runner\build\testWorker.js:106:12)</failure>
    </testcase>
    <testcase classname="LinkTooltipPlugin - No Warning / In-Bounds Selection applies mark and resets selection in _onEditEnd()" name="LinkTooltipPlugin - No Warning / In-Bounds Selection applies mark and resets selection in _onEditEnd()" time="0.005">
      <failure>Error: Property `findNodesWithSameMark` does not exist in the provided object
    at ModuleMocker.spyOn (E:\ModusOperandi\SME\UnitTests\licit-tip-tap-sync-movia\node_modules\jest-mock\build\index.js:731:13)
    at Object.&lt;anonymous&gt; (E:\ModusOperandi\SME\UnitTests\licit-tip-tap-sync-movia\src\plugins\LinkTooltipPlugin.test.ts:216:10)
    at Promise.then.completed (E:\ModusOperandi\SME\UnitTests\licit-tip-tap-sync-movia\node_modules\jest-circus\build\utils.js:298:28)
    at new Promise (&lt;anonymous&gt;)
    at callAsyncCircusFn (E:\ModusOperandi\SME\UnitTests\licit-tip-tap-sync-movia\node_modules\jest-circus\build\utils.js:231:10)
    at _callCircusTest (E:\ModusOperandi\SME\UnitTests\licit-tip-tap-sync-movia\node_modules\jest-circus\build\run.js:316:40)
    at processTicksAndRejections (node:internal/process/task_queues:95:5)
    at _runTest (E:\ModusOperandi\SME\UnitTests\licit-tip-tap-sync-movia\node_modules\jest-circus\build\run.js:252:3)
[...]
    </testcase>
    <testcase classname="Key Codes should have the correct ENTER key code" name="Key Codes should have the correct ENTER key code" time="0.011">
    </testcase>
    <testcase classname="Key Codes should have the correct LEFT_ARROW key code" name="Key Codes should have the correct LEFT_ARROW key code" time="0">
    </testcase>
    <testcase classname="Key Codes should have the correct RIGHT_ARROW key code" name="Key Codes should have the correct RIGHT_ARROW key code" time="0.001">
    </testcase>
    <testcase classname="Key Codes should have the correct TAB key code" name="Key Codes should have the correct TAB key code" time="0">
    </testcase>
    <testcase classname="Key Codes should have the correct UP_ARROW key code" name="Key Codes should have the correct UP_ARROW key code" time="0.001">
    </testcase>
  </testsuite>
  <testsuite name="HistoryRedoCommand" errors="0" failures="0" skipped="0" timestamp="2025-10-02T11:25:33" time="0.893" tests="9">
    <testcase classname="HistoryRedoCommand should be defined" name="HistoryRedoCommand should be defined" time="0.026">
    </testcase>
    <testcase classname="HistoryRedoCommand isEnabled should return false when there are no undone events" name="HistoryRedoCommand isEnabled should return false when there are no undone events" time="0.001">
    </testcase>
    <testcase classname="HistoryRedoCommand isEnabled should return true when there are undone events" name="HistoryRedoCommand isEnabled should return true when there are undone events" time="0.002">
    </testcase>
    <testcase classname="HistoryRedoCommand execute should call redo when editor is available" name="HistoryRedoCommand execute should call redo when editor is available" time="0.002">
    </testcase>
    <testcase classname="HistoryRedoCommand execute should handle null editor gracefully" name="HistoryRedoCommand execute should handle null editor gracefully" time="0.091">
    </testcase>
    <testcase classname="HistoryRedoCommand should handle waitForUserInput" name="HistoryRedoCommand should handle waitForUserInput" time="0.001">
    </testcase>
    <testcase classname="HistoryRedoCommand should handle executeWithUserInput" name="HistoryRedoCommand should handle executeWithUserInput" time="0.007">
    </testcase>
    <testcase classname="HistoryRedoCommand should handle cancel" name="HistoryRedoCommand should handle cancel" time="0.003">
    </testcase>
    <testcase classname="HistoryRedoCommand should handle executeCustom" name="HistoryRedoCommand should handle executeCustom" time="0">
    </testcase>
  </testsuite>
  <testsuite name="CodeMarkSpec" errors="0" failures="0" skipped="0" timestamp="2025-10-02T11:25:33" time="0.648" tests="3">
    <testcase classname="CodeMarkSpec parseDOM should define correct parseDOM rule" name="CodeMarkSpec parseDOM should define correct parseDOM rule" time="0.003">
    </testcase>
    <testcase classname="CodeMarkSpec toDOM should return the correct DOMOutputSpec when given a mock Mark" name="CodeMarkSpec toDOM should return the correct DOMOutputSpec when given a mock Mark" time="0.001">
    </testcase>
    <testcase classname="CodeMarkSpec MarkSpec properties should have the correct structure for a MarkSpec" name="CodeMarkSpec MarkSpec properties should have the correct structure for a MarkSpec" time="0.002">
    </testcase>
  </testsuite>
  <testsuite name="tableDeleteColumnCommand" errors="0" failures="0" skipped="0" timestamp="2025-10-02T11:25:33" time="0.754" tests="8">
    <testcase classname="tableDeleteColumnCommand should always return true for isEnabled" name="tableDeleteColumnCommand should always return true for isEnabled" time="0.005">
    </testcase>
    <testcase classname="tableDeleteColumnCommand should call deleteColumn when execute is called" name="tableDeleteColumnCommand should call deleteColumn when execute is called" time="0.002">
    </testcase>
    <testcase classname="tableDeleteColumnCommand should return the result of deleteColumn when execute is called" name="tableDeleteColumnCommand should return the result of deleteColumn when execute is called" time="0.002">
    </testcase>
    <testcase classname="tableDeleteColumnCommand should call the getEditor method" name="tableDeleteColumnCommand should call the getEditor method" time="0.001">
    </testcase>
    <testcase classname="tableDeleteColumnCommand should handle waitForUserInput" name="tableDeleteColumnCommand should handle waitForUserInput" time="0.002">
    </testcase>
    <testcase classname="tableDeleteColumnCommand should handle executeWithUserInput" name="tableDeleteColumnCommand should handle executeWithUserInput" time="0.001">
    </testcase>
    <testcase classname="tableDeleteColumnCommand should handle cancel" name="tableDeleteColumnCommand should handle cancel" time="0.001">
    </testcase>
    <testcase classname="tableDeleteColumnCommand executeCustom should return the given Transform" name="tableDeleteColumnCommand executeCustom should return the given Transform" time="0.001">
    </testcase>
  </testsuite>
  <testsuite name="TableAddColumnBeforeCommand" errors="0" failures="0" skipped="0" timestamp="2025-10-02T11:25:33" time="0.732" tests="8">
    <testcase classname="TableAddColumnBeforeCommand should always return true for isEnabled" name="TableAddColumnBeforeCommand should always return true for isEnabled" time="0.004">
    </testcase>
    <testcase classname="TableAddColumnBeforeCommand should call addColumnBefore when execute is called" name="TableAddColumnBeforeCommand should call addColumnBefore when execute is called" time="0.002">
    </testcase>
    <testcase classname="TableAddColumnBeforeCommand should return the result of addColumnBefore when execute is called" name="TableAddColumnBeforeCommand should return the result of addColumnBefore when execute is called" time="0.001">
    </testcase>
    <testcase classname="TableAddColumnBeforeCommand should call the getEditor method" name="TableAddColumnBeforeCommand should call the getEditor method" time="0.001">
    </testcase>
    <testcase classname="TableAddColumnBeforeCommand should handle waitForUserInput" name="TableAddColumnBeforeCommand should handle waitForUserInput" time="0.001">
    </testcase>
    <testcase classname="TableAddColumnBeforeCommand should handle executeWithUserInput" name="TableAddColumnBeforeCommand should handle executeWithUserInput" time="0.004">
    </testcase>
    <testcase classname="TableAddColumnBeforeCommand should handle cancel" name="TableAddColumnBeforeCommand should handle cancel" time="0.003">
    </testcase>
    <testcase classname="TableAddColumnBeforeCommand executeCustom should return the given Transform" name="TableAddColumnBeforeCommand executeCustom should return the given Transform" time="0.001">
    </testcase>
  </testsuite>
  <testsuite name="createEditorKeyMap" errors="0" failures="0" skipped="0" timestamp="2025-10-02T11:25:33" time="0.714" tests="1">
    <testcase classname="createEditorKeyMap should return the correct key map with the proper function bound" name="createEditorKeyMap should return the correct key map with the proper function bound" time="0.004">
    </testcase>
  </testsuite>
  <testsuite name="SpacerMarkSpec" errors="0" failures="0" skipped="0" timestamp="2025-10-02T11:25:33" time="0.677" tests="4">
    <testcase classname="SpacerMarkSpec parseDOM should correctly parse the size attribute from a span element" name="SpacerMarkSpec parseDOM should correctly parse the size attribute from a span element" time="0.004">
    </testcase>
    <testcase classname="SpacerMarkSpec parseDOM should use the default size when the data-spacer-size attribute is missing" name="SpacerMarkSpec parseDOM should use the default size when the data-spacer-size attribute is missing" time="0.001">
    </testcase>
    <testcase classname="SpacerMarkSpec toDOM should generate the correct DOM structure for the SpacerMark" name="SpacerMarkSpec toDOM should generate the correct DOM structure for the SpacerMark" time="0.003">
    </testcase>
    <testcase classname="SpacerMarkSpec toDOM should generate the correct DOM structure with a different size" name="SpacerMarkSpec toDOM should generate the correct DOM structure with a different size" time="0.002">
    </testcase>
  </testsuite>
  <testsuite name="Editor Initialization" errors="0" failures="0" skipped="0" timestamp="2025-10-02T11:25:34" time="0.634" tests="1">
    <testcase classname="Editor Initialization should call preLoadFonts during module import" name="Editor Initialization should call preLoadFonts during module import" time="0.007">
    </testcase>
  </testsuite>
  <testsuite name="HorizontalRuleCommand" errors="0" failures="0" skipped="0" timestamp="2025-10-02T11:25:34" time="0.781" tests="8">
    <testcase classname="HorizontalRuleCommand should be defined" name="HorizontalRuleCommand should be defined" time="0.002">
    </testcase>
    <testcase classname="HorizontalRuleCommand should be handle getEditor " name="HorizontalRuleCommand should be handle getEditor " time="0">
    </testcase>
    <testcase classname="HorizontalRuleCommand should be handle isEnabled  " name="HorizontalRuleCommand should be handle isEnabled  " time="0.001">
    </testcase>
    <testcase classname="HorizontalRuleCommand should handle execute " name="HorizontalRuleCommand should handle execute " time="0">
    </testcase>
    <testcase classname="HorizontalRuleCommand should handle waitForUserInput " name="HorizontalRuleCommand should handle waitForUserInput " time="0">
    </testcase>
    <testcase classname="HorizontalRuleCommand should handle executeWithUserInput " name="HorizontalRuleCommand should handle executeWithUserInput " time="0.001">
    </testcase>
    <testcase classname="HorizontalRuleCommand should be handle cancel " name="HorizontalRuleCommand should be handle cancel " time="0.002">
    </testcase>
    <testcase classname="HorizontalRuleCommand should handle executeCustom " name="HorizontalRuleCommand should handle executeCustom " time="0.002">
    </testcase>
  </testsuite>
  <testsuite name="convertToCSSPTValue" errors="0" failures="0" skipped="0" timestamp="2025-10-02T11:25:34" time="0.653" tests="6">
    <testcase classname="convertToCSSPTValue should convert px to pt correctly" name="convertToCSSPTValue should convert px to pt correctly" time="0.002">
    </testcase>
    <testcase classname="convertToCSSPTValue should return the value as is for pt" name="convertToCSSPTValue should return the value as is for pt" time="0">
    </testcase>
    <testcase classname="convertToCSSPTValue should return 0 for invalid unit" name="convertToCSSPTValue should return 0 for invalid unit" time="0">
    </testcase>
    <testcase classname="convertToCSSPTValue should return 0 for non-numeric values" name="convertToCSSPTValue should return 0 for non-numeric values" time="0">
    </testcase>
    <testcase classname="convertToCSSPTValue should return 0 for empty string" name="convertToCSSPTValue should return 0 for empty string" time="0.001">
    </testcase>
    <testcase classname="convertToCSSPTValue should handle decimal px values correctly" name="convertToCSSPTValue should handle decimal px values correctly" time="0.001">
    </testcase>
  </testsuite>
  <testsuite name="HistoryRedoCommand" errors="0" failures="0" skipped="0" timestamp="2025-10-02T11:25:34" time="0.621" tests="10">
    <testcase classname="HistoryRedoCommand should be defined" name="HistoryRedoCommand should be defined" time="0.002">
    </testcase>
    <testcase classname="HistoryRedoCommand should handle isEnabled " name="HistoryRedoCommand should handle isEnabled " time="0.001">
    </testcase>
    <testcase classname="HistoryRedoCommand should handle isEnabled " name="HistoryRedoCommand should handle isEnabled " time="0">
    </testcase>
    <testcase classname="HistoryRedoCommand should call the getEditor method" name="HistoryRedoCommand should call the getEditor method" time="0.001">
    </testcase>
    <testcase classname="HistoryRedoCommand should handle execute  " name="HistoryRedoCommand should handle execute  " time="0">
    </testcase>
    <testcase classname="HistoryRedoCommand should handle execute  " name="HistoryRedoCommand should handle execute  " time="0.001">
    </testcase>
    <testcase classname="HistoryRedoCommand should handle waitForUserInput  " name="HistoryRedoCommand should handle waitForUserInput  " time="0">
    </testcase>
    <testcase classname="HistoryRedoCommand should handle executeWithUserInput  " name="HistoryRedoCommand should handle executeWithUserInput  " time="0">
    </testcase>
    <testcase classname="HistoryRedoCommand should handle cancel  " name="HistoryRedoCommand should handle cancel  " time="0.001">
    </testcase>
    <testcase classname="HistoryRedoCommand should handle executeCustom  " name="HistoryRedoCommand should handle executeCustom  " time="0">
    </testcase>
  </testsuite>
  <testsuite name="tableMoveToPreviousCellCommand" errors="0" failures="0" skipped="0" timestamp="2025-10-02T11:25:34" time="0.663" tests="8">
    <testcase classname="tableMoveToPreviousCellCommand should always return true for isEnabled" name="tableMoveToPreviousCellCommand should always return true for isEnabled" time="0.002">
    </testcase>
    <testcase classname="tableMoveToPreviousCellCommand should call goToPreviousCell when execute is called" name="tableMoveToPreviousCellCommand should call goToPreviousCell when execute is called" time="0.002">
    </testcase>
    <testcase classname="tableMoveToPreviousCellCommand should return the result of goToPreviousCell when execute is called" name="tableMoveToPreviousCellCommand should return the result of goToPreviousCell when execute is called" time="0.002">
    </testcase>
    <testcase classname="tableMoveToPreviousCellCommand should call the getEditor method" name="tableMoveToPreviousCellCommand should call the getEditor method" time="0">
    </testcase>
    <testcase classname="tableMoveToPreviousCellCommand should handle waitForUserInput" name="tableMoveToPreviousCellCommand should handle waitForUserInput" time="0.001">
    </testcase>
    <testcase classname="tableMoveToPreviousCellCommand should handle executeWithUserInput" name="tableMoveToPreviousCellCommand should handle executeWithUserInput" time="0.002">
    </testcase>
    <testcase classname="tableMoveToPreviousCellCommand should handle cancel" name="tableMoveToPreviousCellCommand should handle cancel" time="0.001">
    </testcase>
    <testcase classname="tableMoveToPreviousCellCommand executeCustom should return the given Transform" name="tableMoveToPreviousCellCommand executeCustom should return the given Transform" time="0.001">
    </testcase>
  </testsuite>
  <testsuite name="toClosestFontPtSize" errors="0" failures="0" skipped="0" timestamp="2025-10-02T11:25:34" time="0.591" tests="5">
    <testcase classname="toClosestFontPtSize should return the same value if the input is already in FONT_PT_SIZES" name="toClosestFontPtSize should return the same value if the input is already in FONT_PT_SIZES" time="0.002">
    </testcase>
    <testcase classname="toClosestFontPtSize should return the closest font size if the input is not in FONT_PT_SIZES" name="toClosestFontPtSize should return the closest font size if the input is not in FONT_PT_SIZES" time="0.001">
    </testcase>
    <testcase classname="toClosestFontPtSize should return the closest font size for values below the smallest available size" name="toClosestFontPtSize should return the closest font size for values below the smallest available size" time="0.001">
    </testcase>
    <testcase classname="toClosestFontPtSize should return the closest font size for values above the largest available size" name="toClosestFontPtSize should return the closest font size for values above the largest available size" time="0.001">
    </testcase>
    <testcase classname="toClosestFontPtSize should handle invalid input gracefully" name="toClosestFontPtSize should handle invalid input gracefully" time="0.001">
    </testcase>
  </testsuite>
  <testsuite name="TextNoWrapMarkSpec" errors="0" failures="0" skipped="0" timestamp="2025-10-02T11:25:34" time="0.571" tests="1">
    <testcase classname="TextNoWrapMarkSpec toDOM should generate a &lt;nobr&gt; element" name="TextNoWrapMarkSpec toDOM should generate a &lt;nobr&gt; element" time="0.002">
    </testcase>
  </testsuite>
  <testsuite name="convertToCSSPTValue" errors="0" failures="0" skipped="0" timestamp="2025-10-02T11:25:34" time="0.508" tests="8">
    <testcase classname="convertToCSSPTValue should convert px to pt correctly" name="convertToCSSPTValue should convert px to pt correctly" time="0.002">
    </testcase>
    <testcase classname="convertToCSSPTValue should return 0 for an invalid value (non-matching string)" name="convertToCSSPTValue should return 0 for an invalid value (non-matching string)" time="0.001">
    </testcase>
    <testcase classname="convertToCSSPTValue should convert pt to pt correctly" name="convertToCSSPTValue should convert pt to pt correctly" time="0">
    </testcase>
    <testcase classname="convertToCSSPTValue should return 0 for an empty string" name="convertToCSSPTValue should return 0 for an empty string" time="0">
    </testcase>
    <testcase classname="convertToCSSPTValue should return 0 for an invalid format (e.g., &quot;10p&quot;)" name="convertToCSSPTValue should return 0 for an invalid format (e.g., &quot;10p&quot;)" time="0.001">
    </testcase>
    <testcase classname="convertToCSSPTValue should handle edge case of 0px correctly" name="convertToCSSPTValue should handle edge case of 0px correctly" time="0">
    </testcase>
    <testcase classname="convertToCSSPTValue should handle edge case of 0pt correctly" name="convertToCSSPTValue should handle edge case of 0pt correctly" time="0">
    </testcase>
    <testcase classname="convertToCSSPTValue should return 0 for values without units" name="convertToCSSPTValue should return 0 for values without units" time="0.001">
    </testcase>
  </testsuite>
  <testsuite name="CursorPlaceholderPlugin" errors="0" failures="0" skipped="0" timestamp="2025-10-02T11:25:32" time="8.482" tests="8">
    <testcase classname="CursorPlaceholderPlugin should initialize with an empty DecorationSet" name="CursorPlaceholderPlugin should initialize with an empty DecorationSet" time="0.067">
    </testcase>
    <testcase classname="CursorPlaceholderPlugin should add a cursor placeholder" name="CursorPlaceholderPlugin should add a cursor placeholder" time="0.005">
    </testcase>
    <testcase classname="CursorPlaceholderPlugin should remove a cursor placeholder" name="CursorPlaceholderPlugin should remove a cursor placeholder" time="0.003">
    </testcase>
    <testcase classname="CursorPlaceholderPlugin should not add a placeholder if one already exists" name="CursorPlaceholderPlugin should not add a placeholder if one already exists" time="0.003">
    </testcase>
    <testcase classname="CursorPlaceholderPlugin should handle selection changes correctly" name="CursorPlaceholderPlugin should handle selection changes correctly" time="0.002">
    </testcase>
    <testcase classname="CursorPlaceholderPlugin should return null if singletonInstance is not initialized" name="CursorPlaceholderPlugin should return null if singletonInstance is not initialized" time="0.001">
    </testcase>
    <testcase classname="CursorPlaceholderPlugin should replace selection with placeholder if selection is not empty" name="CursorPlaceholderPlugin should replace selection with placeholder if selection is not empty" time="0.002">
    </testcase>
    <testcase classname="CursorPlaceholderPlugin should return transaction if plugin is not initialized or selection is missing" name="CursorPlaceholderPlugin should return transaction if plugin is not initialized or selection is missing" time="0.001">
    </testcase>
  </testsuite>
</testsuites>